#-----------------------------------------------------------
# Webtalk v2016.2 (64-bit)
# SW Build 1577090 on Thu Jun  2 16:32:40 MDT 2016
# 
# Start of session at: Fri Dec 02 17:02:54 2016
# Process ID: 8160
# Current directory: E:/Lin/vivado_learing/gpsImode_Proj/gpsImode_Proj.sdk/webtalk
# Command line: wbtcv.exe -mode batch -source sdk_webtalk.tcl
# Log file: E:/Lin/vivado_learing/gpsImode_Proj/gpsImode_Proj.sdk/webtalk/webtalk.log
# Journal file: E:/Lin/vivado_learing/gpsImode_Proj/gpsImode_Proj.sdk/webtalk\webtalk.jou
#-----------------------------------------------------------
source sdk_webtalk.tcl
# webtalk_init -webtalk_dir E:\\Lin\\vivado_learing\\gpsImode_Proj\\gpsImode_Proj.sdk\\webtalk
# webtalk_register_client -client project
# webtalk_add_data -client project -key date_generated -value "星期五 十二月 2 17:02:53 2016" -context "software_version_and_target_device"
# webtalk_add_data -client project -key product_version -value "SDK v2016.2" -context "software_version_and_target_device"
# webtalk_add_data -client project -key build_version -value "2016.2" -context "software_version_and_target_device"
# webtalk_add_data -client project -key os_platform -value "amd64" -context "software_version_and_target_device"
# webtalk_add_data -client project -key registration_id -value "" -context "software_version_and_target_device"
# webtalk_add_data -client project -key tool_flow -value "SDK" -context "software_version_and_target_device"
# webtalk_add_data -client project -key beta -value "false" -context "software_version_and_target_device"
# webtalk_add_data -client project -key route_design -value "NA" -context "software_version_and_target_device"
# webtalk_add_data -client project -key target_family -value "NA" -context "software_version_and_target_device"
# webtalk_add_data -client project -key target_device -value "NA" -context "software_version_and_target_device"
# webtalk_add_data -client project -key target_package -value "NA" -context "software_version_and_target_device"
# webtalk_add_data -client project -key target_speed -value "NA" -context "software_version_and_target_device"
# webtalk_add_data -client project -key random_id -value "ioohvteqcr3clo7nv468flr6oi" -context "software_version_and_target_device"
# webtalk_add_data -client project -key project_id -value "2016.2_7" -context "software_version_and_target_device"
# webtalk_add_data -client project -key project_iteration -value "7" -context "software_version_and_target_device"
# webtalk_add_data -client project -key os_name -value "" -context "user_environment"
# webtalk_add_data -client project -key os_release -value "" -context "user_environment"
# webtalk_add_data -client project -key cpu_name -value "" -context "user_environment"
# webtalk_add_data -client project -key cpu_speed -value "" -context "user_environment"
# webtalk_add_data -client project -key total_processors -value "" -context "user_environment"
# webtalk_add_data -client project -key system_ram -value "" -context "user_environment"
# webtalk_register_client -client sdk
# webtalk_add_data -client sdk -key uid -value "1480668153586" -context "sdk\\\\bsp/1480668153586"
# webtalk_add_data -client sdk -key hwid -value "1480661124535" -context "sdk\\\\bsp/1480668153586"
# webtalk_add_data -client sdk -key os -value "standalone" -context "sdk\\\\bsp/1480668153586"
# webtalk_add_data -client sdk -key apptemplate -value "hello_world" -context "sdk\\\\bsp/1480668153586"
# webtalk_add_data -client sdk -key uid -value "1480668155149" -context "sdk\\\\application/1480668155149"
# webtalk_add_data -client sdk -key hwid -value "1480661124535" -context "sdk\\\\application/1480668155149"
# webtalk_add_data -client sdk -key bspid -value "1480668153586" -context "sdk\\\\application/1480668155149"
# webtalk_add_data -client sdk -key newbsp -value "true" -context "sdk\\\\application/1480668155149"
# webtalk_add_data -client sdk -key os -value "standalone" -context "sdk\\\\application/1480668155149"
# webtalk_add_data -client sdk -key apptemplate -value "hello_world" -context "sdk\\\\application/1480668155149"
# webtalk_transmit -clientid 856119839 -regid "" -xml E:\\Lin\\vivado_learing\\gpsImode_Proj\\gpsImode_Proj.sdk\\webtalk\\usage_statistics_ext_sdk.xml -html E:\\Lin\\vivado_learing\\gpsImode_Proj\\gpsImode_Proj.sdk\\webtalk\\usage_statistics_ext_sdk.html -wdm E:\\Lin\\vivado_learing\\gpsImode_Proj\\gpsImode_Proj.sdk\\webtalk\\sdk_webtalk.wdm -intro "<H3>SDK Usage Report</H3><BR>"
# webtalk_terminate
INFO: [Common 17-206] Exiting Webtalk at Fri Dec 02 17:02:59 2016...
