#-----------------------------------------------------------
# Vivado v2016.2 (64-bit)
# SW Build 1577090 on Thu Jun  2 16:32:40 MDT 2016
# IP Build 1577682 on Fri Jun  3 12:00:54 MDT 2016
# Start of session at: Thu Dec 01 18:19:28 2016
# Process ID: 12656
# Current directory: E:/Lin/vivado_learing/gpsImode_Proj
# Command line: vivado.exe -gui_launcher_event rodinguilauncherevent13016 E:\Lin\vivado_learing\gpsImode_Proj\gpsImode_Proj.xpr
# Log file: E:/Lin/vivado_learing/gpsImode_Proj/vivado.log
# Journal file: E:/Lin/vivado_learing/gpsImode_Proj\vivado.jou
#-----------------------------------------------------------
start_gui
open_project E:/Lin/vivado_learing/gpsImode_Proj/gpsImode_Proj.xpr
INFO: [Project 1-313] Project file moved from 'F:/lynn.zheng/vivado_learing/gpsImode_Proj' since last save.
Scanning sources...
Finished scanning sources
INFO: [IP_Flow 19-234] Refreshing IP repositories
INFO: [IP_Flow 19-1700] Loaded user IP repository 'e:/Lin/vivado_learing/ip_repo/newGpsIp_1.0'.
INFO: [IP_Flow 19-1700] Loaded user IP repository 'e:/Lin/vivado_learing/gpsImode_Proj/ip_repo'.
INFO: [IP_Flow 19-2313] Loaded Vivado IP repository 'D:/Xilinx/Vivado/2016.2/data/ip'.
open_project: Time (s): cpu = 00:00:13 ; elapsed = 00:00:07 . Memory (MB): peak = 903.043 ; gain = 206.652
update_compile_order -fileset sources_1
exit
INFO: [Common 17-206] Exiting Vivado at Thu Dec 01 18:22:24 2016...
