#-----------------------------------------------------------
# Vivado v2016.2 (64-bit)
# SW Build 1577090 on Thu Jun  2 16:32:40 MDT 2016
# IP Build 1577682 on Fri Jun  3 12:00:54 MDT 2016
# Start of session at: Thu Dec 22 14:33:47 2016
# Process ID: 13724
# Current directory: C:/Users/Lin/Desktop/sd/gpsImode_Proj
# Command line: vivado.exe -gui_launcher_event rodinguilauncherevent4968 C:\Users\Lin\Desktop\sd\gpsImode_Proj\gpsImode_Proj.xpr
# Log file: C:/Users/Lin/Desktop/sd/gpsImode_Proj/vivado.log
# Journal file: C:/Users/Lin/Desktop/sd/gpsImode_Proj\vivado.jou
#-----------------------------------------------------------
start_gui
open_project C:/Users/Lin/Desktop/sd/gpsImode_Proj/gpsImode_Proj.xpr
INFO: [Project 1-313] Project file moved from 'E:/Lin/vivado_learing/gpsImode_Proj' since last save.
Scanning sources...
Finished scanning sources
WARNING: [filemgmt 56-2] IP Repository Path: Could not find the directory 'C:/Users/Lin/Desktop/sd/ip_repo/newGpsIp_1.0', nor could it be found using path 'E:/Lin/vivado_learing/ip_repo/newGpsIp_1.0'.
INFO: [IP_Flow 19-234] Refreshing IP repositories
WARNING: [IP_Flow 19-2248] Failed to load user IP repository 'c:/Users/Lin/Desktop/sd/ip_repo/newGpsIp_1.0'; Can't find the specified path.
If this directory should no longer be in your list of user repositories, go to the IP Settings dialog and remove it.
INFO: [IP_Flow 19-1700] Loaded user IP repository 'c:/Users/Lin/Desktop/sd/gpsImode_Proj/ip_repo'.
INFO: [IP_Flow 19-2313] Loaded Vivado IP repository 'D:/Xilinx/Vivado/2016.2/data/ip'.
open_project: Time (s): cpu = 00:00:14 ; elapsed = 00:00:08 . Memory (MB): peak = 928.172 ; gain = 231.621
update_compile_order -fileset sources_1
ipx::edit_ip_in_project -upgrade true -name myImode_v1_0_v1_0_project -directory C:/Users/Lin/Desktop/sd/gpsImode_Proj/gpsImode_Proj.tmp/myImode_v1_0_v1_0_project c:/Users/Lin/Desktop/sd/gpsImode_Proj/ip_repo/myImode_1.0/component.xml
INFO: [ProjectBase 1-489] The host OS only allows 260 characters in a normal path. The project is stored in a path with more than 80 characters. If you experience issues with IP, Block Designs, or files not being found, please consider moving the project to a location with a shorter path. Alternately consider using the OS subst command to map part of the path to a drive letter.
Current project path is 'c:/users/lin/desktop/sd/gpsimode_proj/gpsimode_proj.tmp/myimode_v1_0_v1_0_project'
INFO: [IP_Flow 19-234] Refreshing IP repositories
INFO: [IP_Flow 19-1704] No user IP repositories specified
INFO: [IP_Flow 19-2313] Loaded Vivado IP repository 'D:/Xilinx/Vivado/2016.2/data/ip'.
INFO: [IP_Flow 19-234] Refreshing IP repositories
WARNING: [IP_Flow 19-2248] Failed to load user IP repository 'c:/Users/Lin/Desktop/sd/ip_repo/newGpsIp_1.0'; Can't find the specified path.
If this directory should no longer be in your list of user repositories, go to the IP Settings dialog and remove it.
INFO: [IP_Flow 19-1700] Loaded user IP repository 'c:/Users/Lin/Desktop/sd/gpsImode_Proj/ip_repo'.
INFO: [IP_Flow 19-795] Syncing license key meta-data
INFO: [IP_Flow 19-793] Syncing display name meta-data
INFO: [IP_Flow 19-798] Syncing taxonomy meta-data
update_compile_order -fileset sources_1
update_compile_order -fileset sim_1
ipx::merge_project_changes hdl_parameters [ipx::current_core]
update_compile_order -fileset sources_1
ipx::merge_project_changes hdl_parameters [ipx::current_core]
set_property core_revision 19 [ipx::current_core]
ipx::create_xgui_files [ipx::current_core]
ipx::update_checksums [ipx::current_core]
ipx::save_core [ipx::current_core]
close_project -delete
****** Webtalk v2016.2 (64-bit)
  **** SW Build 1577090 on Thu Jun  2 16:32:40 MDT 2016
  **** IP Build 1577682 on Fri Jun  3 12:00:54 MDT 2016
    ** Copyright 1986-2016 Xilinx, Inc. All Rights Reserved.

source c:/users/lin/desktop/sd/gpsimode_proj/gpsimode_proj.tmp/myimode_v1_0_v1_0_project/myImode_v1_0_v1_0_project.hw/webtalk/labtool_webtalk.tcl -notrace
INFO: [Common 17-206] Exiting Webtalk at Thu Dec 22 14:37:08 2016...
update_ip_catalog -rebuild -repo_path c:/Users/Lin/Desktop/sd/gpsImode_Proj/ip_repo
INFO: [IP_Flow 19-725] Reloaded user IP repository 'c:/Users/Lin/Desktop/sd/gpsImode_Proj/ip_repo'
report_ip_status -name ip_status 
export_ip_user_files -of_objects [get_ips  gpsImode_myImode_0_0] -no_script -reset -quiet
upgrade_ip -vlnv xilinx.com:user:myImode:1.0 [get_ips  gpsImode_myImode_0_0] -log ip_upgrade.log
Upgrading 'C:/Users/Lin/Desktop/sd/gpsImode_Proj/gpsImode_Proj.srcs/sources_1/bd/gpsImode/gpsImode.bd'
Adding cell -- xilinx.com:ip:processing_system7:5.5 - processing_system7_0
Adding cell -- xilinx.com:ip:axi_uartlite:2.0 - axi_uartlite_0
Adding cell -- xilinx.com:ip:proc_sys_reset:5.0 - rst_processing_system7_0_100M
Adding cell -- xilinx.com:user:newGpsIp:1.0 - newGpsIp_0
Adding cell -- xilinx.com:user:myImode:1.0 - myImode_0
Adding cell -- xilinx.com:ip:axi_crossbar:2.1 - xbar
Adding cell -- xilinx.com:ip:axi_protocol_converter:2.1 - auto_pc
Successfully read diagram <gpsImode> from BD file <C:/Users/Lin/Desktop/sd/gpsImode_Proj/gpsImode_Proj.srcs/sources_1/bd/gpsImode/gpsImode.bd>
INFO: [IP_Flow 19-3422] Upgraded gpsImode_myImode_0_0 (myImode_v1.0 1.0) from revision 18 to revision 19
WARNING: [IP_Flow 19-4698] Upgrade has added port 'timeData_out'
WARNING: [IP_Flow 19-4698] Upgrade has added port 'timeRdOverFlag_out'
WARNING: [IP_Flow 19-3298] Detected external port differences while upgrading 'IP gpsImode_myImode_0_0'. These changes may impact your design.
CRITICAL WARNING: [Coretcl 2-1279] The upgrade of 'IP gpsImode_myImode_0_0' has identified issues that may require user intervention. Please review the upgrade log 'c:/Users/Lin/Desktop/sd/gpsImode_Proj/ip_upgrade.log', and verify that the upgraded IP is correctly configured.
Wrote  : <C:/Users/Lin/Desktop/sd/gpsImode_Proj/gpsImode_Proj.srcs/sources_1/bd/gpsImode/gpsImode.bd> 
INFO: [Coretcl 2-1525] Wrote upgrade log to 'C:/Users/Lin/Desktop/sd/gpsImode_Proj/ip_upgrade.log'.
create_peripheral xilinx.com user time_data_mapper 1.0 -dir C:/Users/Lin/Desktop/sd/gpsImode_Proj/ip_repo
add_peripheral_interface TIME_DATA_AXI -interface_mode slave -axi_type lite [ipx::find_open_core xilinx.com:user:time_data_mapper:1.0]
set_property VALUE 256 [ipx::get_bus_parameters WIZ_NUM_REG -of_objects [ipx::get_bus_interfaces TIME_DATA_AXI -of_objects [ipx::find_open_core xilinx.com:user:time_data_mapper:1.0]]]
generate_peripheral -driver -bfm_example_design -debug_hw_example_design [ipx::find_open_core xilinx.com:user:time_data_mapper:1.0]
write_peripheral [ipx::find_open_core xilinx.com:user:time_data_mapper:1.0]
set_property  ip_repo_paths  {C:/Users/Lin/Desktop/sd/gpsImode_Proj/ip_repo/time_data_mapper_1.0 C:/Users/Lin/Desktop/sd/ip_repo/newGpsIp_1.0 C:/Users/Lin/Desktop/sd/gpsImode_Proj/ip_repo} [current_project]
update_ip_catalog -rebuild
INFO: [IP_Flow 19-234] Refreshing IP repositories
WARNING: [IP_Flow 19-3685] Ignored loading user repository 'c:/Users/Lin/Desktop/sd/gpsImode_Proj/ip_repo/time_data_mapper_1.0'. The path is contained within another repository.
WARNING: [IP_Flow 19-2248] Failed to load user IP repository 'c:/Users/Lin/Desktop/sd/ip_repo/newGpsIp_1.0'; Can't find the specified path.
If this directory should no longer be in your list of user repositories, go to the IP Settings dialog and remove it.
INFO: [IP_Flow 19-1700] Loaded user IP repository 'c:/Users/Lin/Desktop/sd/gpsImode_Proj/ip_repo'.
ipx::edit_ip_in_project -upgrade true -name edit_time_data_mapper_v1_0 -directory C:/Users/Lin/Desktop/sd/gpsImode_Proj/ip_repo c:/Users/Lin/Desktop/sd/gpsImode_Proj/ip_repo/time_data_mapper_1.0/component.xml
INFO: [IP_Flow 19-234] Refreshing IP repositories
INFO: [IP_Flow 19-1704] No user IP repositories specified
INFO: [IP_Flow 19-2313] Loaded Vivado IP repository 'D:/Xilinx/Vivado/2016.2/data/ip'.
INFO: [IP_Flow 19-234] Refreshing IP repositories
WARNING: [IP_Flow 19-3685] Ignored loading user repository 'c:/Users/Lin/Desktop/sd/gpsImode_Proj/ip_repo/time_data_mapper_1.0'. The path is contained within another repository.
WARNING: [IP_Flow 19-2248] Failed to load user IP repository 'c:/Users/Lin/Desktop/sd/ip_repo/newGpsIp_1.0'; Can't find the specified path.
If this directory should no longer be in your list of user repositories, go to the IP Settings dialog and remove it.
INFO: [IP_Flow 19-1700] Loaded user IP repository 'c:/Users/Lin/Desktop/sd/gpsImode_Proj/ip_repo'.
INFO: [IP_Flow 19-795] Syncing license key meta-data
INFO: [IP_Flow 19-793] Syncing display name meta-data
INFO: [IP_Flow 19-798] Syncing taxonomy meta-data
update_compile_order -fileset sources_1
update_compile_order -fileset sim_1
ipx::add_file hdl/TimeDataHandle.v [ipx::get_file_groups xilinx_verilogsynthesis -of_objects [ipx::current_core]]
set_property type verilogSource [ipx::get_files hdl/TimeDataHandle.v -of_objects [ipx::get_file_groups xilinx_verilogsynthesis -of_objects [ipx::current_core]]]
set_property library_name xil_defaultlib [ipx::get_files hdl/TimeDataHandle.v -of_objects [ipx::get_file_groups xilinx_verilogsynthesis -of_objects [ipx::current_core]]]
ipx::merge_project_changes hdl_parameters [ipx::current_core]
set_property core_revision 2 [ipx::current_core]
ipx::create_xgui_files [ipx::current_core]
ipx::update_checksums [ipx::current_core]
ipx::save_core [ipx::current_core]
close_project -delete
****** Webtalk v2016.2 (64-bit)
  **** SW Build 1577090 on Thu Jun  2 16:32:40 MDT 2016
  **** IP Build 1577682 on Fri Jun  3 12:00:54 MDT 2016
    ** Copyright 1986-2016 Xilinx, Inc. All Rights Reserved.

source c:/users/lin/desktop/sd/gpsimode_proj/ip_repo/edit_time_data_mapper_v1_0.hw/webtalk/labtool_webtalk.tcl -notrace
INFO: [Common 17-206] Exiting Webtalk at Thu Dec 22 15:26:52 2016...
update_ip_catalog -rebuild -repo_path c:/Users/Lin/Desktop/sd/gpsImode_Proj/ip_repo/time_data_mapper_1.0
CRITICAL WARNING: [IP_Flow 19-1681] Failed to reload user IP repository 'c:/Users/Lin/Desktop/sd/gpsImode_Proj/ip_repo/time_data_mapper_1.0'. ''c:/Users/Lin/Desktop/sd/gpsImode_Proj/ip_repo/time_data_mapper_1.0' is not valid: Path is contained within another repository.'
0
ipx::edit_ip_in_project -upgrade true -name time_data_mapper_v1_0_v1_0_project -directory C:/Users/Lin/Desktop/sd/gpsImode_Proj/gpsImode_Proj.tmp/time_data_mapper_v1_0_v1_0_project c:/Users/Lin/Desktop/sd/gpsImode_Proj/ip_repo/time_data_mapper_1.0/component.xml
INFO: [ProjectBase 1-489] The host OS only allows 260 characters in a normal path. The project is stored in a path with more than 80 characters. If you experience issues with IP, Block Designs, or files not being found, please consider moving the project to a location with a shorter path. Alternately consider using the OS subst command to map part of the path to a drive letter.
Current project path is 'c:/users/lin/desktop/sd/gpsimode_proj/gpsimode_proj.tmp/time_data_mapper_v1_0_v1_0_project'
INFO: [IP_Flow 19-234] Refreshing IP repositories
INFO: [IP_Flow 19-1704] No user IP repositories specified
INFO: [IP_Flow 19-2313] Loaded Vivado IP repository 'D:/Xilinx/Vivado/2016.2/data/ip'.
INFO: [IP_Flow 19-234] Refreshing IP repositories
WARNING: [IP_Flow 19-3685] Ignored loading user repository 'c:/Users/Lin/Desktop/sd/gpsImode_Proj/ip_repo/time_data_mapper_1.0'. The path is contained within another repository.
WARNING: [IP_Flow 19-2248] Failed to load user IP repository 'c:/Users/Lin/Desktop/sd/ip_repo/newGpsIp_1.0'; Can't find the specified path.
If this directory should no longer be in your list of user repositories, go to the IP Settings dialog and remove it.
INFO: [IP_Flow 19-1700] Loaded user IP repository 'c:/Users/Lin/Desktop/sd/gpsImode_Proj/ip_repo'.
INFO: [IP_Flow 19-795] Syncing license key meta-data
INFO: [IP_Flow 19-793] Syncing display name meta-data
INFO: [IP_Flow 19-798] Syncing taxonomy meta-data
update_compile_order -fileset sources_1
update_compile_order -fileset sim_1
set_property core_revision 3 [ipx::current_core]
ipx::create_xgui_files [ipx::current_core]
ipx::update_checksums [ipx::current_core]
ipx::save_core [ipx::current_core]
close_project -delete
****** Webtalk v2016.2 (64-bit)
  **** SW Build 1577090 on Thu Jun  2 16:32:40 MDT 2016
  **** IP Build 1577682 on Fri Jun  3 12:00:54 MDT 2016
    ** Copyright 1986-2016 Xilinx, Inc. All Rights Reserved.

source c:/users/lin/desktop/sd/gpsimode_proj/gpsimode_proj.tmp/time_data_mapper_v1_0_v1_0_project/time_data_mapper_v1_0_v1_0_project.hw/webtalk/labtool_webtalk.tcl -notrace
INFO: [Common 17-206] Exiting Webtalk at Thu Dec 22 15:27:44 2016...
update_ip_catalog -rebuild -repo_path c:/Users/Lin/Desktop/sd/gpsImode_Proj/ip_repo/time_data_mapper_1.0
CRITICAL WARNING: [IP_Flow 19-1681] Failed to reload user IP repository 'c:/Users/Lin/Desktop/sd/gpsImode_Proj/ip_repo/time_data_mapper_1.0'. ''c:/Users/Lin/Desktop/sd/gpsImode_Proj/ip_repo/time_data_mapper_1.0' is not valid: Path is contained within another repository.'
0
open_bd_design {C:/Users/Lin/Desktop/sd/gpsImode_Proj/gpsImode_Proj.srcs/sources_1/bd/gpsImode/gpsImode.bd}
delete_bd_objs [get_bd_intf_nets processing_system7_0_axi_periph_M01_AXI] [get_bd_nets myImode_0_StopDis2] [get_bd_nets myImode_0_addr] [get_bd_nets myImode_0_Tstop1] [get_bd_nets myImode_0_Tstop5] [get_bd_nets StopTrigger3_1] [get_bd_nets StopTrigger1_1] [get_bd_nets myImode_0_Tstop4] [get_bd_nets myImode_0_Tstop8] [get_bd_nets StopTrigger5_1] [get_bd_nets StopTrigger7_1] [get_bd_nets myImode_0_StopDis1] [get_bd_nets myImode_0_wrn] [get_bd_nets myImode_0_csn] [get_bd_nets myImode_0_Tstart] [get_bd_nets IrFlag_1] [get_bd_nets EF2_1] [get_bd_nets myImode_0_StartDis] [get_bd_nets myImode_0_AluTrigger] [get_bd_nets myImode_0_Tstop3] [get_bd_nets myImode_0_Tstop7] [get_bd_nets myImode_0_rdn] [get_bd_nets StopTrigger2_1] [get_bd_nets StartTrigger_1] [get_bd_nets myImode_0_Tstop6] [get_bd_nets myImode_0_oen] [get_bd_nets myImode_0_Tstop2] [get_bd_nets StopTrigger4_1] [get_bd_nets StopTrigger6_1] [get_bd_nets StopTrigger8_1] [get_bd_nets EF1_1] [get_bd_nets ErrFlag_1] [get_bd_nets myImode_0_StopDis3] [get_bd_nets myImode_0_set_zero] [get_bd_nets myImode_0_StopDis4] [get_bd_nets Net] [get_bd_cells myImode_0]
delete_bd_objs [get_bd_ports ErrFlag]
delete_bd_objs [get_bd_ports EF2]
undo
INFO: [Common 17-17] undo 'delete_bd_objs [get_bd_ports EF2]'
undo
INFO: [Common 17-17] undo 'delete_bd_objs [get_bd_ports ErrFlag]'
undo
INFO: [Common 17-17] undo 'delete_bd_objs [get_bd_intf_nets processing_system7_0_axi_periph_M01_AXI] [get_bd_nets myImode_0_StopDis2] [get_bd_nets myImode_0_addr] [get_bd_nets myImode_0_Tstop1] [get_bd_nets myImode_0_Tstop5] [get_bd_nets StopTrigger3_1] [get_bd_nets StopTrigger1_1] [get_bd_nets myImode_0_Tstop4] [get_bd_nets myImode_0_Tstop8] [get_bd_nets StopTrigger5_1] [get_bd_nets StopTrigger7_1] [get_bd_nets myImode_0_StopDis1] [get_bd_nets myImode_0_wrn] [get_bd_nets myImode_0_csn] [get_bd_nets myImode_0_Tstart] [get_bd_nets IrFlag_1] [get_bd_nets EF2_1] [get_bd_nets myImode_0_StartDis] [get_bd_nets myImode_0_AluTrigger] [get_bd_nets myImode_0_Tstop3] [get_bd_nets myImode_0_Tstop7] [get_bd_nets myImode_0_rdn] [get_bd_nets StopTrigger2_1] [get_bd_nets StartTrigger_1] [get_bd_nets myImode_0_Tstop6] [get_bd_nets myImode_0_oen] [get_bd_nets myImode_0_Tstop2] [get_bd_nets StopTrigger4_1] [get_bd_nets StopTrigger6_1] [get_bd_nets StopTrigger8_1] [get_bd_nets EF1_1] [get_bd_nets ErrFlag_1] [get_bd_nets myImode_0_StopDis3] [get_bd_nets myImode_0_set_zero] [get_bd_nets myImode_0_StopDis4] [get_bd_nets Net] [get_bd_cells myImode_0]'
delete_bd_objs [get_bd_intf_nets processing_system7_0_axi_periph_M01_AXI] [get_bd_nets myImode_0_StopDis2] [get_bd_nets myImode_0_addr] [get_bd_nets myImode_0_Tstop1] [get_bd_nets myImode_0_Tstop5] [get_bd_nets StopTrigger3_1] [get_bd_nets StopTrigger1_1] [get_bd_nets myImode_0_Tstop4] [get_bd_nets myImode_0_Tstop8] [get_bd_nets StopTrigger5_1] [get_bd_nets StopTrigger7_1] [get_bd_nets myImode_0_StopDis1] [get_bd_nets myImode_0_wrn] [get_bd_nets myImode_0_csn] [get_bd_nets myImode_0_Tstart] [get_bd_nets IrFlag_1] [get_bd_nets EF2_1] [get_bd_nets myImode_0_StartDis] [get_bd_nets myImode_0_AluTrigger] [get_bd_nets myImode_0_Tstop3] [get_bd_nets myImode_0_Tstop7] [get_bd_nets myImode_0_rdn] [get_bd_nets StopTrigger2_1] [get_bd_nets StartTrigger_1] [get_bd_nets myImode_0_Tstop6] [get_bd_nets myImode_0_oen] [get_bd_nets myImode_0_Tstop2] [get_bd_nets StopTrigger4_1] [get_bd_nets StopTrigger6_1] [get_bd_nets StopTrigger8_1] [get_bd_nets EF1_1] [get_bd_nets ErrFlag_1] [get_bd_nets myImode_0_StopDis3] [get_bd_nets myImode_0_set_zero] [get_bd_nets myImode_0_StopDis4] [get_bd_nets Net] [get_bd_cells myImode_0]
startgroup
create_bd_cell -type ip -vlnv xilinx.com:user:myImode:1.0 myImode_0
endgroup
set_property location {1 145 -569} [get_bd_cells myImode_0]
startgroup
create_bd_cell -type ip -vlnv xilinx.com:user:time_data_mapper:1.0 time_data_mapper_0
endgroup
set_property location {5 1553 -799} [get_bd_cells time_data_mapper_0]
ipx::edit_ip_in_project -upgrade true -name time_data_mapper_v1_0_project -directory C:/Users/Lin/Desktop/sd/gpsImode_Proj/gpsImode_Proj.tmp/time_data_mapper_v1_0_project c:/Users/Lin/Desktop/sd/gpsImode_Proj/ip_repo/time_data_mapper_1.0/component.xml
INFO: [ProjectBase 1-489] The host OS only allows 260 characters in a normal path. The project is stored in a path with more than 80 characters. If you experience issues with IP, Block Designs, or files not being found, please consider moving the project to a location with a shorter path. Alternately consider using the OS subst command to map part of the path to a drive letter.
Current project path is 'c:/users/lin/desktop/sd/gpsimode_proj/gpsimode_proj.tmp/time_data_mapper_v1_0_project'
INFO: [IP_Flow 19-234] Refreshing IP repositories
INFO: [IP_Flow 19-1704] No user IP repositories specified
INFO: [IP_Flow 19-2313] Loaded Vivado IP repository 'D:/Xilinx/Vivado/2016.2/data/ip'.
INFO: [IP_Flow 19-234] Refreshing IP repositories
WARNING: [IP_Flow 19-3685] Ignored loading user repository 'c:/Users/Lin/Desktop/sd/gpsImode_Proj/ip_repo/time_data_mapper_1.0'. The path is contained within another repository.
WARNING: [IP_Flow 19-2248] Failed to load user IP repository 'c:/Users/Lin/Desktop/sd/ip_repo/newGpsIp_1.0'; Can't find the specified path.
If this directory should no longer be in your list of user repositories, go to the IP Settings dialog and remove it.
INFO: [IP_Flow 19-1700] Loaded user IP repository 'c:/Users/Lin/Desktop/sd/gpsImode_Proj/ip_repo'.
INFO: [IP_Flow 19-795] Syncing license key meta-data
INFO: [IP_Flow 19-793] Syncing display name meta-data
INFO: [IP_Flow 19-798] Syncing taxonomy meta-data
update_compile_order -fileset sources_1
update_compile_order -fileset sim_1
set_property core_revision 4 [ipx::current_core]
ipx::create_xgui_files [ipx::current_core]
ipx::update_checksums [ipx::current_core]
ipx::save_core [ipx::current_core]
close_project -delete
****** Webtalk v2016.2 (64-bit)
  **** SW Build 1577090 on Thu Jun  2 16:32:40 MDT 2016
  **** IP Build 1577682 on Fri Jun  3 12:00:54 MDT 2016
    ** Copyright 1986-2016 Xilinx, Inc. All Rights Reserved.

source c:/users/lin/desktop/sd/gpsimode_proj/gpsimode_proj.tmp/time_data_mapper_v1_0_project/time_data_mapper_v1_0_project.hw/webtalk/labtool_webtalk.tcl -notrace
INFO: [Common 17-206] Exiting Webtalk at Thu Dec 22 15:29:42 2016...
update_ip_catalog -rebuild -repo_path c:/Users/Lin/Desktop/sd/gpsImode_Proj/ip_repo/time_data_mapper_1.0
CRITICAL WARNING: [IP_Flow 19-1681] Failed to reload user IP repository 'c:/Users/Lin/Desktop/sd/gpsImode_Proj/ip_repo/time_data_mapper_1.0'. ''c:/Users/Lin/Desktop/sd/gpsImode_Proj/ip_repo/time_data_mapper_1.0' is not valid: Path is contained within another repository.'
0
delete_bd_objs [get_bd_cells time_data_mapper_0]
report_ip_status -name ip_status 
startgroup
create_bd_cell -type ip -vlnv xilinx.com:user:time_data_mapper:1.0 time_data_mapper_0
endgroup
report_ip_status -name ip_status 
delete_bd_objs [get_bd_cells time_data_mapper_0]
ipx::edit_ip_in_project -upgrade true -name time_data_mapper_v1_0_v1_0_project -directory C:/Users/Lin/Desktop/sd/gpsImode_Proj/gpsImode_Proj.tmp/time_data_mapper_v1_0_v1_0_project c:/Users/Lin/Desktop/sd/gpsImode_Proj/ip_repo/time_data_mapper_1.0/component.xml
INFO: [ProjectBase 1-489] The host OS only allows 260 characters in a normal path. The project is stored in a path with more than 80 characters. If you experience issues with IP, Block Designs, or files not being found, please consider moving the project to a location with a shorter path. Alternately consider using the OS subst command to map part of the path to a drive letter.
Current project path is 'c:/users/lin/desktop/sd/gpsimode_proj/gpsimode_proj.tmp/time_data_mapper_v1_0_v1_0_project'
INFO: [IP_Flow 19-234] Refreshing IP repositories
INFO: [IP_Flow 19-1704] No user IP repositories specified
INFO: [IP_Flow 19-2313] Loaded Vivado IP repository 'D:/Xilinx/Vivado/2016.2/data/ip'.
INFO: [IP_Flow 19-234] Refreshing IP repositories
WARNING: [IP_Flow 19-3685] Ignored loading user repository 'c:/Users/Lin/Desktop/sd/gpsImode_Proj/ip_repo/time_data_mapper_1.0'. The path is contained within another repository.
WARNING: [IP_Flow 19-2248] Failed to load user IP repository 'c:/Users/Lin/Desktop/sd/ip_repo/newGpsIp_1.0'; Can't find the specified path.
If this directory should no longer be in your list of user repositories, go to the IP Settings dialog and remove it.
INFO: [IP_Flow 19-1700] Loaded user IP repository 'c:/Users/Lin/Desktop/sd/gpsImode_Proj/ip_repo'.
INFO: [IP_Flow 19-795] Syncing license key meta-data
INFO: [IP_Flow 19-793] Syncing display name meta-data
INFO: [IP_Flow 19-798] Syncing taxonomy meta-data
update_compile_order -fileset sources_1
update_compile_order -fileset sim_1
set_property core_revision 5 [ipx::current_core]
ipx::create_xgui_files [ipx::current_core]
ipx::update_checksums [ipx::current_core]
ipx::save_core [ipx::current_core]
close_project -delete
****** Webtalk v2016.2 (64-bit)
  **** SW Build 1577090 on Thu Jun  2 16:32:40 MDT 2016
  **** IP Build 1577682 on Fri Jun  3 12:00:54 MDT 2016
    ** Copyright 1986-2016 Xilinx, Inc. All Rights Reserved.

source c:/users/lin/desktop/sd/gpsimode_proj/gpsimode_proj.tmp/time_data_mapper_v1_0_v1_0_project/time_data_mapper_v1_0_v1_0_project.hw/webtalk/labtool_webtalk.tcl -notrace
INFO: [Common 17-206] Exiting Webtalk at Thu Dec 22 15:31:45 2016...
update_ip_catalog -rebuild -repo_path c:/Users/Lin/Desktop/sd/gpsImode_Proj/ip_repo/time_data_mapper_1.0
CRITICAL WARNING: [IP_Flow 19-1681] Failed to reload user IP repository 'c:/Users/Lin/Desktop/sd/gpsImode_Proj/ip_repo/time_data_mapper_1.0'. ''c:/Users/Lin/Desktop/sd/gpsImode_Proj/ip_repo/time_data_mapper_1.0' is not valid: Path is contained within another repository.'
0
report_ip_status -name ip_status 
apply_bd_automation -rule xilinx.com:bd_rule:axi4 -config {Master "/processing_system7_0/M_AXI_GP0" Clk "Auto" }  [get_bd_intf_pins myImode_0/S00_AXI]
</myImode_0/S00_AXI/S00_AXI_reg> is being mapped into </processing_system7_0/Data> at <0x43C10000 [ 64K ]>
connect_bd_net [get_bd_ports StartTrigger] [get_bd_pins myImode_0/StartTrigger]
connect_bd_net [get_bd_ports StopTrigger1] [get_bd_pins myImode_0/StopTrigger1]
connect_bd_net [get_bd_ports StopTrigger2] [get_bd_pins myImode_0/StopTrigger2]
connect_bd_net [get_bd_ports StopTrigger3] [get_bd_pins myImode_0/StopTrigger3]
connect_bd_net [get_bd_ports StopTrigger4] [get_bd_pins myImode_0/StopTrigger4]
connect_bd_net [get_bd_ports StopTrigger5] [get_bd_pins myImode_0/StopTrigger5]
connect_bd_net [get_bd_ports StopTrigger6] [get_bd_pins myImode_0/StopTrigger6]
connect_bd_net [get_bd_ports StopTrigger7] [get_bd_pins myImode_0/StopTrigger7]
connect_bd_net [get_bd_ports StopTrigger8] [get_bd_pins myImode_0/StopTrigger8]
connect_bd_net [get_bd_ports IrFlag] [get_bd_pins myImode_0/IrFlag]
connect_bd_net [get_bd_ports EF1] [get_bd_pins myImode_0/EF1]
startgroup
create_bd_port -dir I EF2_1
connect_bd_net [get_bd_pins /myImode_0/EF2] [get_bd_ports EF2_1]
endgroup
startgroup
create_bd_port -dir I ErrFlag_1
connect_bd_net [get_bd_pins /myImode_0/ErrFlag] [get_bd_ports ErrFlag_1]
endgroup
delete_bd_objs [get_bd_nets EF2_1_1] [get_bd_ports EF2_1]
delete_bd_objs [get_bd_nets ErrFlag_1_1] [get_bd_ports ErrFlag_1]
delete_bd_objs [get_bd_ports StopDis1]
delete_bd_objs [get_bd_ports StopDis2]
delete_bd_objs [get_bd_ports StopDis3]
delete_bd_objs [get_bd_ports StopDis4]
delete_bd_objs [get_bd_ports StartDis]
delete_bd_objs [get_bd_ports addr]
delete_bd_objs [get_bd_ports data]
delete_bd_objs [get_bd_ports wrn]
delete_bd_objs [get_bd_ports rdn]
delete_bd_objs [get_bd_ports csn]
delete_bd_objs [get_bd_ports oen]
delete_bd_objs [get_bd_ports AluTrigger]
delete_bd_objs [get_bd_ports Tstart]
delete_bd_objs [get_bd_ports Tstop1]
delete_bd_objs [get_bd_ports Tstop2]
delete_bd_objs [get_bd_ports Tstop3]
delete_bd_objs [get_bd_ports Tstop5]
delete_bd_objs [get_bd_ports Tstop6]
delete_bd_objs [get_bd_ports Tstop7]
delete_bd_objs [get_bd_ports Tstop8]
delete_bd_objs [get_bd_ports Tstop4]
startgroup
create_bd_port -dir I EF2_1
connect_bd_net [get_bd_pins /myImode_0/EF2] [get_bd_ports EF2_1]
endgroup
startgroup
create_bd_port -dir I ErrFlag_1
connect_bd_net [get_bd_pins /myImode_0/ErrFlag] [get_bd_ports ErrFlag_1]
endgroup
startgroup
create_bd_port -dir O StopDis1
connect_bd_net [get_bd_pins /myImode_0/StopDis1] [get_bd_ports StopDis1]
endgroup
startgroup
create_bd_port -dir O StopDis2
connect_bd_net [get_bd_pins /myImode_0/StopDis2] [get_bd_ports StopDis2]
endgroup
startgroup
create_bd_port -dir O StopDis3
connect_bd_net [get_bd_pins /myImode_0/StopDis3] [get_bd_ports StopDis3]
endgroup
startgroup
create_bd_port -dir O StopDis4
connect_bd_net [get_bd_pins /myImode_0/StopDis4] [get_bd_ports StopDis4]
endgroup
startgroup
create_bd_port -dir O StartDis
connect_bd_net [get_bd_pins /myImode_0/StartDis] [get_bd_ports StartDis]
endgroup
startgroup
create_bd_port -dir O -from 3 -to 0 addr
connect_bd_net [get_bd_pins /myImode_0/addr] [get_bd_ports addr]
endgroup
startgroup
create_bd_port -dir IO -from 27 -to 0 data
connect_bd_net [get_bd_pins /myImode_0/data] [get_bd_ports data]
endgroup
startgroup
create_bd_port -dir O wrn
connect_bd_net [get_bd_pins /myImode_0/wrn] [get_bd_ports wrn]
endgroup
startgroup
create_bd_port -dir O rdn
connect_bd_net [get_bd_pins /myImode_0/rdn] [get_bd_ports rdn]
endgroup
startgroup
create_bd_port -dir O csn
connect_bd_net [get_bd_pins /myImode_0/csn] [get_bd_ports csn]
endgroup
startgroup
create_bd_port -dir O oen
connect_bd_net [get_bd_pins /myImode_0/oen] [get_bd_ports oen]
endgroup
startgroup
create_bd_port -dir O AluTrigger
connect_bd_net [get_bd_pins /myImode_0/AluTrigger] [get_bd_ports AluTrigger]
endgroup
startgroup
create_bd_port -dir O Tstart
connect_bd_net [get_bd_pins /myImode_0/Tstart] [get_bd_ports Tstart]
endgroup
startgroup
create_bd_port -dir O Tstop1
connect_bd_net [get_bd_pins /myImode_0/Tstop1] [get_bd_ports Tstop1]
endgroup
startgroup
create_bd_port -dir O Tstop2
connect_bd_net [get_bd_pins /myImode_0/Tstop2] [get_bd_ports Tstop2]
endgroup
startgroup
create_bd_port -dir O Tstop3
connect_bd_net [get_bd_pins /myImode_0/Tstop3] [get_bd_ports Tstop3]
endgroup
startgroup
create_bd_port -dir O Tstop4
connect_bd_net [get_bd_pins /myImode_0/Tstop4] [get_bd_ports Tstop4]
endgroup
startgroup
create_bd_port -dir O Tstop5
connect_bd_net [get_bd_pins /myImode_0/Tstop5] [get_bd_ports Tstop5]
endgroup
startgroup
create_bd_port -dir O Tstop6
connect_bd_net [get_bd_pins /myImode_0/Tstop6] [get_bd_ports Tstop6]
endgroup
startgroup
create_bd_port -dir O Tstop7
connect_bd_net [get_bd_pins /myImode_0/Tstop7] [get_bd_ports Tstop7]
endgroup
startgroup
create_bd_port -dir O Tstop8
connect_bd_net [get_bd_pins /myImode_0/Tstop8] [get_bd_ports Tstop8]
endgroup
startgroup
create_bd_port -dir O set_zero
connect_bd_net [get_bd_pins /myImode_0/set_zero] [get_bd_ports set_zero]
endgroup
delete_bd_objs [get_bd_nets myImode_0_set_zero]
connect_bd_net [get_bd_pins newGpsIp_0/tstartCome] [get_bd_pins myImode_0/set_zero]
save_bd_design
Wrote  : <C:/Users/Lin/Desktop/sd/gpsImode_Proj/gpsImode_Proj.srcs/sources_1/bd/gpsImode/gpsImode.bd> 
startgroup
create_bd_cell -type ip -vlnv xilinx.com:user:time_data_mapper:1.0 time_data_mapper_0
endgroup
delete_bd_objs [get_bd_cells time_data_mapper_0]
report_ip_status -name ip_status 
save_bd_design
Wrote  : <C:/Users/Lin/Desktop/sd/gpsImode_Proj/gpsImode_Proj.srcs/sources_1/bd/gpsImode/gpsImode.bd> 
exit
INFO: [Common 17-206] Exiting Vivado at Thu Dec 22 15:36:22 2016...
