#-----------------------------------------------------------
# Vivado v2016.2 (64-bit)
# SW Build 1577090 on Thu Jun  2 16:32:40 MDT 2016
# IP Build 1577682 on Fri Jun  3 12:00:54 MDT 2016
# Start of session at: Fri Dec 02 10:02:30 2016
# Process ID: 13688
# Current directory: E:/Lin/vivado_learing/gpsImode_Proj
# Command line: vivado.exe -gui_launcher_event rodinguilauncherevent2856 E:\Lin\vivado_learing\gpsImode_Proj\gpsImode_Proj.xpr
# Log file: E:/Lin/vivado_learing/gpsImode_Proj/vivado.log
# Journal file: E:/Lin/vivado_learing/gpsImode_Proj\vivado.jou
#-----------------------------------------------------------
start_gui
open_project E:/Lin/vivado_learing/gpsImode_Proj/gpsImode_Proj.xpr
Scanning sources...
Finished scanning sources
INFO: [IP_Flow 19-234] Refreshing IP repositories
INFO: [IP_Flow 19-1700] Loaded user IP repository 'e:/Lin/vivado_learing/ip_repo/newGpsIp_1.0'.
INFO: [IP_Flow 19-1700] Loaded user IP repository 'e:/Lin/vivado_learing/gpsImode_Proj/ip_repo'.
INFO: [IP_Flow 19-2313] Loaded Vivado IP repository 'D:/Xilinx/Vivado/2016.2/data/ip'.
open_project: Time (s): cpu = 00:00:13 ; elapsed = 00:00:10 . Memory (MB): peak = 924.371 ; gain = 221.133
update_compile_order -fileset sources_1
open_bd_design {E:/Lin/vivado_learing/gpsImode_Proj/gpsImode_Proj.srcs/sources_1/bd/gpsImode/gpsImode.bd}
Adding cell -- xilinx.com:ip:processing_system7:5.5 - processing_system7_0
Adding cell -- xilinx.com:user:myImode:1.0 - myImode_0
Adding cell -- xilinx.com:ip:axi_uartlite:2.0 - axi_uartlite_0
Adding cell -- xilinx.com:ip:proc_sys_reset:5.0 - rst_processing_system7_0_100M
Adding cell -- xilinx.com:user:newGpsIp:1.0 - newGpsIp_0
Adding cell -- xilinx.com:ip:axi_crossbar:2.1 - xbar
Adding cell -- xilinx.com:ip:axi_protocol_converter:2.1 - auto_pc
Successfully read diagram <gpsImode> from BD file <E:/Lin/vivado_learing/gpsImode_Proj/gpsImode_Proj.srcs/sources_1/bd/gpsImode/gpsImode.bd>
open_bd_design: Time (s): cpu = 00:00:06 ; elapsed = 00:00:07 . Memory (MB): peak = 1010.414 ; gain = 84.117
ipx::edit_ip_in_project -upgrade true -name newGpsIp_v1_0_v1_0_project -directory E:/Lin/vivado_learing/gpsImode_Proj/gpsImode_Proj.tmp/newGpsIp_v1_0_v1_0_project e:/Lin/vivado_learing/ip_repo/newGpsIp_1.0/component.xml
INFO: [IP_Flow 19-234] Refreshing IP repositories
INFO: [IP_Flow 19-1704] No user IP repositories specified
INFO: [IP_Flow 19-2313] Loaded Vivado IP repository 'D:/Xilinx/Vivado/2016.2/data/ip'.
INFO: [IP_Flow 19-234] Refreshing IP repositories
INFO: [IP_Flow 19-1700] Loaded user IP repository 'e:/Lin/vivado_learing/ip_repo/newGpsIp_1.0'.
INFO: [IP_Flow 19-1700] Loaded user IP repository 'e:/Lin/vivado_learing/gpsImode_Proj/ip_repo'.
INFO: [IP_Flow 19-795] Syncing license key meta-data
INFO: [IP_Flow 19-793] Syncing display name meta-data
INFO: [IP_Flow 19-798] Syncing taxonomy meta-data
update_compile_order -fileset sources_1
update_compile_order -fileset sim_1
set_property core_revision 22 [ipx::current_core]
ipx::create_xgui_files [ipx::current_core]
ipx::update_checksums [ipx::current_core]
ipx::save_core [ipx::current_core]
close_project -delete
****** Webtalk v2016.2 (64-bit)
  **** SW Build 1577090 on Thu Jun  2 16:32:40 MDT 2016
  **** IP Build 1577682 on Fri Jun  3 12:00:54 MDT 2016
    ** Copyright 1986-2016 Xilinx, Inc. All Rights Reserved.

source e:/lin/vivado_learing/gpsimode_proj/gpsimode_proj.tmp/newgpsip_v1_0_v1_0_project/newGpsIp_v1_0_v1_0_project.hw/webtalk/labtool_webtalk.tcl -notrace
INFO: [Common 17-206] Exiting Webtalk at Fri Dec 02 10:05:12 2016...
update_ip_catalog -rebuild -repo_path e:/Lin/vivado_learing/ip_repo/newGpsIp_1.0
INFO: [IP_Flow 19-725] Reloaded user IP repository 'e:/Lin/vivado_learing/ip_repo/newGpsIp_1.0'
report_ip_status -name ip_status 
export_ip_user_files -of_objects [get_ips  gpsImode_newGpsIp_0_0] -no_script -reset -quiet
upgrade_ip -vlnv xilinx.com:user:newGpsIp:1.0 [get_ips  gpsImode_newGpsIp_0_0] -log ip_upgrade.log
Upgrading 'E:/Lin/vivado_learing/gpsImode_Proj/gpsImode_Proj.srcs/sources_1/bd/gpsImode/gpsImode.bd'
INFO: [IP_Flow 19-3422] Upgraded gpsImode_newGpsIp_0_0 (newGpsIp_v1.0 1.0) from revision 21 to revision 22
Wrote  : <E:/Lin/vivado_learing/gpsImode_Proj/gpsImode_Proj.srcs/sources_1/bd/gpsImode/gpsImode.bd> 
INFO: [Coretcl 2-1525] Wrote upgrade log to 'E:/Lin/vivado_learing/gpsImode_Proj/ip_upgrade.log'.
generate_target all [get_files  E:/Lin/vivado_learing/gpsImode_Proj/gpsImode_Proj.srcs/sources_1/bd/gpsImode/gpsImode.bd]
INFO: [Ipptcl 7-1463] No Compatible Board Interface found. Board Tab not created in customize GUI
INFO: [Ipptcl 7-1463] No Compatible Board Interface found. Board Tab not created in customize GUI
Verilog Output written to : E:/Lin/vivado_learing/gpsImode_Proj/gpsImode_Proj.srcs/sources_1/bd/gpsImode/hdl/gpsImode.v
Verilog Output written to : E:/Lin/vivado_learing/gpsImode_Proj/gpsImode_Proj.srcs/sources_1/bd/gpsImode/hdl/gpsImode_wrapper.v
Wrote  : <E:/Lin/vivado_learing/gpsImode_Proj/gpsImode_Proj.srcs/sources_1/bd/gpsImode/gpsImode.bd> 
INFO: [BD 41-1029] Generation completed for the IP Integrator block processing_system7_0 .
INFO: [BD 41-1029] Generation completed for the IP Integrator block newGpsIp_0 .
INFO: [BD 41-1029] Generation completed for the IP Integrator block myImode_0 .
INFO: [BD 41-1029] Generation completed for the IP Integrator block axi_uartlite_0 .
INFO: [BD 41-1029] Generation completed for the IP Integrator block rst_processing_system7_0_100M .
INFO: [BD 41-1029] Generation completed for the IP Integrator block processing_system7_0_axi_periph/xbar .
INFO: [BD 41-1029] Generation completed for the IP Integrator block processing_system7_0_axi_periph/s00_couplers/auto_pc .
Exporting to file E:/Lin/vivado_learing/gpsImode_Proj/gpsImode_Proj.srcs/sources_1/bd/gpsImode/hw_handoff/gpsImode.hwh
Generated Block Design Tcl file E:/Lin/vivado_learing/gpsImode_Proj/gpsImode_Proj.srcs/sources_1/bd/gpsImode/hw_handoff/gpsImode_bd.tcl
Generated Hardware Definition File E:/Lin/vivado_learing/gpsImode_Proj/gpsImode_Proj.srcs/sources_1/bd/gpsImode/hdl/gpsImode.hwdef
generate_target: Time (s): cpu = 00:00:09 ; elapsed = 00:00:11 . Memory (MB): peak = 1123.617 ; gain = 107.402
export_ip_user_files -of_objects [get_files E:/Lin/vivado_learing/gpsImode_Proj/gpsImode_Proj.srcs/sources_1/bd/gpsImode/gpsImode.bd] -no_script -force -quiet
export_simulation -of_objects [get_files E:/Lin/vivado_learing/gpsImode_Proj/gpsImode_Proj.srcs/sources_1/bd/gpsImode/gpsImode.bd] -directory E:/Lin/vivado_learing/gpsImode_Proj/gpsImode_Proj.ip_user_files/sim_scripts -ip_user_files_dir E:/Lin/vivado_learing/gpsImode_Proj/gpsImode_Proj.ip_user_files -ipstatic_source_dir E:/Lin/vivado_learing/gpsImode_Proj/gpsImode_Proj.ip_user_files/ipstatic -force -quiet
report_ip_status -name ip_status 
reset_run synth_1
launch_runs impl_1 -jobs 4
[Fri Dec 02 10:07:18 2016] Launched synth_1...
Run output will be captured here: E:/Lin/vivado_learing/gpsImode_Proj/gpsImode_Proj.runs/synth_1/runme.log
[Fri Dec 02 10:07:18 2016] Launched impl_1...
Run output will be captured here: E:/Lin/vivado_learing/gpsImode_Proj/gpsImode_Proj.runs/impl_1/runme.log
open_run impl_1
INFO: [Netlist 29-17] Analyzing 143 Unisim elements for replacement
INFO: [Netlist 29-28] Unisim Transformation completed in 0 CPU seconds
INFO: [Project 1-479] Netlist was created with Vivado 2016.2
INFO: [Device 21-403] Loading part xc7z020clg484-1
INFO: [Project 1-570] Preparing netlist for logic optimization
Parsing XDC File [E:/Lin/vivado_learing/gpsImode_Proj/.Xil/Vivado-13688-DESKTOP-G26N4G8/dcp/gpsImode_wrapper_early.xdc]
Finished Parsing XDC File [E:/Lin/vivado_learing/gpsImode_Proj/.Xil/Vivado-13688-DESKTOP-G26N4G8/dcp/gpsImode_wrapper_early.xdc]
Parsing XDC File [E:/Lin/vivado_learing/gpsImode_Proj/.Xil/Vivado-13688-DESKTOP-G26N4G8/dcp/gpsImode_wrapper.xdc]
Finished Parsing XDC File [E:/Lin/vivado_learing/gpsImode_Proj/.Xil/Vivado-13688-DESKTOP-G26N4G8/dcp/gpsImode_wrapper.xdc]
Reading XDEF placement.
Reading placer database...
Reading XDEF routing.
Read XDEF File: Time (s): cpu = 00:00:00 ; elapsed = 00:00:00.753 . Memory (MB): peak = 1346.305 ; gain = 2.438
Restored from archive | CPU: 0.000000 secs | Memory: 0.000000 MB |
Finished XDEF File Restore: Time (s): cpu = 00:00:00 ; elapsed = 00:00:00.765 . Memory (MB): peak = 1346.305 ; gain = 2.438
INFO: [Project 1-111] Unisim Transformation Summary:
  A total of 28 instances were transformed.
  IOBUF => IOBUF (IBUF, OBUFT): 28 instances

open_run: Time (s): cpu = 00:00:18 ; elapsed = 00:00:22 . Memory (MB): peak = 1473.680 ; gain = 298.586
launch_runs impl_1 -to_step write_bitstream -jobs 4
[Fri Dec 02 10:13:03 2016] Launched impl_1...
Run output will be captured here: E:/Lin/vivado_learing/gpsImode_Proj/gpsImode_Proj.runs/impl_1/runme.log
file copy -force E:/Lin/vivado_learing/gpsImode_Proj/gpsImode_Proj.runs/impl_1/gpsImode_wrapper.sysdef E:/Lin/vivado_learing/gpsImode_Proj/gpsImode_Proj.sdk/gpsImode_wrapper.hdf

