#-----------------------------------------------------------
# Vivado v2016.2 (64-bit)
# SW Build 1577090 on Thu Jun  2 16:32:40 MDT 2016
# IP Build 1577682 on Fri Jun  3 12:00:54 MDT 2016
# Start of session at: Tue Dec 06 14:22:34 2016
# Process ID: 4164
# Current directory: E:/Lin/vivado_learing/gpsImode_Proj
# Command line: vivado.exe -gui_launcher_event rodinguilauncherevent232 E:\Lin\vivado_learing\gpsImode_Proj\gpsImode_Proj.xpr
# Log file: E:/Lin/vivado_learing/gpsImode_Proj/vivado.log
# Journal file: E:/Lin/vivado_learing/gpsImode_Proj\vivado.jou
#-----------------------------------------------------------
start_gui
open_project E:/Lin/vivado_learing/gpsImode_Proj/gpsImode_Proj.xpr
Scanning sources...
Finished scanning sources
INFO: [IP_Flow 19-234] Refreshing IP repositories
INFO: [IP_Flow 19-1700] Loaded user IP repository 'e:/Lin/vivado_learing/ip_repo/newGpsIp_1.0'.
INFO: [IP_Flow 19-1700] Loaded user IP repository 'e:/Lin/vivado_learing/gpsImode_Proj/ip_repo'.
INFO: [IP_Flow 19-2313] Loaded Vivado IP repository 'D:/Xilinx/Vivado/2016.2/data/ip'.
open_project: Time (s): cpu = 00:00:13 ; elapsed = 00:00:11 . Memory (MB): peak = 851.191 ; gain = 202.785
update_compile_order -fileset sources_1
ipx::edit_ip_in_project -upgrade true -name myImode_v1_0_v1_0_project -directory E:/Lin/vivado_learing/gpsImode_Proj/gpsImode_Proj.tmp/myImode_v1_0_v1_0_project e:/Lin/vivado_learing/gpsImode_Proj/ip_repo/myImode_1.0/component.xml
INFO: [IP_Flow 19-234] Refreshing IP repositories
INFO: [IP_Flow 19-1704] No user IP repositories specified
INFO: [IP_Flow 19-2313] Loaded Vivado IP repository 'D:/Xilinx/Vivado/2016.2/data/ip'.
INFO: [IP_Flow 19-234] Refreshing IP repositories
INFO: [IP_Flow 19-1700] Loaded user IP repository 'e:/Lin/vivado_learing/ip_repo/newGpsIp_1.0'.
INFO: [IP_Flow 19-1700] Loaded user IP repository 'e:/Lin/vivado_learing/gpsImode_Proj/ip_repo'.
INFO: [IP_Flow 19-795] Syncing license key meta-data
INFO: [IP_Flow 19-793] Syncing display name meta-data
INFO: [IP_Flow 19-798] Syncing taxonomy meta-data
update_compile_order -fileset sources_1
update_compile_order -fileset sim_1
file copy F:/new/new_write_module.v e:/Lin/vivado_learing/gpsImode_Proj/ip_repo/myImode_1.0/src
ipx::add_file e:/Lin/vivado_learing/gpsImode_Proj/ip_repo/myImode_1.0/src/new_write_module.v [ipx::get_file_groups xilinx_verilogsynthesis -of_objects [ipx::current_core]]
set_property type verilogSource [ipx::get_files src/new_write_module.v -of_objects [ipx::get_file_groups xilinx_verilogsynthesis -of_objects [ipx::current_core]]]
set_property library_name xil_defaultlib [ipx::get_files src/new_write_module.v -of_objects [ipx::get_file_groups xilinx_verilogsynthesis -of_objects [ipx::current_core]]]
ipx::merge_project_changes hdl_parameters [ipx::current_core]
set_property core_revision 17 [ipx::current_core]
ipx::create_xgui_files [ipx::current_core]
ipx::update_checksums [ipx::current_core]
ipx::save_core [ipx::current_core]
close_project -delete
ERROR: [Vivado 12-106] *** Exception: java.lang.NullPointerException (See E:/Lin/vivado_learing/gpsImode_Proj/vivado_pid4164.debug)
****** Webtalk v2016.2 (64-bit)
  **** SW Build 1577090 on Thu Jun  2 16:32:40 MDT 2016
  **** IP Build 1577682 on Fri Jun  3 12:00:54 MDT 2016
    ** Copyright 1986-2016 Xilinx, Inc. All Rights Reserved.

source e:/lin/vivado_learing/gpsimode_proj/gpsimode_proj.tmp/myimode_v1_0_v1_0_project/myImode_v1_0_v1_0_project.hw/webtalk/labtool_webtalk.tcl -notrace
INFO: [Common 17-206] Exiting Webtalk at Tue Dec 06 14:43:13 2016...
close_project: Time (s): cpu = 00:00:02 ; elapsed = 00:00:23 . Memory (MB): peak = 991.961 ; gain = 74.449
ERROR: [Common 17-39] 'close_project' failed due to earlier errors.
exit
INFO: [Common 17-206] Exiting Vivado at Tue Dec 06 14:43:22 2016...
