15:09:41 **** Auto Build of configuration Debug for project ImodeGps_Proj ****
make pre-build main-build 
a9-linaro-pre-build-step
' '
'Building target: ImodeGps_Proj.elf'
'Invoking: ARM v7 gcc linker'
arm-none-eabi-gcc -mcpu=cortex-a9 -mfpu=vfpv3 -mfloat-abi=hard -Wl,-build-id=none -specs=Xilinx.spec -Wl,-T -Wl,../src/lscript.ld -L../../ImodeGps_bsp/ps7_cortexa9_0/lib -o "ImodeGps_Proj.elf"  ./src/GPS.o ./src/SD_Card.o ./src/imodeAndGps_proj.o ./src/platform.o ./src/tdc.o   
d:/xilinx/sdk/2016.2/gnu/aarch32/nt/gcc-arm-none-eabi/bin/../lib/gcc/arm-none-eabi/4.9.2/../../../../arm-none-eabi/bin/ld.exe: warning: cannot find entry symbol _vector_table; defaulting to 00100000
./src/GPS.o: In function `Gps_Init':
C:\Users\Lin\Desktop\sd\gpsImode_Proj\gpsImode_Proj.sdk\ImodeGps_Proj\Debug/../src/GPS.c:29: undefined reference to `XUartLite_Initialize'
./src/GPS.o: In function `WaitUnitlPpsCome':
C:\Users\Lin\Desktop\sd\gpsImode_Proj\gpsImode_Proj.sdk\ImodeGps_Proj\Debug/../src/GPS.c:41: undefined reference to `usleep'
C:\Users\Lin\Desktop\sd\gpsImode_Proj\gpsImode_Proj.sdk\ImodeGps_Proj\Debug/../src/GPS.c:40: undefined reference to `Xil_In32'
./src/GPS.o: In function `Gps_GetInfoFromUart':
C:\Users\Lin\Desktop\sd\gpsImode_Proj\gpsImode_Proj.sdk\ImodeGps_Proj\Debug/../src/GPS.c:51: undefined reference to `XUartLite_Recv'
./src/GPS.o: In function `GPS_SetTime':
C:\Users\Lin\Desktop\sd\gpsImode_Proj\gpsImode_Proj.sdk\ImodeGps_Proj\Debug/../src/GPS.c:111: undefined reference to `Xil_Out32'
C:\Users\Lin\Desktop\sd\gpsImode_Proj\gpsImode_Proj.sdk\ImodeGps_Proj\Debug/../src/GPS.c:112: undefined reference to `Xil_Out32'
C:\Users\Lin\Desktop\sd\gpsImode_Proj\gpsImode_Proj.sdk\ImodeGps_Proj\Debug/../src/GPS.c:113: undefined reference to `Xil_Out32'
C:\Users\Lin\Desktop\sd\gpsImode_Proj\gpsImode_Proj.sdk\ImodeGps_Proj\Debug/../src/GPS.c:114: undefined reference to `Xil_Out32'
C:\Users\Lin\Desktop\sd\gpsImode_Proj\gpsImode_Proj.sdk\ImodeGps_Proj\Debug/../src/GPS.c:115: undefined reference to `Xil_Out32'
./src/GPS.o:C:\Users\Lin\Desktop\sd\gpsImode_Proj\gpsImode_Proj.sdk\ImodeGps_Proj\Debug/../src/GPS.c:116: more undefined references to `Xil_Out32' follow
./src/GPS.o: In function `Gps_FuncTest':
C:\Users\Lin\Desktop\sd\gpsImode_Proj\gpsImode_Proj.sdk\ImodeGps_Proj\Debug/../src/GPS.c:127: undefined reference to `usleep'
C:\Users\Lin\Desktop\sd\gpsImode_Proj\gpsImode_Proj.sdk\ImodeGps_Proj\Debug/../src/GPS.c:128: undefined reference to `Xil_In32'
C:\Users\Lin\Desktop\sd\gpsImode_Proj\gpsImode_Proj.sdk\ImodeGps_Proj\Debug/../src/GPS.c:129: undefined reference to `Xil_In32'
C:\Users\Lin\Desktop\sd\gpsImode_Proj\gpsImode_Proj.sdk\ImodeGps_Proj\Debug/../src/GPS.c:130: undefined reference to `Xil_In32'
C:\Users\Lin\Desktop\sd\gpsImode_Proj\gpsImode_Proj.sdk\ImodeGps_Proj\Debug/../src/GPS.c:131: undefined reference to `Xil_In32'
C:\Users\Lin\Desktop\sd\gpsImode_Proj\gpsImode_Proj.sdk\ImodeGps_Proj\Debug/../src/GPS.c:132: undefined reference to `Xil_In32'
./src/GPS.o:C:\Users\Lin\Desktop\sd\gpsImode_Proj\gpsImode_Proj.sdk\ImodeGps_Proj\Debug/../src/GPS.c:133: more undefined references to `Xil_In32' follow
./src/GPS.o: In function `Gps_FuncTest':
C:\Users\Lin\Desktop\sd\gpsImode_Proj\gpsImode_Proj.sdk\ImodeGps_Proj\Debug/../src/GPS.c:137: undefined reference to `xil_printf'
./src/GPS.o: In function `GPS_TriggerTimeTest':
C:\Users\Lin\Desktop\sd\gpsImode_Proj\gpsImode_Proj.sdk\ImodeGps_Proj\Debug/../src/GPS.c:152: undefined reference to `Xil_In32'
C:\Users\Lin\Desktop\sd\gpsImode_Proj\gpsImode_Proj.sdk\ImodeGps_Proj\Debug/../src/GPS.c:153: undefined reference to `Xil_In32'
C:\Users\Lin\Desktop\sd\gpsImode_Proj\gpsImode_Proj.sdk\ImodeGps_Proj\Debug/../src/GPS.c:165: undefined reference to `xil_printf'
./src/GPS.o: In function `Gps_GetTriggerTimeFromFpga':
C:\Users\Lin\Desktop\sd\gpsImode_Proj\gpsImode_Proj.sdk\ImodeGps_Proj\Debug/../src/GPS.c:175: undefined reference to `Xil_In32'
C:\Users\Lin\Desktop\sd\gpsImode_Proj\gpsImode_Proj.sdk\ImodeGps_Proj\Debug/../src/GPS.c:176: undefined reference to `Xil_In32'
./src/GPS.o: In function `GPS_printTime':
C:\Users\Lin\Desktop\sd\gpsImode_Proj\gpsImode_Proj.sdk\ImodeGps_Proj\Debug/../src/GPS.c:193: undefined reference to `xil_printf'
./src/SD_Card.o: In function `FfsSdPolledExample':
C:\Users\Lin\Desktop\sd\gpsImode_Proj\gpsImode_Proj.sdk\ImodeGps_Proj\Debug/../src/SD_Card.c:50: undefined reference to `f_mount'
C:\Users\Lin\Desktop\sd\gpsImode_Proj\gpsImode_Proj.sdk\ImodeGps_Proj\Debug/../src/SD_Card.c:59: undefined reference to `f_open'
C:\Users\Lin\Desktop\sd\gpsImode_Proj\gpsImode_Proj.sdk\ImodeGps_Proj\Debug/../src/SD_Card.c:64: undefined reference to `f_lseek'
C:\Users\Lin\Desktop\sd\gpsImode_Proj\gpsImode_Proj.sdk\ImodeGps_Proj\Debug/../src/SD_Card.c:98: undefined reference to `f_write'
C:\Users\Lin\Desktop\sd\gpsImode_Proj\gpsImode_Proj.sdk\ImodeGps_Proj\Debug/../src/SD_Card.c:108: undefined reference to `f_write'
C:\Users\Lin\Desktop\sd\gpsImode_Proj\gpsImode_Proj.sdk\ImodeGps_Proj\Debug/../src/SD_Card.c:112: undefined reference to `f_close'
./src/imodeAndGps_proj.o: In function `main':
C:\Users\Lin\Desktop\sd\gpsImode_Proj\gpsImode_Proj.sdk\ImodeGps_Proj\Debug/../src/imodeAndGps_proj.c:84: undefined reference to `print'
C:\Users\Lin\Desktop\sd\gpsImode_Proj\gpsImode_Proj.sdk\ImodeGps_Proj\Debug/../src/imodeAndGps_proj.c:85: undefined reference to `xil_printf'
C:\Users\Lin\Desktop\sd\gpsImode_Proj\gpsImode_Proj.sdk\ImodeGps_Proj\Debug/../src/imodeAndGps_proj.c:118: undefined reference to `xil_printf'
C:\Users\Lin\Desktop\sd\gpsImode_Proj\gpsImode_Proj.sdk\ImodeGps_Proj\Debug/../src/imodeAndGps_proj.c:121: undefined reference to `xil_printf'
./src/platform.o: In function `disable_caches':
C:\Users\Lin\Desktop\sd\gpsImode_Proj\gpsImode_Proj.sdk\ImodeGps_Proj\Debug/../src/platform.c:71: undefined reference to `Xil_DCacheDisable'
C:\Users\Lin\Desktop\sd\gpsImode_Proj\gpsImode_Proj.sdk\ImodeGps_Proj\Debug/../src/platform.c:72: undefined reference to `Xil_ICacheDisable'
./src/tdc.o: In function `TDC_config':
C:\Users\Lin\Desktop\sd\gpsImode_Proj\gpsImode_Proj.sdk\ImodeGps_Proj\Debug/../src/tdc.c:42: undefined reference to `Xil_Out32'
./src/tdc.o: In function `TDC_resetFifoFullFlag':
C:\Users\Lin\Desktop\sd\gpsImode_Proj\gpsImode_Proj.sdk\ImodeGps_Proj\Debug/../src/tdc.c:50: undefined reference to `Xil_Out32'
C:\Users\Lin\Desktop\sd\gpsImode_Proj\gpsImode_Proj.sdk\ImodeGps_Proj\Debug/../src/tdc.c:51: undefined reference to `Xil_Out32'
C:\Users\Lin\Desktop\sd\gpsImode_Proj\gpsImode_Proj.sdk\ImodeGps_Proj\Debug/../src/tdc.c:52: undefined reference to `Xil_Out32'
C:\Users\Lin\Desktop\sd\gpsImode_Proj\gpsImode_Proj.sdk\ImodeGps_Proj\Debug/../src/tdc.c:53: undefined reference to `Xil_Out32'
./src/tdc.o:C:\Users\Lin\Desktop\sd\gpsImode_Proj\gpsImode_Proj.sdk\ImodeGps_Proj\Debug/../src/tdc.c:54: more undefined references to `Xil_Out32' follow
./src/tdc.o: In function `TDC_ReadRegData':
C:\Users\Lin\Desktop\sd\gpsImode_Proj\gpsImode_Proj.sdk\ImodeGps_Proj\Debug/../src/tdc.c:89: undefined reference to `Xil_In32'
C:\Users\Lin\Desktop\sd\gpsImode_Proj\gpsImode_Proj.sdk\ImodeGps_Proj\Debug/../src/tdc.c:90: undefined reference to `Xil_Out32'
C:\Users\Lin\Desktop\sd\gpsImode_Proj\gpsImode_Proj.sdk\ImodeGps_Proj\Debug/../src/tdc.c:91: undefined reference to `Xil_Out32'
./src/tdc.o: In function `TDC_GetTriTimes':
C:\Users\Lin\Desktop\sd\gpsImode_Proj\gpsImode_Proj.sdk\ImodeGps_Proj\Debug/../src/tdc.c:101: undefined reference to `Xil_In32'
./src/tdc.o: In function `TdcFlagCheck':
C:\Users\Lin\Desktop\sd\gpsImode_Proj\gpsImode_Proj.sdk\ImodeGps_Proj\Debug/../src/tdc.c:146: undefined reference to `Xil_In32'
C:\Users\Lin\Desktop\sd\gpsImode_Proj\gpsImode_Proj.sdk\ImodeGps_Proj\Debug/../src/tdc.c:147: undefined reference to `Xil_In32'
C:\Users\Lin\Desktop\sd\gpsImode_Proj\gpsImode_Proj.sdk\ImodeGps_Proj\Debug/../src/tdc.c:148: undefined reference to `Xil_In32'
C:\Users\Lin\Desktop\sd\gpsImode_Proj\gpsImode_Proj.sdk\ImodeGps_Proj\Debug/../src/tdc.c:149: undefined reference to `Xil_In32'
./src/tdc.o:C:\Users\Lin\Desktop\sd\gpsImode_Proj\gpsImode_Proj.sdk\ImodeGps_Proj\Debug/../src/tdc.c:164: more undefined references to `Xil_In32' follow
d:/xilinx/sdk/2016.2/gnu/aarch32/nt/gcc-arm-none-eabi/bin/../lib/gcc/arm-none-eabi/4.9.2/../../../../arm-none-eabi/lib/v7-a/fpv3/hard\libc.a(lib_a-writer.o): In function `_write_r':
writer.c:(.text+0x28): undefined reference to `_write'
d:/xilinx/sdk/2016.2/gnu/aarch32/nt/gcc-arm-none-eabi/bin/../lib/gcc/arm-none-eabi/4.9.2/../../../../arm-none-eabi/lib/v7-a/fpv3/hard\libc.a(lib_a-closer.o): In function `_close_r':
closer.c:(.text+0x1c): undefined reference to `_close'
d:/xilinx/sdk/2016.2/gnu/aarch32/nt/gcc-arm-none-eabi/bin/../lib/gcc/arm-none-eabi/4.9.2/../../../../arm-none-eabi/lib/v7-a/fpv3/hard\libc.a(lib_a-lseekr.o): In function `_lseek_r':
lseekr.c:(.text+0x28): undefined reference to `_lseek'
d:/xilinx/sdk/2016.2/gnu/aarch32/nt/gcc-arm-none-eabi/bin/../lib/gcc/arm-none-eabi/4.9.2/../../../../arm-none-eabi/lib/v7-a/fpv3/hard\libc.a(lib_a-readr.o): In function `_read_r':
readr.c:(.text+0x28): undefined reference to `_read'
d:/xilinx/sdk/2016.2/gnu/aarch32/nt/gcc-arm-none-eabi/bin/../lib/gcc/arm-none-eabi/4.9.2/../../../../arm-none-eabi/lib/v7-a/fpv3/hard\libc.a(lib_a-sbrkr.o): In function `_sbrk_r':
sbrkr.c:(.text+0x1c): undefined reference to `_sbrk'
d:/xilinx/sdk/2016.2/gnu/aarch32/nt/gcc-arm-none-eabi/bin/../lib/gcc/arm-none-eabi/4.9.2/../../../../arm-none-eabi/lib/v7-a/fpv3/hard\libc.a(lib_a-fstatr.o): In function `_fstat_r':
fstatr.c:(.text+0x24): undefined reference to `_fstat'
d:/xilinx/sdk/2016.2/gnu/aarch32/nt/gcc-arm-none-eabi/bin/../lib/gcc/arm-none-eabi/4.9.2/../../../../arm-none-eabi/lib/v7-a/fpv3/hard\libc.a(lib_a-isattyr.o): In function `_isatty_r':
isattyr.c:(.text+0x1c): undefined reference to `_isatty'
collect2.exe: error: ld returned 1 exit status
make: *** [ImodeGps_Proj.elf] ´íÎó 1

15:09:41 Build Finished (took 328ms)

