Copyright 1986-2016 Xilinx, Inc. All Rights Reserved.
----------------------------------------------------------------------------------------------------------------------------------------------------------------------
| Tool Version     : Vivado v.2016.2 (win64) Build 1577090 Thu Jun  2 16:32:40 MDT 2016
| Date             : Fri Jan 06 14:33:04 2017
| Host             : DESKTOP-G26N4G8 running 64-bit major release  (build 9200)
| Command          : report_power -file gpsImode_wrapper_power_routed.rpt -pb gpsImode_wrapper_power_summary_routed.pb -rpx gpsImode_wrapper_power_routed.rpx
| Design           : gpsImode_wrapper
| Device           : xc7z020clg484-1
| Design State     : routed
| Grade            : commercial
| Process          : typical
| Characterization : Production
----------------------------------------------------------------------------------------------------------------------------------------------------------------------

Power Report

Table of Contents
-----------------
1. Summary
1.1 On-Chip Components
1.2 Power Supply Summary
1.3 Confidence Level
2. Settings
2.1 Environment
2.2 Clock Constraints
3. Detailed Reports
3.1 By Hierarchy

1. Summary
----------

+--------------------------+-------+
| Total On-Chip Power (W)  | 1.757 |
| Dynamic (W)              | 1.587 |
| Device Static (W)        | 0.170 |
| Effective TJA (C/W)      | 11.5  |
| Max Ambient (C)          | 64.7  |
| Junction Temperature (C) | 45.3  |
| Confidence Level         | Low   |
| Setting File             | ---   |
| Simulation Activity File | ---   |
| Design Nets Matched      | NA    |
+--------------------------+-------+


1.1 On-Chip Components
----------------------

+-------------------------+-----------+----------+-----------+-----------------+
| On-Chip                 | Power (W) | Used     | Available | Utilization (%) |
+-------------------------+-----------+----------+-----------+-----------------+
| Clocks                  |     0.018 |        3 |       --- |             --- |
| Slice Logic             |     0.003 |    10098 |       --- |             --- |
|   LUT as Logic          |     0.002 |     3176 |     53200 |            5.97 |
|   CARRY4                |    <0.001 |      452 |     13300 |            3.40 |
|   Register              |    <0.001 |     4622 |    106400 |            4.34 |
|   F7/F8 Muxes           |    <0.001 |      146 |     53200 |            0.27 |
|   LUT as Shift Register |    <0.001 |       78 |     17400 |            0.45 |
|   Others                |     0.000 |     1117 |       --- |             --- |
| Signals                 |     0.007 |     7992 |       --- |             --- |
| Block RAM               |     0.013 |      109 |       140 |           77.86 |
| I/O                     |     0.017 |       67 |       200 |           33.50 |
| PS7                     |     1.529 |        1 |       --- |             --- |
| Static Power            |     0.170 |          |           |                 |
| Total                   |     1.757 |          |           |                 |
+-------------------------+-----------+----------+-----------+-----------------+


1.2 Power Supply Summary
------------------------

+-----------+-------------+-----------+-------------+------------+
| Source    | Voltage (V) | Total (A) | Dynamic (A) | Static (A) |
+-----------+-------------+-----------+-------------+------------+
| Vccint    |       1.000 |     0.059 |       0.040 |      0.019 |
| Vccaux    |       1.800 |     0.021 |       0.001 |      0.021 |
| Vcco33    |       3.300 |     0.006 |       0.005 |      0.001 |
| Vcco25    |       2.500 |     0.000 |       0.000 |      0.000 |
| Vcco18    |       1.800 |     0.001 |       0.000 |      0.001 |
| Vcco15    |       1.500 |     0.001 |       0.000 |      0.001 |
| Vcco135   |       1.350 |     0.000 |       0.000 |      0.000 |
| Vcco12    |       1.200 |     0.000 |       0.000 |      0.000 |
| Vccaux_io |       1.800 |     0.000 |       0.000 |      0.000 |
| Vccbram   |       1.000 |     0.009 |       0.001 |      0.008 |
| MGTAVcc   |       1.000 |     0.000 |       0.000 |      0.000 |
| MGTAVtt   |       1.200 |     0.000 |       0.000 |      0.000 |
| MGTVccaux |       1.800 |     0.000 |       0.000 |      0.000 |
| Vccpint   |       1.000 |     0.749 |       0.718 |      0.031 |
| Vccpaux   |       1.800 |     0.061 |       0.051 |      0.010 |
| Vccpll    |       1.800 |     0.017 |       0.014 |      0.003 |
| Vcco_ddr  |       1.500 |     0.459 |       0.457 |      0.002 |
| Vcco_mio0 |       3.300 |     0.003 |       0.002 |      0.001 |
| Vcco_mio1 |       1.800 |     0.003 |       0.002 |      0.001 |
| Vccadc    |       1.800 |     0.020 |       0.000 |      0.020 |
+-----------+-------------+-----------+-------------+------------+


1.3 Confidence Level
--------------------

+-----------------------------+------------+--------------------------------------------------------+------------------------------------------------------------------------------------------------------------+
| User Input Data             | Confidence | Details                                                | Action                                                                                                     |
+-----------------------------+------------+--------------------------------------------------------+------------------------------------------------------------------------------------------------------------+
| Design implementation state | High       | Design is routed                                       |                                                                                                            |
| Clock nodes activity        | High       | User specified more than 95% of clocks                 |                                                                                                            |
| I/O nodes activity          | Low        | More than 75% of inputs are missing user specification | Provide missing input activity with simulation results or by editing the "By Resource Type -> I/Os" view   |
| Internal nodes activity     | Medium     | User specified less than 25% of internal nodes         | Provide missing internal nodes activity with simulation results or by editing the "By Resource Type" views |
| Device models               | High       | Device models are Production                           |                                                                                                            |
|                             |            |                                                        |                                                                                                            |
| Overall confidence level    | Low        |                                                        |                                                                                                            |
+-----------------------------+------------+--------------------------------------------------------+------------------------------------------------------------------------------------------------------------+


2. Settings
-----------

2.1 Environment
---------------

+-----------------------+------------------------+
| Ambient Temp (C)      | 25.0                   |
| ThetaJA (C/W)         | 11.5                   |
| Airflow (LFM)         | 250                    |
| Heat Sink             | none                   |
| ThetaSA (C/W)         | 0.0                    |
| Board Selection       | medium (10"x10")       |
| # of Board Layers     | 8to11 (8 to 11 Layers) |
| Board Temperature (C) | 25.0                   |
+-----------------------+------------------------+


2.2 Clock Constraints
---------------------

+------------+-------------------------------------------------------------+-----------------+
| Clock      | Domain                                                      | Constraint (ns) |
+------------+-------------------------------------------------------------+-----------------+
| clk_fpga_0 | gpsImode_i/processing_system7_0/inst/FCLK_CLK_unbuffered[0] |            10.0 |
+------------+-------------------------------------------------------------+-----------------+


3. Detailed Reports
-------------------

3.1 By Hierarchy
----------------

+-----------------------------------------------------------------------------+-----------+
| Name                                                                        | Power (W) |
+-----------------------------------------------------------------------------+-----------+
| gpsImode_wrapper                                                            |     1.587 |
|   gpsImode_i                                                                |     1.575 |
|     axi_uartlite_0                                                          |    <0.001 |
|       U0                                                                    |    <0.001 |
|         AXI_LITE_IPIF_I                                                     |    <0.001 |
|           I_SLAVE_ATTACHMENT                                                |    <0.001 |
|             I_DECODER                                                       |    <0.001 |
|               MEM_DECODE_GEN[0].PER_CE_GEN[0].MULTIPLE_CES_THIS_CS_GEN.CE_I |    <0.001 |
|               MEM_DECODE_GEN[0].PER_CE_GEN[2].MULTIPLE_CES_THIS_CS_GEN.CE_I |    <0.001 |
|         UARTLITE_CORE_I                                                     |    <0.001 |
|           BAUD_RATE_I                                                       |    <0.001 |
|           UARTLITE_RX_I                                                     |    <0.001 |
|             DELAY_16_I                                                      |    <0.001 |
|             INPUT_DOUBLE_REGS3                                              |    <0.001 |
|             SRL_FIFO_I                                                      |    <0.001 |
|               I_SRL_FIFO_RBU_F                                              |    <0.001 |
|                 CNTR_INCR_DECR_ADDN_F_I                                     |    <0.001 |
|                 DYNSHREG_F_I                                                |    <0.001 |
|           UARTLITE_TX_I                                                     |    <0.001 |
|             MID_START_BIT_SRL16_I                                           |    <0.001 |
|             SRL_FIFO_I                                                      |    <0.001 |
|               I_SRL_FIFO_RBU_F                                              |    <0.001 |
|                 CNTR_INCR_DECR_ADDN_F_I                                     |    <0.001 |
|                 DYNSHREG_F_I                                                |    <0.001 |
|     fifo_generator_0                                                        |    <0.001 |
|       U0                                                                    |    <0.001 |
|         inst_fifo_gen                                                       |    <0.001 |
|           gconvfifo.rf                                                      |    <0.001 |
|             grf.rf                                                          |    <0.001 |
|               gntv_or_sync_fifo.gl0.rd                                      |    <0.001 |
|                 grss.rsts                                                   |    <0.001 |
|                   c1                                                        |    <0.001 |
|                   c2                                                        |    <0.001 |
|                 rpntr                                                       |    <0.001 |
|               gntv_or_sync_fifo.gl0.wr                                      |    <0.001 |
|                 gwss.wsts                                                   |    <0.001 |
|                   c0                                                        |    <0.001 |
|                   c1                                                        |    <0.001 |
|                 wpntr                                                       |    <0.001 |
|               gntv_or_sync_fifo.mem                                         |    <0.001 |
|                 gbm.gbmg.gbmga.ngecc.bmg                                    |    <0.001 |
|                   inst_blk_mem_gen                                          |    <0.001 |
|                     gnbram.gnativebmg.native_blk_mem_gen                    |    <0.001 |
|                       valid.cstr                                            |    <0.001 |
|                         has_mux_b.B                                         |    <0.001 |
|                         ramloop[0].ram.r                                    |    <0.001 |
|                           prim_noinit.ram                                   |    <0.001 |
|                         ramloop[1].ram.r                                    |    <0.001 |
|                           prim_noinit.ram                                   |    <0.001 |
|                         ramloop[2].ram.r                                    |    <0.001 |
|                           prim_noinit.ram                                   |    <0.001 |
|                         ramloop[3].ram.r                                    |    <0.001 |
|                           prim_noinit.ram                                   |    <0.001 |
|     fifo_generator_1                                                        |    <0.001 |
|       U0                                                                    |    <0.001 |
|         inst_fifo_gen                                                       |    <0.001 |
|           gconvfifo.rf                                                      |    <0.001 |
|             grf.rf                                                          |    <0.001 |
|               gntv_or_sync_fifo.gl0.rd                                      |    <0.001 |
|                 grss.rsts                                                   |    <0.001 |
|                   c1                                                        |    <0.001 |
|                   c2                                                        |    <0.001 |
|                 rpntr                                                       |    <0.001 |
|               gntv_or_sync_fifo.gl0.wr                                      |    <0.001 |
|                 gwss.wsts                                                   |    <0.001 |
|                   c0                                                        |    <0.001 |
|                   c1                                                        |    <0.001 |
|                 wpntr                                                       |    <0.001 |
|               gntv_or_sync_fifo.mem                                         |    <0.001 |
|                 gbm.gbmg.gbmga.ngecc.bmg                                    |    <0.001 |
|                   inst_blk_mem_gen                                          |    <0.001 |
|                     gnbram.gnativebmg.native_blk_mem_gen                    |    <0.001 |
|                       valid.cstr                                            |    <0.001 |
|                         has_mux_b.B                                         |    <0.001 |
|                         ramloop[0].ram.r                                    |    <0.001 |
|                           prim_noinit.ram                                   |    <0.001 |
|                         ramloop[1].ram.r                                    |    <0.001 |
|                           prim_noinit.ram                                   |    <0.001 |
|                         ramloop[2].ram.r                                    |    <0.001 |
|                           prim_noinit.ram                                   |    <0.001 |
|                         ramloop[3].ram.r                                    |    <0.001 |
|                           prim_noinit.ram                                   |    <0.001 |
|     fifo_generator_10                                                       |    <0.001 |
|       U0                                                                    |    <0.001 |
|         inst_fifo_gen                                                       |    <0.001 |
|           gconvfifo.rf                                                      |    <0.001 |
|             grf.rf                                                          |    <0.001 |
|               gntv_or_sync_fifo.gl0.rd                                      |    <0.001 |
|                 grss.rsts                                                   |    <0.001 |
|                   c1                                                        |    <0.001 |
|                   c2                                                        |    <0.001 |
|                 rpntr                                                       |    <0.001 |
|               gntv_or_sync_fifo.gl0.wr                                      |    <0.001 |
|                 gwss.wsts                                                   |    <0.001 |
|                   c0                                                        |    <0.001 |
|                   c1                                                        |    <0.001 |
|                 wpntr                                                       |    <0.001 |
|               gntv_or_sync_fifo.mem                                         |    <0.001 |
|                 gbm.gbmg.gbmga.ngecc.bmg                                    |    <0.001 |
|                   inst_blk_mem_gen                                          |    <0.001 |
|                     gnbram.gnativebmg.native_blk_mem_gen                    |    <0.001 |
|                       valid.cstr                                            |    <0.001 |
|                         has_mux_b.B                                         |    <0.001 |
|                         ramloop[0].ram.r                                    |    <0.001 |
|                           prim_noinit.ram                                   |    <0.001 |
|                         ramloop[1].ram.r                                    |    <0.001 |
|                           prim_noinit.ram                                   |    <0.001 |
|                         ramloop[2].ram.r                                    |    <0.001 |
|                           prim_noinit.ram                                   |    <0.001 |
|                         ramloop[3].ram.r                                    |    <0.001 |
|                           prim_noinit.ram                                   |    <0.001 |
|     fifo_generator_11                                                       |    <0.001 |
|       U0                                                                    |    <0.001 |
|         inst_fifo_gen                                                       |    <0.001 |
|           gconvfifo.rf                                                      |    <0.001 |
|             grf.rf                                                          |    <0.001 |
|               gntv_or_sync_fifo.gl0.rd                                      |    <0.001 |
|                 grss.rsts                                                   |    <0.001 |
|                   c1                                                        |    <0.001 |
|                   c2                                                        |    <0.001 |
|                 rpntr                                                       |    <0.001 |
|               gntv_or_sync_fifo.gl0.wr                                      |    <0.001 |
|                 gwss.wsts                                                   |    <0.001 |
|                   c0                                                        |    <0.001 |
|                   c1                                                        |    <0.001 |
|                 wpntr                                                       |    <0.001 |
|               gntv_or_sync_fifo.mem                                         |    <0.001 |
|                 gbm.gbmg.gbmga.ngecc.bmg                                    |    <0.001 |
|                   inst_blk_mem_gen                                          |    <0.001 |
|                     gnbram.gnativebmg.native_blk_mem_gen                    |    <0.001 |
|                       valid.cstr                                            |    <0.001 |
|                         has_mux_b.B                                         |    <0.001 |
|                         ramloop[0].ram.r                                    |    <0.001 |
|                           prim_noinit.ram                                   |    <0.001 |
|                         ramloop[1].ram.r                                    |    <0.001 |
|                           prim_noinit.ram                                   |    <0.001 |
|                         ramloop[2].ram.r                                    |    <0.001 |
|                           prim_noinit.ram                                   |    <0.001 |
|                         ramloop[3].ram.r                                    |    <0.001 |
|                           prim_noinit.ram                                   |    <0.001 |
|     fifo_generator_12                                                       |    <0.001 |
|       U0                                                                    |    <0.001 |
|         inst_fifo_gen                                                       |    <0.001 |
|           gconvfifo.rf                                                      |    <0.001 |
|             grf.rf                                                          |    <0.001 |
|               gntv_or_sync_fifo.gl0.rd                                      |    <0.001 |
|                 grss.rsts                                                   |    <0.001 |
|                   c1                                                        |    <0.001 |
|                   c2                                                        |    <0.001 |
|                 rpntr                                                       |    <0.001 |
|               gntv_or_sync_fifo.gl0.wr                                      |    <0.001 |
|                 gwss.wsts                                                   |    <0.001 |
|                   c0                                                        |    <0.001 |
|                   c1                                                        |    <0.001 |
|                 wpntr                                                       |    <0.001 |
|               gntv_or_sync_fifo.mem                                         |    <0.001 |
|                 gbm.gbmg.gbmga.ngecc.bmg                                    |    <0.001 |
|                   inst_blk_mem_gen                                          |    <0.001 |
|                     gnbram.gnativebmg.native_blk_mem_gen                    |    <0.001 |
|                       valid.cstr                                            |    <0.001 |
|                         has_mux_b.B                                         |    <0.001 |
|                         ramloop[0].ram.r                                    |    <0.001 |
|                           prim_noinit.ram                                   |    <0.001 |
|                         ramloop[1].ram.r                                    |    <0.001 |
|                           prim_noinit.ram                                   |    <0.001 |
|                         ramloop[2].ram.r                                    |    <0.001 |
|                           prim_noinit.ram                                   |    <0.001 |
|                         ramloop[3].ram.r                                    |    <0.001 |
|                           prim_noinit.ram                                   |    <0.001 |
|     fifo_generator_13                                                       |    <0.001 |
|       U0                                                                    |    <0.001 |
|         inst_fifo_gen                                                       |    <0.001 |
|           gconvfifo.rf                                                      |    <0.001 |
|             grf.rf                                                          |    <0.001 |
|               gntv_or_sync_fifo.gl0.rd                                      |    <0.001 |
|                 grss.rsts                                                   |    <0.001 |
|                   c1                                                        |    <0.001 |
|                   c2                                                        |    <0.001 |
|                 rpntr                                                       |    <0.001 |
|               gntv_or_sync_fifo.gl0.wr                                      |    <0.001 |
|                 gwss.wsts                                                   |    <0.001 |
|                   c0                                                        |    <0.001 |
|                   c1                                                        |    <0.001 |
|                 wpntr                                                       |    <0.001 |
|               gntv_or_sync_fifo.mem                                         |    <0.001 |
|                 gbm.gbmg.gbmga.ngecc.bmg                                    |    <0.001 |
|                   inst_blk_mem_gen                                          |    <0.001 |
|                     gnbram.gnativebmg.native_blk_mem_gen                    |    <0.001 |
|                       valid.cstr                                            |    <0.001 |
|                         has_mux_b.B                                         |    <0.001 |
|                         ramloop[0].ram.r                                    |    <0.001 |
|                           prim_noinit.ram                                   |    <0.001 |
|                         ramloop[1].ram.r                                    |    <0.001 |
|                           prim_noinit.ram                                   |    <0.001 |
|                         ramloop[2].ram.r                                    |    <0.001 |
|                           prim_noinit.ram                                   |    <0.001 |
|                         ramloop[3].ram.r                                    |    <0.001 |
|                           prim_noinit.ram                                   |    <0.001 |
|     fifo_generator_14                                                       |    <0.001 |
|       U0                                                                    |    <0.001 |
|         inst_fifo_gen                                                       |    <0.001 |
|           gconvfifo.rf                                                      |    <0.001 |
|             grf.rf                                                          |    <0.001 |
|               gntv_or_sync_fifo.gl0.rd                                      |    <0.001 |
|                 grss.rsts                                                   |    <0.001 |
|                   c1                                                        |    <0.001 |
|                   c2                                                        |    <0.001 |
|                 rpntr                                                       |    <0.001 |
|               gntv_or_sync_fifo.gl0.wr                                      |    <0.001 |
|                 gwss.wsts                                                   |    <0.001 |
|                   c0                                                        |    <0.001 |
|                   c1                                                        |    <0.001 |
|                 wpntr                                                       |    <0.001 |
|               gntv_or_sync_fifo.mem                                         |    <0.001 |
|                 gbm.gbmg.gbmga.ngecc.bmg                                    |    <0.001 |
|                   inst_blk_mem_gen                                          |    <0.001 |
|                     gnbram.gnativebmg.native_blk_mem_gen                    |    <0.001 |
|                       valid.cstr                                            |    <0.001 |
|                         has_mux_b.B                                         |    <0.001 |
|                         ramloop[0].ram.r                                    |    <0.001 |
|                           prim_noinit.ram                                   |    <0.001 |
|                         ramloop[1].ram.r                                    |    <0.001 |
|                           prim_noinit.ram                                   |    <0.001 |
|                         ramloop[2].ram.r                                    |    <0.001 |
|                           prim_noinit.ram                                   |    <0.001 |
|                         ramloop[3].ram.r                                    |    <0.001 |
|                           prim_noinit.ram                                   |    <0.001 |
|     fifo_generator_15                                                       |    <0.001 |
|       U0                                                                    |    <0.001 |
|         inst_fifo_gen                                                       |    <0.001 |
|           gconvfifo.rf                                                      |    <0.001 |
|             grf.rf                                                          |    <0.001 |
|               gntv_or_sync_fifo.gl0.rd                                      |    <0.001 |
|                 grss.rsts                                                   |    <0.001 |
|                   c1                                                        |    <0.001 |
|                   c2                                                        |    <0.001 |
|                 rpntr                                                       |    <0.001 |
|               gntv_or_sync_fifo.gl0.wr                                      |    <0.001 |
|                 gwss.wsts                                                   |    <0.001 |
|                   c0                                                        |    <0.001 |
|                   c1                                                        |    <0.001 |
|                 wpntr                                                       |    <0.001 |
|               gntv_or_sync_fifo.mem                                         |    <0.001 |
|                 gbm.gbmg.gbmga.ngecc.bmg                                    |    <0.001 |
|                   inst_blk_mem_gen                                          |    <0.001 |
|                     gnbram.gnativebmg.native_blk_mem_gen                    |    <0.001 |
|                       valid.cstr                                            |    <0.001 |
|                         has_mux_b.B                                         |    <0.001 |
|                         ramloop[0].ram.r                                    |    <0.001 |
|                           prim_noinit.ram                                   |    <0.001 |
|                         ramloop[1].ram.r                                    |    <0.001 |
|                           prim_noinit.ram                                   |    <0.001 |
|                         ramloop[2].ram.r                                    |    <0.001 |
|                           prim_noinit.ram                                   |    <0.001 |
|                         ramloop[3].ram.r                                    |    <0.001 |
|                           prim_noinit.ram                                   |    <0.001 |
|     fifo_generator_16                                                       |     0.001 |
|       U0                                                                    |     0.001 |
|         inst_fifo_gen                                                       |     0.001 |
|           gconvfifo.rf                                                      |     0.001 |
|             grf.rf                                                          |     0.001 |
|               gntv_or_sync_fifo.gl0.rd                                      |    <0.001 |
|                 grss.rsts                                                   |    <0.001 |
|                   c1                                                        |    <0.001 |
|                   c2                                                        |    <0.001 |
|                 rpntr                                                       |    <0.001 |
|               gntv_or_sync_fifo.gl0.wr                                      |    <0.001 |
|                 gwss.wsts                                                   |    <0.001 |
|                   c0                                                        |    <0.001 |
|                   c1                                                        |    <0.001 |
|                 wpntr                                                       |    <0.001 |
|               gntv_or_sync_fifo.mem                                         |     0.001 |
|                 gbm.gbmg.gbmga.ngecc.bmg                                    |     0.001 |
|                   inst_blk_mem_gen                                          |     0.001 |
|                     gnbram.gnativebmg.native_blk_mem_gen                    |     0.001 |
|                       valid.cstr                                            |     0.001 |
|                         has_mux_b.B                                         |    <0.001 |
|                         ramloop[0].ram.r                                    |    <0.001 |
|                           prim_noinit.ram                                   |    <0.001 |
|                         ramloop[1].ram.r                                    |    <0.001 |
|                           prim_noinit.ram                                   |    <0.001 |
|                         ramloop[2].ram.r                                    |    <0.001 |
|                           prim_noinit.ram                                   |    <0.001 |
|                         ramloop[3].ram.r                                    |    <0.001 |
|                           prim_noinit.ram                                   |    <0.001 |
|                         ramloop[4].ram.r                                    |    <0.001 |
|                           prim_noinit.ram                                   |    <0.001 |
|                         ramloop[5].ram.r                                    |    <0.001 |
|                           prim_noinit.ram                                   |    <0.001 |
|                         ramloop[6].ram.r                                    |    <0.001 |
|                           prim_noinit.ram                                   |    <0.001 |
|                         ramloop[7].ram.r                                    |    <0.001 |
|                           prim_noinit.ram                                   |    <0.001 |
|     fifo_generator_17                                                       |     0.001 |
|       U0                                                                    |     0.001 |
|         inst_fifo_gen                                                       |     0.001 |
|           gconvfifo.rf                                                      |     0.001 |
|             grf.rf                                                          |     0.001 |
|               gntv_or_sync_fifo.gl0.rd                                      |    <0.001 |
|                 grss.rsts                                                   |    <0.001 |
|                   c1                                                        |    <0.001 |
|                   c2                                                        |    <0.001 |
|                 rpntr                                                       |    <0.001 |
|               gntv_or_sync_fifo.gl0.wr                                      |    <0.001 |
|                 gwss.wsts                                                   |    <0.001 |
|                   c0                                                        |    <0.001 |
|                   c1                                                        |    <0.001 |
|                 wpntr                                                       |    <0.001 |
|               gntv_or_sync_fifo.mem                                         |     0.001 |
|                 gbm.gbmg.gbmga.ngecc.bmg                                    |     0.001 |
|                   inst_blk_mem_gen                                          |     0.001 |
|                     gnbram.gnativebmg.native_blk_mem_gen                    |     0.001 |
|                       valid.cstr                                            |     0.001 |
|                         has_mux_b.B                                         |    <0.001 |
|                         ramloop[0].ram.r                                    |    <0.001 |
|                           prim_noinit.ram                                   |    <0.001 |
|                         ramloop[1].ram.r                                    |    <0.001 |
|                           prim_noinit.ram                                   |    <0.001 |
|                         ramloop[2].ram.r                                    |    <0.001 |
|                           prim_noinit.ram                                   |    <0.001 |
|                         ramloop[3].ram.r                                    |    <0.001 |
|                           prim_noinit.ram                                   |    <0.001 |
|                         ramloop[4].ram.r                                    |    <0.001 |
|                           prim_noinit.ram                                   |    <0.001 |
|                         ramloop[5].ram.r                                    |    <0.001 |
|                           prim_noinit.ram                                   |    <0.001 |
|                         ramloop[6].ram.r                                    |    <0.001 |
|                           prim_noinit.ram                                   |    <0.001 |
|                         ramloop[7].ram.r                                    |    <0.001 |
|                           prim_noinit.ram                                   |    <0.001 |
|     fifo_generator_18                                                       |     0.001 |
|       U0                                                                    |     0.001 |
|         inst_fifo_gen                                                       |     0.001 |
|           gconvfifo.rf                                                      |     0.001 |
|             grf.rf                                                          |     0.001 |
|               gntv_or_sync_fifo.gl0.rd                                      |    <0.001 |
|                 grss.rsts                                                   |    <0.001 |
|                   c1                                                        |    <0.001 |
|                   c2                                                        |    <0.001 |
|                 rpntr                                                       |    <0.001 |
|               gntv_or_sync_fifo.gl0.wr                                      |    <0.001 |
|                 gwss.wsts                                                   |    <0.001 |
|                   c0                                                        |    <0.001 |
|                   c1                                                        |    <0.001 |
|                 wpntr                                                       |    <0.001 |
|               gntv_or_sync_fifo.mem                                         |     0.001 |
|                 gbm.gbmg.gbmga.ngecc.bmg                                    |     0.001 |
|                   inst_blk_mem_gen                                          |     0.001 |
|                     gnbram.gnativebmg.native_blk_mem_gen                    |     0.001 |
|                       valid.cstr                                            |     0.001 |
|                         has_mux_b.B                                         |    <0.001 |
|                         ramloop[0].ram.r                                    |    <0.001 |
|                           prim_noinit.ram                                   |    <0.001 |
|                         ramloop[1].ram.r                                    |    <0.001 |
|                           prim_noinit.ram                                   |    <0.001 |
|                         ramloop[2].ram.r                                    |    <0.001 |
|                           prim_noinit.ram                                   |    <0.001 |
|                         ramloop[3].ram.r                                    |    <0.001 |
|                           prim_noinit.ram                                   |    <0.001 |
|                         ramloop[4].ram.r                                    |    <0.001 |
|                           prim_noinit.ram                                   |    <0.001 |
|                         ramloop[5].ram.r                                    |    <0.001 |
|                           prim_noinit.ram                                   |    <0.001 |
|                         ramloop[6].ram.r                                    |    <0.001 |
|                           prim_noinit.ram                                   |    <0.001 |
|                         ramloop[7].ram.r                                    |    <0.001 |
|                           prim_noinit.ram                                   |    <0.001 |
|     fifo_generator_19                                                       |     0.001 |
|       U0                                                                    |     0.001 |
|         inst_fifo_gen                                                       |     0.001 |
|           gconvfifo.rf                                                      |     0.001 |
|             grf.rf                                                          |     0.001 |
|               gntv_or_sync_fifo.gl0.rd                                      |    <0.001 |
|                 grss.rsts                                                   |    <0.001 |
|                   c1                                                        |    <0.001 |
|                   c2                                                        |    <0.001 |
|                 rpntr                                                       |    <0.001 |
|               gntv_or_sync_fifo.gl0.wr                                      |    <0.001 |
|                 gwss.wsts                                                   |    <0.001 |
|                   c0                                                        |    <0.001 |
|                   c1                                                        |    <0.001 |
|                 wpntr                                                       |    <0.001 |
|               gntv_or_sync_fifo.mem                                         |     0.001 |
|                 gbm.gbmg.gbmga.ngecc.bmg                                    |     0.001 |
|                   inst_blk_mem_gen                                          |     0.001 |
|                     gnbram.gnativebmg.native_blk_mem_gen                    |     0.001 |
|                       valid.cstr                                            |     0.001 |
|                         has_mux_b.B                                         |    <0.001 |
|                         ramloop[0].ram.r                                    |    <0.001 |
|                           prim_noinit.ram                                   |    <0.001 |
|                         ramloop[1].ram.r                                    |    <0.001 |
|                           prim_noinit.ram                                   |    <0.001 |
|                         ramloop[2].ram.r                                    |    <0.001 |
|                           prim_noinit.ram                                   |    <0.001 |
|                         ramloop[3].ram.r                                    |    <0.001 |
|                           prim_noinit.ram                                   |    <0.001 |
|                         ramloop[4].ram.r                                    |    <0.001 |
|                           prim_noinit.ram                                   |    <0.001 |
|                         ramloop[5].ram.r                                    |    <0.001 |
|                           prim_noinit.ram                                   |    <0.001 |
|                         ramloop[6].ram.r                                    |    <0.001 |
|                           prim_noinit.ram                                   |    <0.001 |
|                         ramloop[7].ram.r                                    |    <0.001 |
|                           prim_noinit.ram                                   |    <0.001 |
|     fifo_generator_2                                                        |    <0.001 |
|       U0                                                                    |    <0.001 |
|         inst_fifo_gen                                                       |    <0.001 |
|           gconvfifo.rf                                                      |    <0.001 |
|             grf.rf                                                          |    <0.001 |
|               gntv_or_sync_fifo.gl0.rd                                      |    <0.001 |
|                 grss.rsts                                                   |    <0.001 |
|                   c1                                                        |    <0.001 |
|                   c2                                                        |    <0.001 |
|                 rpntr                                                       |    <0.001 |
|               gntv_or_sync_fifo.gl0.wr                                      |    <0.001 |
|                 gwss.wsts                                                   |    <0.001 |
|                   c0                                                        |    <0.001 |
|                   c1                                                        |    <0.001 |
|                 wpntr                                                       |    <0.001 |
|               gntv_or_sync_fifo.mem                                         |    <0.001 |
|                 gbm.gbmg.gbmga.ngecc.bmg                                    |    <0.001 |
|                   inst_blk_mem_gen                                          |    <0.001 |
|                     gnbram.gnativebmg.native_blk_mem_gen                    |    <0.001 |
|                       valid.cstr                                            |    <0.001 |
|                         has_mux_b.B                                         |    <0.001 |
|                         ramloop[0].ram.r                                    |    <0.001 |
|                           prim_noinit.ram                                   |    <0.001 |
|                         ramloop[1].ram.r                                    |    <0.001 |
|                           prim_noinit.ram                                   |    <0.001 |
|                         ramloop[2].ram.r                                    |    <0.001 |
|                           prim_noinit.ram                                   |    <0.001 |
|                         ramloop[3].ram.r                                    |    <0.001 |
|                           prim_noinit.ram                                   |    <0.001 |
|     fifo_generator_20                                                       |     0.001 |
|       U0                                                                    |     0.001 |
|         inst_fifo_gen                                                       |     0.001 |
|           gconvfifo.rf                                                      |     0.001 |
|             grf.rf                                                          |     0.001 |
|               gntv_or_sync_fifo.gl0.rd                                      |    <0.001 |
|                 grss.rsts                                                   |    <0.001 |
|                   c1                                                        |    <0.001 |
|                   c2                                                        |    <0.001 |
|                 rpntr                                                       |    <0.001 |
|               gntv_or_sync_fifo.gl0.wr                                      |    <0.001 |
|                 gwss.wsts                                                   |    <0.001 |
|                   c0                                                        |    <0.001 |
|                   c1                                                        |    <0.001 |
|                 wpntr                                                       |    <0.001 |
|               gntv_or_sync_fifo.mem                                         |     0.001 |
|                 gbm.gbmg.gbmga.ngecc.bmg                                    |     0.001 |
|                   inst_blk_mem_gen                                          |     0.001 |
|                     gnbram.gnativebmg.native_blk_mem_gen                    |     0.001 |
|                       valid.cstr                                            |     0.001 |
|                         has_mux_b.B                                         |    <0.001 |
|                         ramloop[0].ram.r                                    |    <0.001 |
|                           prim_noinit.ram                                   |    <0.001 |
|                         ramloop[1].ram.r                                    |    <0.001 |
|                           prim_noinit.ram                                   |    <0.001 |
|                         ramloop[2].ram.r                                    |    <0.001 |
|                           prim_noinit.ram                                   |    <0.001 |
|                         ramloop[3].ram.r                                    |    <0.001 |
|                           prim_noinit.ram                                   |    <0.001 |
|                         ramloop[4].ram.r                                    |    <0.001 |
|                           prim_noinit.ram                                   |    <0.001 |
|                         ramloop[5].ram.r                                    |    <0.001 |
|                           prim_noinit.ram                                   |    <0.001 |
|                         ramloop[6].ram.r                                    |    <0.001 |
|                           prim_noinit.ram                                   |    <0.001 |
|                         ramloop[7].ram.r                                    |    <0.001 |
|                           prim_noinit.ram                                   |    <0.001 |
|     fifo_generator_21                                                       |     0.001 |
|       U0                                                                    |     0.001 |
|         inst_fifo_gen                                                       |     0.001 |
|           gconvfifo.rf                                                      |     0.001 |
|             grf.rf                                                          |     0.001 |
|               gntv_or_sync_fifo.gl0.rd                                      |    <0.001 |
|                 grss.rsts                                                   |    <0.001 |
|                   c1                                                        |    <0.001 |
|                   c2                                                        |    <0.001 |
|                 rpntr                                                       |    <0.001 |
|               gntv_or_sync_fifo.gl0.wr                                      |    <0.001 |
|                 gwss.wsts                                                   |    <0.001 |
|                   c0                                                        |    <0.001 |
|                   c1                                                        |    <0.001 |
|                 wpntr                                                       |    <0.001 |
|               gntv_or_sync_fifo.mem                                         |     0.001 |
|                 gbm.gbmg.gbmga.ngecc.bmg                                    |     0.001 |
|                   inst_blk_mem_gen                                          |     0.001 |
|                     gnbram.gnativebmg.native_blk_mem_gen                    |     0.001 |
|                       valid.cstr                                            |     0.001 |
|                         has_mux_b.B                                         |    <0.001 |
|                         ramloop[0].ram.r                                    |    <0.001 |
|                           prim_noinit.ram                                   |    <0.001 |
|                         ramloop[1].ram.r                                    |    <0.001 |
|                           prim_noinit.ram                                   |    <0.001 |
|                         ramloop[2].ram.r                                    |    <0.001 |
|                           prim_noinit.ram                                   |    <0.001 |
|                         ramloop[3].ram.r                                    |    <0.001 |
|                           prim_noinit.ram                                   |    <0.001 |
|                         ramloop[4].ram.r                                    |    <0.001 |
|                           prim_noinit.ram                                   |    <0.001 |
|                         ramloop[5].ram.r                                    |    <0.001 |
|                           prim_noinit.ram                                   |    <0.001 |
|                         ramloop[6].ram.r                                    |    <0.001 |
|                           prim_noinit.ram                                   |    <0.001 |
|                         ramloop[7].ram.r                                    |    <0.001 |
|                           prim_noinit.ram                                   |    <0.001 |
|     fifo_generator_3                                                        |    <0.001 |
|       U0                                                                    |    <0.001 |
|         inst_fifo_gen                                                       |    <0.001 |
|           gconvfifo.rf                                                      |    <0.001 |
|             grf.rf                                                          |    <0.001 |
|               gntv_or_sync_fifo.gl0.rd                                      |    <0.001 |
|                 grss.rsts                                                   |    <0.001 |
|                   c1                                                        |    <0.001 |
|                   c2                                                        |    <0.001 |
|                 rpntr                                                       |    <0.001 |
|               gntv_or_sync_fifo.gl0.wr                                      |    <0.001 |
|                 gwss.wsts                                                   |    <0.001 |
|                   c0                                                        |    <0.001 |
|                   c1                                                        |    <0.001 |
|                 wpntr                                                       |    <0.001 |
|               gntv_or_sync_fifo.mem                                         |    <0.001 |
|                 gbm.gbmg.gbmga.ngecc.bmg                                    |    <0.001 |
|                   inst_blk_mem_gen                                          |    <0.001 |
|                     gnbram.gnativebmg.native_blk_mem_gen                    |    <0.001 |
|                       valid.cstr                                            |    <0.001 |
|                         has_mux_b.B                                         |    <0.001 |
|                         ramloop[0].ram.r                                    |    <0.001 |
|                           prim_noinit.ram                                   |    <0.001 |
|                         ramloop[1].ram.r                                    |    <0.001 |
|                           prim_noinit.ram                                   |    <0.001 |
|                         ramloop[2].ram.r                                    |    <0.001 |
|                           prim_noinit.ram                                   |    <0.001 |
|                         ramloop[3].ram.r                                    |    <0.001 |
|                           prim_noinit.ram                                   |    <0.001 |
|     fifo_generator_4                                                        |    <0.001 |
|       U0                                                                    |    <0.001 |
|         inst_fifo_gen                                                       |    <0.001 |
|           gconvfifo.rf                                                      |    <0.001 |
|             grf.rf                                                          |    <0.001 |
|               gntv_or_sync_fifo.gl0.rd                                      |    <0.001 |
|                 grss.rsts                                                   |    <0.001 |
|                   c1                                                        |    <0.001 |
|                   c2                                                        |    <0.001 |
|                 rpntr                                                       |    <0.001 |
|               gntv_or_sync_fifo.gl0.wr                                      |    <0.001 |
|                 gwss.wsts                                                   |    <0.001 |
|                   c0                                                        |    <0.001 |
|                   c1                                                        |    <0.001 |
|                 wpntr                                                       |    <0.001 |
|               gntv_or_sync_fifo.mem                                         |    <0.001 |
|                 gbm.gbmg.gbmga.ngecc.bmg                                    |    <0.001 |
|                   inst_blk_mem_gen                                          |    <0.001 |
|                     gnbram.gnativebmg.native_blk_mem_gen                    |    <0.001 |
|                       valid.cstr                                            |    <0.001 |
|                         has_mux_b.B                                         |    <0.001 |
|                         ramloop[0].ram.r                                    |    <0.001 |
|                           prim_noinit.ram                                   |    <0.001 |
|                         ramloop[1].ram.r                                    |    <0.001 |
|                           prim_noinit.ram                                   |    <0.001 |
|                         ramloop[2].ram.r                                    |    <0.001 |
|                           prim_noinit.ram                                   |    <0.001 |
|                         ramloop[3].ram.r                                    |    <0.001 |
|                           prim_noinit.ram                                   |    <0.001 |
|     fifo_generator_5                                                        |    <0.001 |
|       U0                                                                    |    <0.001 |
|         inst_fifo_gen                                                       |    <0.001 |
|           gconvfifo.rf                                                      |    <0.001 |
|             grf.rf                                                          |    <0.001 |
|               gntv_or_sync_fifo.gl0.rd                                      |    <0.001 |
|                 grss.rsts                                                   |    <0.001 |
|                   c1                                                        |    <0.001 |
|                   c2                                                        |    <0.001 |
|                 rpntr                                                       |    <0.001 |
|               gntv_or_sync_fifo.gl0.wr                                      |    <0.001 |
|                 gwss.wsts                                                   |    <0.001 |
|                   c0                                                        |    <0.001 |
|                   c1                                                        |    <0.001 |
|                 wpntr                                                       |    <0.001 |
|               gntv_or_sync_fifo.mem                                         |    <0.001 |
|                 gbm.gbmg.gbmga.ngecc.bmg                                    |    <0.001 |
|                   inst_blk_mem_gen                                          |    <0.001 |
|                     gnbram.gnativebmg.native_blk_mem_gen                    |    <0.001 |
|                       valid.cstr                                            |    <0.001 |
|                         has_mux_b.B                                         |    <0.001 |
|                         ramloop[0].ram.r                                    |    <0.001 |
|                           prim_noinit.ram                                   |    <0.001 |
|                         ramloop[1].ram.r                                    |    <0.001 |
|                           prim_noinit.ram                                   |    <0.001 |
|                         ramloop[2].ram.r                                    |    <0.001 |
|                           prim_noinit.ram                                   |    <0.001 |
|                         ramloop[3].ram.r                                    |    <0.001 |
|                           prim_noinit.ram                                   |    <0.001 |
|     fifo_generator_6                                                        |    <0.001 |
|       U0                                                                    |    <0.001 |
|         inst_fifo_gen                                                       |    <0.001 |
|           gconvfifo.rf                                                      |    <0.001 |
|             grf.rf                                                          |    <0.001 |
|               gntv_or_sync_fifo.gl0.rd                                      |    <0.001 |
|                 grss.rsts                                                   |    <0.001 |
|                   c1                                                        |    <0.001 |
|                   c2                                                        |    <0.001 |
|                 rpntr                                                       |    <0.001 |
|               gntv_or_sync_fifo.gl0.wr                                      |    <0.001 |
|                 gwss.wsts                                                   |    <0.001 |
|                   c0                                                        |    <0.001 |
|                   c1                                                        |    <0.001 |
|                 wpntr                                                       |    <0.001 |
|               gntv_or_sync_fifo.mem                                         |    <0.001 |
|                 gbm.gbmg.gbmga.ngecc.bmg                                    |    <0.001 |
|                   inst_blk_mem_gen                                          |    <0.001 |
|                     gnbram.gnativebmg.native_blk_mem_gen                    |    <0.001 |
|                       valid.cstr                                            |    <0.001 |
|                         has_mux_b.B                                         |    <0.001 |
|                         ramloop[0].ram.r                                    |    <0.001 |
|                           prim_noinit.ram                                   |    <0.001 |
|                         ramloop[1].ram.r                                    |    <0.001 |
|                           prim_noinit.ram                                   |    <0.001 |
|                         ramloop[2].ram.r                                    |    <0.001 |
|                           prim_noinit.ram                                   |    <0.001 |
|                         ramloop[3].ram.r                                    |    <0.001 |
|                           prim_noinit.ram                                   |    <0.001 |
|     fifo_generator_7                                                        |    <0.001 |
|       U0                                                                    |    <0.001 |
|         inst_fifo_gen                                                       |    <0.001 |
|           gconvfifo.rf                                                      |    <0.001 |
|             grf.rf                                                          |    <0.001 |
|               gntv_or_sync_fifo.gl0.rd                                      |    <0.001 |
|                 grss.rsts                                                   |    <0.001 |
|                   c1                                                        |    <0.001 |
|                   c2                                                        |    <0.001 |
|                 rpntr                                                       |    <0.001 |
|               gntv_or_sync_fifo.gl0.wr                                      |    <0.001 |
|                 gwss.wsts                                                   |    <0.001 |
|                   c0                                                        |    <0.001 |
|                   c1                                                        |    <0.001 |
|                 wpntr                                                       |    <0.001 |
|               gntv_or_sync_fifo.mem                                         |    <0.001 |
|                 gbm.gbmg.gbmga.ngecc.bmg                                    |    <0.001 |
|                   inst_blk_mem_gen                                          |    <0.001 |
|                     gnbram.gnativebmg.native_blk_mem_gen                    |    <0.001 |
|                       valid.cstr                                            |    <0.001 |
|                         has_mux_b.B                                         |    <0.001 |
|                         ramloop[0].ram.r                                    |    <0.001 |
|                           prim_noinit.ram                                   |    <0.001 |
|                         ramloop[1].ram.r                                    |    <0.001 |
|                           prim_noinit.ram                                   |    <0.001 |
|                         ramloop[2].ram.r                                    |    <0.001 |
|                           prim_noinit.ram                                   |    <0.001 |
|                         ramloop[3].ram.r                                    |    <0.001 |
|                           prim_noinit.ram                                   |    <0.001 |
|     fifo_generator_8                                                        |    <0.001 |
|       U0                                                                    |    <0.001 |
|         inst_fifo_gen                                                       |    <0.001 |
|           gconvfifo.rf                                                      |    <0.001 |
|             grf.rf                                                          |    <0.001 |
|               gntv_or_sync_fifo.gl0.rd                                      |    <0.001 |
|                 grss.rsts                                                   |    <0.001 |
|                   c1                                                        |    <0.001 |
|                   c2                                                        |    <0.001 |
|                 rpntr                                                       |    <0.001 |
|               gntv_or_sync_fifo.gl0.wr                                      |    <0.001 |
|                 gwss.wsts                                                   |    <0.001 |
|                   c0                                                        |    <0.001 |
|                   c1                                                        |    <0.001 |
|                 wpntr                                                       |    <0.001 |
|               gntv_or_sync_fifo.mem                                         |    <0.001 |
|                 gbm.gbmg.gbmga.ngecc.bmg                                    |    <0.001 |
|                   inst_blk_mem_gen                                          |    <0.001 |
|                     gnbram.gnativebmg.native_blk_mem_gen                    |    <0.001 |
|                       valid.cstr                                            |    <0.001 |
|                         has_mux_b.B                                         |    <0.001 |
|                         ramloop[0].ram.r                                    |    <0.001 |
|                           prim_noinit.ram                                   |    <0.001 |
|                         ramloop[1].ram.r                                    |    <0.001 |
|                           prim_noinit.ram                                   |    <0.001 |
|                         ramloop[2].ram.r                                    |    <0.001 |
|                           prim_noinit.ram                                   |    <0.001 |
|                         ramloop[3].ram.r                                    |    <0.001 |
|                           prim_noinit.ram                                   |    <0.001 |
|     fifo_generator_9                                                        |    <0.001 |
|       U0                                                                    |    <0.001 |
|         inst_fifo_gen                                                       |    <0.001 |
|           gconvfifo.rf                                                      |    <0.001 |
|             grf.rf                                                          |    <0.001 |
|               gntv_or_sync_fifo.gl0.rd                                      |    <0.001 |
|                 grss.rsts                                                   |    <0.001 |
|                   c1                                                        |    <0.001 |
|                   c2                                                        |    <0.001 |
|                 rpntr                                                       |    <0.001 |
|               gntv_or_sync_fifo.gl0.wr                                      |    <0.001 |
|                 gwss.wsts                                                   |    <0.001 |
|                   c0                                                        |    <0.001 |
|                   c1                                                        |    <0.001 |
|                 wpntr                                                       |    <0.001 |
|               gntv_or_sync_fifo.mem                                         |    <0.001 |
|                 gbm.gbmg.gbmga.ngecc.bmg                                    |    <0.001 |
|                   inst_blk_mem_gen                                          |    <0.001 |
|                     gnbram.gnativebmg.native_blk_mem_gen                    |    <0.001 |
|                       valid.cstr                                            |    <0.001 |
|                         has_mux_b.B                                         |    <0.001 |
|                         ramloop[0].ram.r                                    |    <0.001 |
|                           prim_noinit.ram                                   |    <0.001 |
|                         ramloop[1].ram.r                                    |    <0.001 |
|                           prim_noinit.ram                                   |    <0.001 |
|                         ramloop[2].ram.r                                    |    <0.001 |
|                           prim_noinit.ram                                   |    <0.001 |
|                         ramloop[3].ram.r                                    |    <0.001 |
|                           prim_noinit.ram                                   |    <0.001 |
|     myImode_0                                                               |     0.010 |
|       data_IOBUF[0]_inst                                                    |    <0.001 |
|       data_IOBUF[10]_inst                                                   |    <0.001 |
|       data_IOBUF[11]_inst                                                   |    <0.001 |
|       data_IOBUF[12]_inst                                                   |    <0.001 |
|       data_IOBUF[13]_inst                                                   |    <0.001 |
|       data_IOBUF[14]_inst                                                   |    <0.001 |
|       data_IOBUF[15]_inst                                                   |    <0.001 |
|       data_IOBUF[16]_inst                                                   |    <0.001 |
|       data_IOBUF[17]_inst                                                   |    <0.001 |
|       data_IOBUF[18]_inst                                                   |    <0.001 |
|       data_IOBUF[19]_inst                                                   |    <0.001 |
|       data_IOBUF[1]_inst                                                    |    <0.001 |
|       data_IOBUF[20]_inst                                                   |    <0.001 |
|       data_IOBUF[21]_inst                                                   |    <0.001 |
|       data_IOBUF[22]_inst                                                   |    <0.001 |
|       data_IOBUF[23]_inst                                                   |    <0.001 |
|       data_IOBUF[24]_inst                                                   |    <0.001 |
|       data_IOBUF[25]_inst                                                   |    <0.001 |
|       data_IOBUF[26]_inst                                                   |    <0.001 |
|       data_IOBUF[27]_inst                                                   |    <0.001 |
|       data_IOBUF[2]_inst                                                    |    <0.001 |
|       data_IOBUF[3]_inst                                                    |    <0.001 |
|       data_IOBUF[4]_inst                                                    |    <0.001 |
|       data_IOBUF[5]_inst                                                    |    <0.001 |
|       data_IOBUF[6]_inst                                                    |    <0.001 |
|       data_IOBUF[7]_inst                                                    |    <0.001 |
|       data_IOBUF[8]_inst                                                    |    <0.001 |
|       data_IOBUF[9]_inst                                                    |    <0.001 |
|       inst                                                                  |     0.005 |
|         myImode_v1_0_S00_AXI_inst                                           |     0.005 |
|           allocateDataToEachChannel                                         |    <0.001 |
|             negGet                                                          |    <0.001 |
|           getTstartTrigger                                                  |    <0.001 |
|           nolabel_line753                                                   |    <0.001 |
|             timeCounter                                                     |    <0.001 |
|           tdcRegReadAndWrite                                                |     0.001 |
|             rdAndWrCtrl                                                     |    <0.001 |
|             tdcRegRead                                                      |    <0.001 |
|               getEfTrigger                                                  |    <0.001 |
|               getTimingFlag                                                 |    <0.001 |
|               getTimingStep                                                 |    <0.001 |
|               getsfRdTrigger                                                |    <0.001 |
|             tdcRegWrite                                                     |    <0.001 |
|               getTimingFlag                                                 |    <0.001 |
|               getTimingStep                                                 |    <0.001 |
|               getWrTrigger                                                  |    <0.001 |
|           tstart_counter                                                    |    <0.001 |
|     myip_fifo_ctrl_0                                                        |     0.005 |
|       inst                                                                  |     0.005 |
|         myip_fifo_ctrl_v1_0_FIFO_AXI_inst                                   |     0.005 |
|           ch1                                                               |    <0.001 |
|             fifo1_rd                                                        |    <0.001 |
|               get_rd_for_fifo                                               |    <0.001 |
|             fifo2_rd                                                        |    <0.001 |
|               get_rd_for_fifo                                               |    <0.001 |
|             fifo_wr                                                         |    <0.001 |
|               get_wr_fifo_number                                            |    <0.001 |
|                 get_full1_posedge                                           |    <0.001 |
|                 get_full2_posedge                                           |    <0.001 |
|           ch2                                                               |    <0.001 |
|             fifo1_rd                                                        |    <0.001 |
|             fifo2_rd                                                        |    <0.001 |
|           ch3                                                               |    <0.001 |
|             fifo1_rd                                                        |    <0.001 |
|             fifo2_rd                                                        |    <0.001 |
|           ch4                                                               |    <0.001 |
|             fifo1_rd                                                        |    <0.001 |
|             fifo2_rd                                                        |    <0.001 |
|           ch5                                                               |    <0.001 |
|             fifo1_rd                                                        |    <0.001 |
|             fifo2_rd                                                        |    <0.001 |
|           ch6                                                               |    <0.001 |
|             fifo1_rd                                                        |    <0.001 |
|             fifo2_rd                                                        |    <0.001 |
|           ch7                                                               |    <0.001 |
|             fifo1_rd                                                        |    <0.001 |
|             fifo2_rd                                                        |    <0.001 |
|           ch8                                                               |    <0.001 |
|             fifo1_rd                                                        |    <0.001 |
|             fifo2_rd                                                        |    <0.001 |
|           gps1                                                              |    <0.001 |
|             fifo1_rd                                                        |    <0.001 |
|             fifo2_rd                                                        |    <0.001 |
|           gps2                                                              |    <0.001 |
|             fifo1_rd                                                        |    <0.001 |
|             fifo2_rd                                                        |    <0.001 |
|           start_tri                                                         |    <0.001 |
|             fifo1_rd                                                        |    <0.001 |
|             fifo2_rd                                                        |    <0.001 |
|     newGpsIp_0                                                              |     0.004 |
|       inst                                                                  |     0.004 |
|         newGpsIp_v1_0_GPS_AXI_inst                                          |     0.004 |
|           GpsAndImode                                                       |    <0.001 |
|           gps_module                                                        |     0.002 |
|             dayOver_check                                                   |    <0.001 |
|             day_count                                                       |    <0.001 |
|             hour_count                                                      |    <0.001 |
|             microsec_count                                                  |    <0.001 |
|             millisec_count                                                  |    <0.001 |
|             minute_count                                                    |    <0.001 |
|             month_count                                                     |    <0.001 |
|             picosec_count                                                   |    <0.001 |
|             second_count                                                    |    <0.001 |
|             year_count                                                      |    <0.001 |
|     processing_system7_0                                                    |     1.531 |
|       inst                                                                  |     1.531 |
|     processing_system7_0_axi_periph                                         |     0.005 |
|       s00_couplers                                                          |     0.004 |
|         auto_pc                                                             |     0.004 |
|           inst                                                              |     0.004 |
|             gen_axilite.gen_b2s_conv.axilite_b2s                            |     0.004 |
|               RD.ar_channel_0                                               |    <0.001 |
|                 ar_cmd_fsm_0                                                |    <0.001 |
|                 cmd_translator_0                                            |    <0.001 |
|                   incr_cmd_0                                                |    <0.001 |
|                   wrap_cmd_0                                                |    <0.001 |
|               RD.r_channel_0                                                |    <0.001 |
|                 rd_data_fifo_0                                              |    <0.001 |
|                 transaction_fifo_0                                          |    <0.001 |
|               SI_REG                                                        |     0.002 |
|                 ar_pipe                                                     |    <0.001 |
|                 aw_pipe                                                     |    <0.001 |
|                 b_pipe                                                      |    <0.001 |
|                 r_pipe                                                      |    <0.001 |
|               WR.aw_channel_0                                               |    <0.001 |
|                 aw_cmd_fsm_0                                                |    <0.001 |
|                 cmd_translator_0                                            |    <0.001 |
|                   incr_cmd_0                                                |    <0.001 |
|                   wrap_cmd_0                                                |    <0.001 |
|               WR.b_channel_0                                                |    <0.001 |
|                 bid_fifo_0                                                  |    <0.001 |
|                 bresp_fifo_0                                                |    <0.001 |
|       xbar                                                                  |    <0.001 |
|         inst                                                                |    <0.001 |
|           gen_sasd.crossbar_sasd_0                                          |    <0.001 |
|             addr_arbiter_inst                                               |    <0.001 |
|             gen_decerr.decerr_slave_inst                                    |    <0.001 |
|             reg_slice_r                                                     |    <0.001 |
|             splitter_ar                                                     |    <0.001 |
|             splitter_aw                                                     |    <0.001 |
|     rst_processing_system7_0_100M                                           |    <0.001 |
|       U0                                                                    |    <0.001 |
|         EXT_LPF                                                             |    <0.001 |
|           ACTIVE_LOW_EXT.ACT_LO_EXT                                         |    <0.001 |
|         SEQ                                                                 |    <0.001 |
|           SEQ_COUNTER                                                       |    <0.001 |
+-----------------------------------------------------------------------------+-----------+


