12:22:58 INFO  : Launching XSDB server: xsdb.bat -interactive F:\lynn.zheng\vivado_learing\gpsImode_Proj\gpsImode_Proj.sdk\temp_xsdb_launch_script.tcl
12:23:05 INFO  : XSDB server has started successfully.
12:24:24 INFO  : Project 'gpsImode_hw' created. You can now create BSPs and application projects targeting this hardware platform.
12:29:29 INFO  : Connected to target on host '127.0.0.1' and port '3121'.
12:29:29 INFO  : 'targets -set -filter {jtag_cable_name =~ "Digilent Zed 210248686573" && level==0} -index 1' command is executed.
12:29:32 INFO  : FPGA configured successfully with bitstream "F:/lynn.zheng/vivado_learing/gpsImode_Proj/gpsImode_Proj.sdk/gpsImode_hw/gpsImode_wrapper.bit"
12:29:49 WARN  : Unable to obtain port 2350 for use by XMD, java.net.SocketException: Unrecognized Windows Sockets error: 0: JVM_Bind
12:30:28 INFO  : Connected to target on host '127.0.0.1' and port '3121'.
12:30:40 INFO  : Connected to target on host '127.0.0.1' and port '3121'.
12:30:40 INFO  : 'targets -set -filter {jtag_cable_name =~ "Digilent Zed 210248686573" && level==0} -index 1' command is executed.
12:30:43 INFO  : FPGA configured successfully with bitstream "F:/lynn.zheng/vivado_learing/gpsImode_Proj/gpsImode_Proj.sdk/gpsImode_hw/gpsImode_wrapper.bit"
12:31:09 INFO  : ps7_init is completed.
12:31:09 INFO  : ps7_post_config is completed.
12:31:09 INFO  : Processor reset is completed for ps7_cortexa9_0
12:32:30 INFO  : Processor reset is completed for ps7_cortexa9_0
12:39:25 INFO  : ps7_cortexa9_0 Processor is in use. Please stop existing Run or Debug sessions before launching.
12:39:27 INFO  : Processor reset is completed for ps7_cortexa9_0
12:40:08 INFO  : ps7_cortexa9_0 Processor is in use. Please stop existing Run or Debug sessions before launching.
12:40:10 INFO  : Processor reset is completed for ps7_cortexa9_0
12:40:27 INFO  : ps7_cortexa9_0 Processor is in use. Please stop existing Run or Debug sessions before launching.
12:40:31 INFO  : ps7_cortexa9_0 Processor is in use. Please stop existing Run or Debug sessions before launching.
12:40:33 INFO  : Processor reset is completed for ps7_cortexa9_0
12:43:56 INFO  : Connected to target on host '127.0.0.1' and port '3121'.
12:44:05 INFO  : Connected to target on host '127.0.0.1' and port '3121'.
12:44:23 INFO  : Connected to target on host '127.0.0.1' and port '3121'.
12:44:24 INFO  : 'targets -set -filter {jtag_cable_name =~ "Digilent Zed 210248686573" && level==0} -index 1' command is executed.
12:44:26 INFO  : FPGA configured successfully with bitstream "F:/lynn.zheng/vivado_learing/gpsImode_Proj/gpsImode_Proj.sdk/gpsImode_hw/gpsImode_wrapper.bit"
12:44:37 INFO  : ps7_init is completed.
12:44:37 INFO  : ps7_post_config is completed.
12:44:37 INFO  : Processor reset is completed for ps7_cortexa9_0
12:45:52 INFO  : Processor reset is completed for ps7_cortexa9_0
12:46:22 INFO  : Processor reset is completed for ps7_cortexa9_0
12:47:33 INFO  : Processor reset is completed for ps7_cortexa9_0
12:58:18 INFO  : Connected to target on host '127.0.0.1' and port '3121'.
12:58:18 INFO  : 'targets -set -filter {jtag_cable_name =~ "Digilent Zed 210248686573" && level==0} -index 1' command is executed.
12:58:21 INFO  : FPGA configured successfully with bitstream "F:/lynn.zheng/vivado_learing/gpsImode_Proj/gpsImode_Proj.sdk/gpsImode_hw/gpsImode_wrapper.bit"
12:58:25 INFO  : ps7_init is completed.
12:58:25 INFO  : ps7_post_config is completed.
12:58:25 INFO  : Processor reset is completed for ps7_cortexa9_0
12:59:27 INFO  : SDK has detected change in the last modified timestamps for source hardware specification file Source:1480481915594,  Project:1480475304965
12:59:27 INFO  : Project gpsImode_hw's source hardware specification located at F:\lynn.zheng\vivado_learing\gpsImode_Proj\gpsImode_Proj.sdk\gpsImode_wrapper.hdf is now different from the local copy.
		 The local copy will be replaced with the source specification and your workspace will be updated.
12:59:29 INFO  : Copied contents of F:\lynn.zheng\vivado_learing\gpsImode_Proj\gpsImode_Proj.sdk\gpsImode_wrapper.hdf into \gpsImode_hw\system.hdf.
12:59:38 INFO  : Synchronizing projects in the workspace with the hardware platform specification changes.
12:59:45 ERROR : (XSDB Server)ERROR: [Hsi 55-1433] Error boost::filesystem::directory_iterator::construct: ¾Ü¾ø·ÃÎÊ¡£: "C:/Users/lin.zheng/AppData/Local/Temp\msdtadmin"

12:59:48 ERROR : Failed to call sync_sw_with_hw_change
Reason: ERROR: [Common 17-39] 'hsi::open_sw_design' failed due to earlier errors.

12:59:48 ERROR : Error updating BSP project MSS files.
12:59:49 INFO  : Updating hardware inferred compiler options for gpsImode_proj.
12:59:49 INFO  : Clearing existing target manager status.
12:59:49 INFO  : Closing and re-opening the MSS file of ther project gpsImode_proj_bsp
12:59:49 ERROR : (XSDB Server)ERROR: [Hsi 55-1558] Software Design system system is not found

12:59:49 ERROR :  [Common 17-39] 'hsi::current_sw_design' failed due to earlier errors.
12:59:49 ERROR : (XSDB Server)ERROR: [Hsi 55-1558] Software Design system system is not found

12:59:49 INFO  : Unable to read in MSS file F:\lynn.zheng\vivado_learing\gpsImode_Proj\gpsImode_Proj.sdk\gpsImode_proj_bsp\system.mss : null
12:59:50 ERROR : (XSDB Server)ERROR: [Hsi 55-1558] Software Design system system is not found

12:59:50 ERROR : (XSDB Server)ERROR: [Hsi 55-1558] Software Design system system is not found

12:59:51 ERROR : (XSDB Server)ERROR: [Hsi 55-1558] Software Design system system is not found

12:59:51 ERROR :  [Common 17-39] 'hsi::current_sw_design' failed due to earlier errors.
12:59:51 ERROR : (XSDB Server)ERROR: [Hsi 55-1558] Software Design system system is not found

12:59:51 INFO  : Unable to read in MSS file F:\lynn.zheng\vivado_learing\gpsImode_Proj\gpsImode_Proj.sdk\gpsImode_proj_bsp\system.mss : null
12:59:51 ERROR : (XSDB Server)ERROR: [Hsi 55-1558] Software Design system system is not found

12:59:51 ERROR : Failed to closesw "F:/lynn.zheng/vivado_learing/gpsImode_Proj/gpsImode_Proj.sdk/gpsImode_proj_bsp/system.mss"
Reason: Cannot close sw design 'F:/lynn.zheng/vivado_learing/gpsImode_Proj/gpsImode_Proj.sdk/gpsImode_proj_bsp/system.mss'.
Design is not opened in the current session.


12:59:51 INFO  : Closing and re-opening the MSS file of ther project gpsImode_proj_bsp
12:59:52 INFO  : Workspace synchronized with the new hardware specification file. Cleaning dependent projects...
12:59:53 WARN  : Linker script will not be updated automatically. Users need to update it manually.
13:00:28 INFO  : Connected to target on host '127.0.0.1' and port '3121'.
13:00:28 INFO  : 'targets -set -filter {jtag_cable_name =~ "Digilent Zed 210248686573" && level==0} -index 1' command is executed.
13:00:30 INFO  : FPGA configured successfully with bitstream "F:/lynn.zheng/vivado_learing/gpsImode_Proj/gpsImode_Proj.sdk/gpsImode_hw/gpsImode_wrapper.bit"
13:01:26 INFO  : Processor reset is completed for ps7_cortexa9_0
13:02:55 INFO  : Processor reset is completed for ps7_cortexa9_0
13:19:35 INFO  : SDK has detected change in the last modified timestamps for source hardware specification file Source:1480482805161,  Project:1480481915594
13:19:35 INFO  : Project gpsImode_hw's source hardware specification located at F:\lynn.zheng\vivado_learing\gpsImode_Proj\gpsImode_Proj.sdk\gpsImode_wrapper.hdf is now different from the local copy.
		 The local copy will be replaced with the source specification and your workspace will be updated.
13:19:37 INFO  : Copied contents of F:\lynn.zheng\vivado_learing\gpsImode_Proj\gpsImode_Proj.sdk\gpsImode_wrapper.hdf into \gpsImode_hw\system.hdf.
13:19:45 INFO  : Synchronizing projects in the workspace with the hardware platform specification changes.
13:19:52 ERROR : (XSDB Server)ERROR: [Hsi 55-1433] Error boost::filesystem::directory_iterator::construct: ¾Ü¾ø·ÃÎÊ¡£: "C:/Users/lin.zheng/AppData/Local/Temp\msdtadmin"

13:19:55 ERROR : Failed to call sync_sw_with_hw_change
Reason: ERROR: [Common 17-39] 'hsi::open_sw_design' failed due to earlier errors.

13:19:55 ERROR : Error updating BSP project MSS files.
13:19:55 INFO  : Updating hardware inferred compiler options for gpsImode_proj.
13:19:55 INFO  : Clearing existing target manager status.
13:19:55 INFO  : Closing and re-opening the MSS file of ther project gpsImode_proj_bsp
13:19:56 ERROR : (XSDB Server)ERROR: [Hsi 55-1558] Software Design system system is not found

13:19:56 ERROR :  [Common 17-39] 'hsi::current_sw_design' failed due to earlier errors.
13:19:56 ERROR : (XSDB Server)ERROR: [Hsi 55-1558] Software Design system system is not found

13:19:56 INFO  : Unable to read in MSS file F:\lynn.zheng\vivado_learing\gpsImode_Proj\gpsImode_Proj.sdk\gpsImode_proj_bsp\system.mss : null
13:19:56 ERROR : (XSDB Server)ERROR: [Hsi 55-1558] Software Design system system is not found

13:19:56 ERROR : (XSDB Server)ERROR: [Hsi 55-1558] Software Design system system is not found

13:19:57 ERROR : (XSDB Server)ERROR: [Hsi 55-1558] Software Design system system is not found

13:19:57 ERROR :  [Common 17-39] 'hsi::current_sw_design' failed due to earlier errors.
13:19:57 ERROR : (XSDB Server)ERROR: [Hsi 55-1558] Software Design system system is not found

13:19:57 INFO  : Unable to read in MSS file F:\lynn.zheng\vivado_learing\gpsImode_Proj\gpsImode_Proj.sdk\gpsImode_proj_bsp\system.mss : null
13:19:57 ERROR : (XSDB Server)ERROR: [Hsi 55-1558] Software Design system system is not found

13:19:57 ERROR : Failed to closesw "F:/lynn.zheng/vivado_learing/gpsImode_Proj/gpsImode_Proj.sdk/gpsImode_proj_bsp/system.mss"
Reason: Cannot close sw design 'F:/lynn.zheng/vivado_learing/gpsImode_Proj/gpsImode_Proj.sdk/gpsImode_proj_bsp/system.mss'.
Design is not opened in the current session.


13:19:57 INFO  : Closing and re-opening the MSS file of ther project gpsImode_proj_bsp
13:19:58 INFO  : Workspace synchronized with the new hardware specification file. Cleaning dependent projects...
13:20:00 WARN  : Linker script will not be updated automatically. Users need to update it manually.
13:26:33 INFO  : Connected to target on host '127.0.0.1' and port '3121'.
13:26:34 INFO  : 'targets -set -filter {jtag_cable_name =~ "Digilent Zed 210248686573" && level==0} -index 1' command is executed.
13:26:36 INFO  : FPGA configured successfully with bitstream "F:/lynn.zheng/vivado_learing/gpsImode_Proj/gpsImode_Proj.sdk/gpsImode_hw/gpsImode_wrapper.bit"
13:26:43 INFO  : ps7_init is completed.
13:26:43 INFO  : ps7_post_config is completed.
13:26:43 INFO  : Processor reset is completed for ps7_cortexa9_0
13:28:00 INFO  : Connected to target on host '127.0.0.1' and port '3121'.
13:28:00 INFO  : 'targets -set -filter {jtag_cable_name =~ "Digilent Zed 210248686573" && level==0} -index 1' command is executed.
13:28:03 INFO  : FPGA configured successfully with bitstream "F:/lynn.zheng/vivado_learing/gpsImode_Proj/gpsImode_Proj.sdk/gpsImode_hw/gpsImode_wrapper.bit"
13:28:14 INFO  : Processor reset is completed for ps7_cortexa9_0
13:33:00 INFO  : Connected to target on host '127.0.0.1' and port '3121'.
13:33:00 INFO  : 'targets -set -filter {jtag_cable_name =~ "Digilent Zed 210248686573" && level==0} -index 1' command is executed.
13:33:03 INFO  : FPGA configured successfully with bitstream "F:/lynn.zheng/vivado_learing/gpsImode_Proj/gpsImode_Proj.sdk/gpsImode_hw/gpsImode_wrapper.bit"
13:33:09 INFO  : ps7_init is completed.
13:33:09 INFO  : ps7_post_config is completed.
13:33:09 INFO  : Processor reset is completed for ps7_cortexa9_0
13:33:44 INFO  : ps7_cortexa9_0 Processor is in use. Please stop existing Run or Debug sessions before launching.
13:33:45 INFO  : Processor reset is completed for ps7_cortexa9_0
13:34:46 INFO  : Processor reset is completed for ps7_cortexa9_0
13:54:27 INFO  : SDK has detected change in the last modified timestamps for source hardware specification file Source:1480485252388,  Project:1480482805161
13:54:27 INFO  : Project gpsImode_hw's source hardware specification located at F:\lynn.zheng\vivado_learing\gpsImode_Proj\gpsImode_Proj.sdk\gpsImode_wrapper.hdf is now different from the local copy.
		 The local copy will be replaced with the source specification and your workspace will be updated.
13:54:31 INFO  : Copied contents of F:\lynn.zheng\vivado_learing\gpsImode_Proj\gpsImode_Proj.sdk\gpsImode_wrapper.hdf into \gpsImode_hw\system.hdf.
13:54:40 INFO  : Synchronizing projects in the workspace with the hardware platform specification changes.
13:54:46 ERROR : (XSDB Server)ERROR: [Hsi 55-1433] Error boost::filesystem::directory_iterator::construct: ¾Ü¾ø·ÃÎÊ¡£: "C:/Users/lin.zheng/AppData/Local/Temp\msdtadmin"

13:54:49 ERROR : Failed to call sync_sw_with_hw_change
Reason: ERROR: [Common 17-39] 'hsi::open_sw_design' failed due to earlier errors.

13:54:49 ERROR : Error updating BSP project MSS files.
13:54:50 INFO  : Updating hardware inferred compiler options for gpsImode_proj.
13:54:50 INFO  : Clearing existing target manager status.
13:54:50 INFO  : Closing and re-opening the MSS file of ther project gpsImode_proj_bsp
13:54:50 ERROR : (XSDB Server)ERROR: [Hsi 55-1558] Software Design system system is not found

13:54:50 ERROR :  [Common 17-39] 'hsi::current_sw_design' failed due to earlier errors.
13:54:50 ERROR : (XSDB Server)ERROR: [Hsi 55-1558] Software Design system system is not found

13:54:50 INFO  : Unable to read in MSS file F:\lynn.zheng\vivado_learing\gpsImode_Proj\gpsImode_Proj.sdk\gpsImode_proj_bsp\system.mss : null
13:54:50 ERROR : (XSDB Server)ERROR: [Hsi 55-1558] Software Design system system is not found

13:54:50 ERROR : (XSDB Server)ERROR: [Hsi 55-1558] Software Design system system is not found

13:54:51 ERROR : (XSDB Server)ERROR: [Hsi 55-1558] Software Design system system is not found

13:54:51 ERROR :  [Common 17-39] 'hsi::current_sw_design' failed due to earlier errors.
13:54:51 ERROR : (XSDB Server)ERROR: [Hsi 55-1558] Software Design system system is not found

13:54:51 INFO  : Unable to read in MSS file F:\lynn.zheng\vivado_learing\gpsImode_Proj\gpsImode_Proj.sdk\gpsImode_proj_bsp\system.mss : null
13:54:51 ERROR : (XSDB Server)ERROR: [Hsi 55-1558] Software Design system system is not found

13:54:51 ERROR : Failed to closesw "F:/lynn.zheng/vivado_learing/gpsImode_Proj/gpsImode_Proj.sdk/gpsImode_proj_bsp/system.mss"
Reason: Cannot close sw design 'F:/lynn.zheng/vivado_learing/gpsImode_Proj/gpsImode_Proj.sdk/gpsImode_proj_bsp/system.mss'.
Design is not opened in the current session.


13:54:51 INFO  : Closing and re-opening the MSS file of ther project gpsImode_proj_bsp
13:54:52 INFO  : Workspace synchronized with the new hardware specification file. Cleaning dependent projects...
13:54:55 WARN  : Linker script will not be updated automatically. Users need to update it manually.
13:55:38 INFO  : Connected to target on host '127.0.0.1' and port '3121'.
13:55:56 INFO  : Connected to target on host '127.0.0.1' and port '3121'.
13:55:59 INFO  : 'targets -set -filter {jtag_cable_name =~ "Digilent Zed 210248686573" && level==0} -index 1' command is executed.
13:56:02 INFO  : FPGA configured successfully with bitstream "F:/lynn.zheng/vivado_learing/gpsImode_Proj/gpsImode_Proj.sdk/gpsImode_hw/gpsImode_wrapper.bit"
13:56:11 INFO  : ps7_init is completed.
13:56:11 INFO  : ps7_post_config is completed.
13:56:11 INFO  : Processor reset is completed for ps7_cortexa9_0
13:56:27 INFO  : ps7_cortexa9_0 Processor is in use. Please stop existing Run or Debug sessions before launching.
13:56:32 INFO  : ps7_cortexa9_0 Processor is in use. Please stop existing Run or Debug sessions before launching.
13:56:34 INFO  : Processor reset is completed for ps7_cortexa9_0
14:17:43 INFO  : SDK has detected change in the last modified timestamps for source hardware specification file Source:1480486626203,  Project:1480485252388
14:17:43 INFO  : Project gpsImode_hw's source hardware specification located at F:\lynn.zheng\vivado_learing\gpsImode_Proj\gpsImode_Proj.sdk\gpsImode_wrapper.hdf is now different from the local copy.
		 The local copy will be replaced with the source specification and your workspace will be updated.
14:17:54 INFO  : Copied contents of F:\lynn.zheng\vivado_learing\gpsImode_Proj\gpsImode_Proj.sdk\gpsImode_wrapper.hdf into \gpsImode_hw\system.hdf.
14:18:02 INFO  : Synchronizing projects in the workspace with the hardware platform specification changes.
14:18:07 ERROR : (XSDB Server)ERROR: [Hsi 55-1433] Error boost::filesystem::directory_iterator::construct: ¾Ü¾ø·ÃÎÊ¡£: "C:/Users/lin.zheng/AppData/Local/Temp\msdtadmin"

14:18:09 ERROR : Failed to call sync_sw_with_hw_change
Reason: ERROR: [Common 17-39] 'hsi::open_sw_design' failed due to earlier errors.

14:18:09 ERROR : Error updating BSP project MSS files.
14:18:10 INFO  : Updating hardware inferred compiler options for gpsImode_proj.
14:18:10 INFO  : Clearing existing target manager status.
14:18:10 INFO  : Closing and re-opening the MSS file of ther project gpsImode_proj_bsp
14:18:10 ERROR : (XSDB Server)ERROR: [Hsi 55-1558] Software Design system system is not found

14:18:10 ERROR :  [Common 17-39] 'hsi::current_sw_design' failed due to earlier errors.
14:18:10 ERROR : (XSDB Server)ERROR: [Hsi 55-1558] Software Design system system is not found

14:18:10 INFO  : Unable to read in MSS file F:\lynn.zheng\vivado_learing\gpsImode_Proj\gpsImode_Proj.sdk\gpsImode_proj_bsp\system.mss : null
14:18:11 ERROR : (XSDB Server)ERROR: [Hsi 55-1558] Software Design system system is not found

14:18:11 ERROR : (XSDB Server)ERROR: [Hsi 55-1558] Software Design system system is not found

14:18:12 ERROR : (XSDB Server)ERROR: [Hsi 55-1558] Software Design system system is not found

14:18:12 ERROR :  [Common 17-39] 'hsi::current_sw_design' failed due to earlier errors.
14:18:12 ERROR : (XSDB Server)ERROR: [Hsi 55-1558] Software Design system system is not found

14:18:12 INFO  : Unable to read in MSS file F:\lynn.zheng\vivado_learing\gpsImode_Proj\gpsImode_Proj.sdk\gpsImode_proj_bsp\system.mss : null
14:18:12 ERROR : (XSDB Server)ERROR: [Hsi 55-1558] Software Design system system is not found

14:18:12 ERROR : Failed to closesw "F:/lynn.zheng/vivado_learing/gpsImode_Proj/gpsImode_Proj.sdk/gpsImode_proj_bsp/system.mss"
Reason: Cannot close sw design 'F:/lynn.zheng/vivado_learing/gpsImode_Proj/gpsImode_Proj.sdk/gpsImode_proj_bsp/system.mss'.
Design is not opened in the current session.


14:18:12 INFO  : Closing and re-opening the MSS file of ther project gpsImode_proj_bsp
14:18:12 INFO  : Workspace synchronized with the new hardware specification file. Cleaning dependent projects...
14:18:15 WARN  : Linker script will not be updated automatically. Users need to update it manually.
14:19:48 INFO  : Connected to target on host '127.0.0.1' and port '3121'.
14:19:48 INFO  : 'targets -set -filter {jtag_cable_name =~ "Digilent Zed 210248686573" && level==0} -index 1' command is executed.
14:19:51 INFO  : FPGA configured successfully with bitstream "F:/lynn.zheng/vivado_learing/gpsImode_Proj/gpsImode_Proj.sdk/gpsImode_hw/gpsImode_wrapper.bit"
14:20:02 ERROR : (XSDB Server)ERROR: [Hsi 55-1558] Software Design system system is not found

14:20:02 ERROR :  [Common 17-39] 'hsi::current_sw_design' failed due to earlier errors.
14:20:02 ERROR : (XSDB Server)ERROR: [Hsi 55-1558] Software Design system system is not found

14:20:02 INFO  : Unable to read in MSS file F:\lynn.zheng\vivado_learing\gpsImode_Proj\gpsImode_Proj.sdk\gpsImode_proj_bsp\system.mss : null
14:20:02 ERROR : Failed to closesw "F:/lynn.zheng/vivado_learing/gpsImode_Proj/gpsImode_Proj.sdk/gpsImode_proj_bsp/system.mss"
Reason: Cannot close sw design 'F:/lynn.zheng/vivado_learing/gpsImode_Proj/gpsImode_Proj.sdk/gpsImode_proj_bsp/system.mss'.
Design is not opened in the current session.


14:20:09 INFO  : Processor reset is completed for ps7_cortexa9_0
14:21:32 ERROR : Checking FPGA configuration failed..Connection to Board Failed


    Unknown Error Occured
    Cable is not powered-on

14:21:33 ERROR : Unexpected error while launching program.
com.xilinx.sdk.targetmanager.TMException: Connection to Board Failed


    Unknown Error Occured
    Cable is not powered-on

	at com.xilinx.sdk.targetmanager.internal.TM.isFPGAConfigured(TM.java:374)
	at com.xilinx.sdk.debug.core.XilinxAppLaunchConfigurationDelegate.isFpgaConfigured(XilinxAppLaunchConfigurationDelegate.java:409)
	at com.xilinx.sdk.debug.core.XilinxAppLaunchConfigurationDelegate.launch(XilinxAppLaunchConfigurationDelegate.java:303)
	at com.xilinx.sdk.debug.ui.XilinxAppLaunchDelegateWrapper.launch(XilinxAppLaunchDelegateWrapper.java:31)
	at org.eclipse.debug.internal.core.LaunchConfiguration.launch(LaunchConfiguration.java:885)
	at org.eclipse.debug.internal.core.LaunchConfiguration.launch(LaunchConfiguration.java:739)
	at org.eclipse.debug.internal.ui.DebugUIPlugin.buildAndLaunch(DebugUIPlugin.java:1039)
	at org.eclipse.debug.internal.ui.DebugUIPlugin$8.run(DebugUIPlugin.java:1256)
	at org.eclipse.core.internal.jobs.Worker.run(Worker.java:55)
14:21:44 INFO  : Connected to target on host '127.0.0.1' and port '3121'.
14:22:18 ERROR : Unexpected error while parsing XMD response ?: com.google.gson.JsonSyntaxException: com.google.gson.stream.MalformedJsonException: invalid number or unquoted string near 
14:23:06 INFO  : Launching XSDB server: xsdb.bat -interactive F:\lynn.zheng\vivado_learing\gpsImode_Proj\gpsImode_Proj.sdk\temp_xsdb_launch_script.tcl
14:23:14 INFO  : XSDB server has started successfully.
14:23:21 INFO  : Connected to target on host '127.0.0.1' and port '3121'.
14:23:21 INFO  : 'targets -set -filter {jtag_cable_name =~ "Digilent Zed 210248686573" && level==0} -index 1' command is executed.
14:23:24 INFO  : FPGA configured successfully with bitstream "F:/lynn.zheng/vivado_learing/gpsImode_Proj/gpsImode_Proj.sdk/gpsImode_hw/gpsImode_wrapper.bit"
14:23:28 WARN  : Unable to obtain port 2350 for use by XMD, java.net.SocketException: Unrecognized Windows Sockets error: 0: JVM_Bind
14:23:33 INFO  : ps7_init is completed.
14:23:34 INFO  : ps7_post_config is completed.
14:23:34 INFO  : Processor reset is completed for ps7_cortexa9_0
14:46:01 INFO  : SDK has detected change in the last modified timestamps for source hardware specification file Source:1480488300499,  Project:1480486626203
14:46:01 INFO  : Project gpsImode_hw's source hardware specification located at F:\lynn.zheng\vivado_learing\gpsImode_Proj\gpsImode_Proj.sdk\gpsImode_wrapper.hdf is now different from the local copy.
		 The local copy will be replaced with the source specification and your workspace will be updated.
14:46:09 INFO  : Copied contents of F:\lynn.zheng\vivado_learing\gpsImode_Proj\gpsImode_Proj.sdk\gpsImode_wrapper.hdf into \gpsImode_hw\system.hdf.
14:46:17 INFO  : Synchronizing projects in the workspace with the hardware platform specification changes.
14:46:23 ERROR : (XSDB Server)ERROR: [Hsi 55-1433] Error boost::filesystem::directory_iterator::construct: ¾Ü¾ø·ÃÎÊ¡£: "C:/Users/lin.zheng/AppData/Local/Temp\msdtadmin"

14:46:25 ERROR : Failed to call sync_sw_with_hw_change
Reason: ERROR: [Common 17-39] 'hsi::open_sw_design' failed due to earlier errors.

14:46:26 ERROR : Error updating BSP project MSS files.
14:46:26 INFO  : Updating hardware inferred compiler options for gpsImode_proj.
14:46:26 INFO  : Clearing existing target manager status.
14:46:43 INFO  : Connected to target on host '127.0.0.1' and port '3121'.
14:46:43 INFO  : 'targets -set -filter {jtag_cable_name =~ "Digilent Zed 210248686573" && level==0} -index 1' command is executed.
14:46:45 INFO  : FPGA configured successfully with bitstream "F:/lynn.zheng/vivado_learing/gpsImode_Proj/gpsImode_Proj.sdk/gpsImode_hw/gpsImode_wrapper.bit"
14:46:54 INFO  : ps7_init is completed.
14:46:54 INFO  : ps7_post_config is completed.
14:46:55 INFO  : Processor reset is completed for ps7_cortexa9_0
15:21:29 INFO  : Connected to target on host '127.0.0.1' and port '3121'.
15:22:03 INFO  : ps7_init is completed.
15:22:04 INFO  : ps7_post_config is completed.
15:22:04 INFO  : Processor reset is completed for ps7_cortexa9_0
15:22:08 INFO  : Connected to target on host '127.0.0.1' and port '3121'.
15:22:08 INFO  : 'targets -set -filter {jtag_cable_name =~ "Digilent Zed 210248686573" && level==0} -index 1' command is executed.
15:22:10 INFO  : FPGA configured successfully with bitstream "F:/lynn.zheng/vivado_learing/gpsImode_Proj/gpsImode_Proj.sdk/gpsImode_hw/gpsImode_wrapper.bit"
15:22:14 INFO  : ps7_cortexa9_0 Processor is in use. Please stop existing Run or Debug sessions before launching.
15:22:19 INFO  : Processor reset is completed for ps7_cortexa9_0
15:22:22 ERROR : Unexpected error while launching program.
java.lang.RuntimeException: Failed to download ELF file


    Could not stop the processor after reset


	at com.xilinx.sdk.targetmanager.internal.TM.downloadELF(TM.java:686)
	at com.xilinx.sdk.debug.core.internal.AppRunner.run(AppRunner.java:129)
	at com.xilinx.sdk.debug.core.XilinxAppLaunchConfigurationDelegate.runApplication(XilinxAppLaunchConfigurationDelegate.java:637)
	at com.xilinx.sdk.debug.core.XilinxAppLaunchConfigurationDelegate.launch(XilinxAppLaunchConfigurationDelegate.java:309)
	at com.xilinx.sdk.debug.ui.XilinxAppLaunchDelegateWrapper.launch(XilinxAppLaunchDelegateWrapper.java:31)
	at org.eclipse.debug.internal.core.LaunchConfiguration.launch(LaunchConfiguration.java:885)
	at org.eclipse.debug.internal.core.LaunchConfiguration.launch(LaunchConfiguration.java:739)
	at org.eclipse.debug.internal.ui.DebugUIPlugin.buildAndLaunch(DebugUIPlugin.java:1039)
	at org.eclipse.debug.internal.ui.DebugUIPlugin$8.run(DebugUIPlugin.java:1256)
	at org.eclipse.core.internal.jobs.Worker.run(Worker.java:55)
15:22:40 INFO  : Connected to target on host '127.0.0.1' and port '3121'.
15:22:43 INFO  : 'targets -set -filter {jtag_cable_name =~ "Digilent Zed 210248686573" && level==0} -index 1' command is executed.
15:22:45 INFO  : FPGA configured successfully with bitstream "F:/lynn.zheng/vivado_learing/gpsImode_Proj/gpsImode_Proj.sdk/gpsImode_hw/gpsImode_wrapper.bit"
15:22:50 ERROR : (XSDB Server)ERROR: [Hsi 55-1558] Software Design system system is not found

15:22:50 ERROR :  [Common 17-39] 'hsi::current_sw_design' failed due to earlier errors.
15:22:50 ERROR : (XSDB Server)ERROR: [Hsi 55-1558] Software Design system system is not found

15:22:50 INFO  : Unable to read in MSS file F:\lynn.zheng\vivado_learing\gpsImode_Proj\gpsImode_Proj.sdk\gpsImode_proj_bsp\system.mss : null
15:22:50 ERROR : Failed to closesw "F:/lynn.zheng/vivado_learing/gpsImode_Proj/gpsImode_Proj.sdk/gpsImode_proj_bsp/system.mss"
Reason: Cannot close sw design 'F:/lynn.zheng/vivado_learing/gpsImode_Proj/gpsImode_Proj.sdk/gpsImode_proj_bsp/system.mss'.
Design is not opened in the current session.


15:23:07 ERROR : Unexpected error while parsing XMD response ?: com.google.gson.JsonSyntaxException: com.google.gson.stream.MalformedJsonException: invalid number or unquoted string near 
15:23:48 INFO  : Launching XSDB server: xsdb.bat -interactive F:\lynn.zheng\vivado_learing\gpsImode_Proj\gpsImode_Proj.sdk\temp_xsdb_launch_script.tcl
15:23:54 INFO  : XSDB server has started successfully.
15:25:10 INFO  : Connected to target on host '127.0.0.1' and port '3121'.
15:25:11 INFO  : 'targets -set -filter {jtag_cable_name =~ "Digilent Zed 210248686573" && level==0} -index 1' command is executed.
15:25:13 INFO  : FPGA configured successfully with bitstream "F:/lynn.zheng/vivado_learing/gpsImode_Proj/gpsImode_Proj.sdk/gpsImode_hw/gpsImode_wrapper.bit"
15:25:20 WARN  : Unable to obtain port 2350 for use by XMD, java.net.SocketException: Unrecognized Windows Sockets error: 0: JVM_Bind
15:25:26 INFO  : ps7_init is completed.
15:25:26 INFO  : ps7_post_config is completed.
15:25:26 INFO  : Processor reset is completed for ps7_cortexa9_0
15:39:29 INFO  : SDK has detected change in the last modified timestamps for source hardware specification file Source:1480491551763,  Project:1480488300499
15:39:29 INFO  : Project gpsImode_hw's source hardware specification located at F:\lynn.zheng\vivado_learing\gpsImode_Proj\gpsImode_Proj.sdk\gpsImode_wrapper.hdf is now different from the local copy.
		 The local copy will be replaced with the source specification and your workspace will be updated.
15:39:32 INFO  : Copied contents of F:\lynn.zheng\vivado_learing\gpsImode_Proj\gpsImode_Proj.sdk\gpsImode_wrapper.hdf into \gpsImode_hw\system.hdf.
15:39:40 INFO  : Synchronizing projects in the workspace with the hardware platform specification changes.
15:39:47 ERROR : (XSDB Server)ERROR: [Hsi 55-1433] Error boost::filesystem::directory_iterator::construct: ¾Ü¾ø·ÃÎÊ¡£: "C:/Users/lin.zheng/AppData/Local/Temp\msdtadmin"

15:39:50 ERROR : Failed to call sync_sw_with_hw_change
Reason: ERROR: [Common 17-39] 'hsi::open_sw_design' failed due to earlier errors.

15:39:50 ERROR : Error updating BSP project MSS files.
15:39:50 INFO  : Updating hardware inferred compiler options for gpsImode_proj.
15:39:50 INFO  : Clearing existing target manager status.
15:39:59 INFO  : Connected to target on host '127.0.0.1' and port '3121'.
15:39:59 INFO  : 'targets -set -filter {jtag_cable_name =~ "Digilent Zed 210248686573" && level==0} -index 1' command is executed.
15:40:02 INFO  : FPGA configured successfully with bitstream "F:/lynn.zheng/vivado_learing/gpsImode_Proj/gpsImode_Proj.sdk/gpsImode_hw/gpsImode_wrapper.bit"
15:40:44 ERROR : (XSDB Server)ERROR: [Hsi 55-1558] Software Design system system is not found

15:40:44 ERROR :  [Common 17-39] 'hsi::current_sw_design' failed due to earlier errors.
15:40:44 ERROR : (XSDB Server)ERROR: [Hsi 55-1558] Software Design system system is not found

15:40:44 INFO  : Unable to read in MSS file F:\lynn.zheng\vivado_learing\gpsImode_Proj\gpsImode_Proj.sdk\gpsImode_proj_bsp\system.mss : null
15:40:45 ERROR : Failed to closesw "F:/lynn.zheng/vivado_learing/gpsImode_Proj/gpsImode_Proj.sdk/gpsImode_proj_bsp/system.mss"
Reason: Cannot close sw design 'F:/lynn.zheng/vivado_learing/gpsImode_Proj/gpsImode_Proj.sdk/gpsImode_proj_bsp/system.mss'.
Design is not opened in the current session.


15:40:52 INFO  : ps7_init is completed.
15:40:52 INFO  : ps7_post_config is completed.
15:40:53 INFO  : Processor reset is completed for ps7_cortexa9_0
15:43:03 INFO  : Processor reset is completed for ps7_cortexa9_0
15:47:11 ERROR : (XSDB Server)ERROR: [Hsi 55-1558] Software Design system system is not found

15:47:11 ERROR :  [Common 17-39] 'hsi::current_sw_design' failed due to earlier errors.
15:47:11 ERROR : (XSDB Server)ERROR: [Hsi 55-1558] Software Design system system is not found

15:47:11 INFO  : Unable to read in MSS file F:\lynn.zheng\vivado_learing\gpsImode_Proj\gpsImode_Proj.sdk\gpsImode_proj_bsp\system.mss : null
15:47:11 ERROR : (XSDB Server)ERROR: [Hsi 55-1558] Software Design system system is not found

15:47:11 ERROR : (XSDB Server)ERROR: [Hsi 55-1558] Software Design system system is not found

15:47:11 ERROR :  [Common 17-39] 'hsi::current_sw_design' failed due to earlier errors.
15:47:11 ERROR : (XSDB Server)ERROR: [Hsi 55-1558] Software Design system system is not found

15:47:11 INFO  : Unable to read in MSS file F:\lynn.zheng\vivado_learing\gpsImode_Proj\gpsImode_Proj.sdk\gpsImode_proj_bsp\system.mss : null
15:47:11 ERROR : (XSDB Server)ERROR: [Hsi 55-1558] Software Design system system is not found

16:02:12 INFO  : SDK has detected change in the last modified timestamps for source hardware specification file Source:1480492909776,  Project:1480491551763
16:02:12 INFO  : Project gpsImode_hw's source hardware specification located at F:\lynn.zheng\vivado_learing\gpsImode_Proj\gpsImode_Proj.sdk\gpsImode_wrapper.hdf is now different from the local copy.
		 The local copy will be replaced with the source specification and your workspace will be updated.
16:02:17 INFO  : Copied contents of F:\lynn.zheng\vivado_learing\gpsImode_Proj\gpsImode_Proj.sdk\gpsImode_wrapper.hdf into \gpsImode_hw\system.hdf.
16:02:26 INFO  : Synchronizing projects in the workspace with the hardware platform specification changes.
16:02:31 ERROR : (XSDB Server)ERROR: [Hsi 55-1433] Error boost::filesystem::directory_iterator::construct: ¾Ü¾ø·ÃÎÊ¡£: "C:/Users/lin.zheng/AppData/Local/Temp\msdtadmin"

16:02:34 ERROR : Failed to call sync_sw_with_hw_change
Reason: ERROR: [Common 17-39] 'hsi::open_sw_design' failed due to earlier errors.

16:02:34 ERROR : Error updating BSP project MSS files.
16:02:34 INFO  : Updating hardware inferred compiler options for ImodeAndGps_proj.
16:02:35 INFO  : Updating hardware inferred compiler options for gpsImode_proj.
16:02:35 INFO  : Clearing existing target manager status.
16:07:17 ERROR : (XSDB Server)ERROR: [Hsi 55-1558] Software Design system system is not found

16:07:17 ERROR :  [Common 17-39] 'hsi::current_sw_design' failed due to earlier errors.
16:07:17 ERROR : (XSDB Server)ERROR: [Hsi 55-1558] Software Design system system is not found

16:07:17 INFO  : Unable to read in MSS file F:\lynn.zheng\vivado_learing\gpsImode_Proj\gpsImode_Proj.sdk\gpsImode_proj_bsp\system.mss : null
16:07:17 ERROR : (XSDB Server)ERROR: [Hsi 55-1558] Software Design system system is not found

16:07:17 ERROR : (XSDB Server)ERROR: [Hsi 55-1558] Software Design system system is not found

16:07:17 ERROR : Failed to get_connected_periphs
Reason: ERROR: [Common 17-55] 'get_property' expects at least one object.
Resolution: If [get_<value>] was used to populate the object, check to make sure this command returns at least one valid object.

16:07:22 ERROR : (XSDB Server)ERROR: [Hsi 55-1558] Software Design system_0 system_0 is not found

16:07:22 ERROR :  [Common 17-39] 'hsi::current_sw_design' failed due to earlier errors.
16:07:22 ERROR : (XSDB Server)ERROR: [Hsi 55-1558] Software Design system_0 system_0 is not found

16:07:22 INFO  : Unable to read in MSS file F:\lynn.zheng\vivado_learing\gpsImode_Proj\gpsImode_Proj.sdk\ImodeAndGps_bsp\system.mss : null
16:07:28 ERROR : (XSDB Server)ERROR: [Hsi 55-1558] Software Design system_0 system_0 is not found

16:07:28 ERROR :  [Common 17-39] 'hsi::current_sw_design' failed due to earlier errors.
16:07:28 ERROR : (XSDB Server)ERROR: [Hsi 55-1558] Software Design system_0 system_0 is not found

16:07:28 INFO  : Unable to read in MSS file F:\lynn.zheng\vivado_learing\gpsImode_Proj\gpsImode_Proj.sdk\ImodeAndGps_bsp\system.mss : null
16:07:43 ERROR : (XSDB Server)ERROR: [Hsi 55-1558] Software Design system_0 system_0 is not found

16:07:43 ERROR :  [Common 17-39] 'hsi::current_sw_design' failed due to earlier errors.
16:07:43 ERROR : (XSDB Server)ERROR: [Hsi 55-1558] Software Design system_0 system_0 is not found

16:07:43 INFO  : Unable to read in MSS file F:\lynn.zheng\vivado_learing\gpsImode_Proj\gpsImode_Proj.sdk\ImodeAndGps_bsp\system.mss : null
16:07:47 ERROR : (XSDB Server)ERROR: [Hsi 55-1558] Software Design system_0 system_0 is not found

16:07:47 ERROR :  [Common 17-39] 'hsi::current_sw_design' failed due to earlier errors.
16:07:47 ERROR : (XSDB Server)ERROR: [Hsi 55-1558] Software Design system_0 system_0 is not found

16:07:47 INFO  : Unable to read in MSS file F:\lynn.zheng\vivado_learing\gpsImode_Proj\gpsImode_Proj.sdk\ImodeAndGps_bsp\system.mss : null
16:07:47 ERROR : Unexpected error occurred during generating bsp sources
java.lang.reflect.InvocationTargetException
	at org.eclipse.jface.operation.ModalContext.run(ModalContext.java:420)
	at org.eclipse.jface.dialogs.ProgressMonitorDialog.run(ProgressMonitorDialog.java:500)
	at org.eclipse.ui.internal.progress.ProgressMonitorJobsDialog.run(ProgressMonitorJobsDialog.java:284)
	at org.eclipse.ui.internal.progress.ProgressManager$3.run(ProgressManager.java:997)
	at org.eclipse.swt.custom.BusyIndicator.showWhile(BusyIndicator.java:70)
	at org.eclipse.ui.internal.progress.ProgressManager.busyCursorWhile(ProgressManager.java:1032)
	at org.eclipse.ui.internal.progress.ProgressManager.busyCursorWhile(ProgressManager.java:1007)
	at org.eclipse.ui.internal.progress.ProgressManager.run(ProgressManager.java:1208)
	at com.xilinx.sdk.sw.ui.handlers.RegenBspSourcesHandler.execute(RegenBspSourcesHandler.java:124)
	at com.xilinx.sdk.sw.ui.internal.editors.MSSViewer$2.widgetSelected(MSSViewer.java:171)
	at org.eclipse.swt.widgets.TypedListener.handleEvent(TypedListener.java:248)
	at org.eclipse.swt.widgets.EventTable.sendEvent(EventTable.java:84)
	at org.eclipse.swt.widgets.Display.sendEvent(Display.java:4362)
	at org.eclipse.swt.widgets.Widget.sendEvent(Widget.java:1113)
	at org.eclipse.swt.widgets.Display.runDeferredEvents(Display.java:4180)
	at org.eclipse.swt.widgets.Display.readAndDispatch(Display.java:3769)
	at org.eclipse.e4.ui.internal.workbench.swt.PartRenderingEngine$4.run(PartRenderingEngine.java:1127)
	at org.eclipse.core.databinding.observable.Realm.runWithDefault(Realm.java:337)
	at org.eclipse.e4.ui.internal.workbench.swt.PartRenderingEngine.run(PartRenderingEngine.java:1018)
	at org.eclipse.e4.ui.internal.workbench.E4Workbench.createAndRunUI(E4Workbench.java:156)
	at org.eclipse.ui.internal.Workbench$5.run(Workbench.java:654)
	at org.eclipse.core.databinding.observable.Realm.runWithDefault(Realm.java:337)
	at org.eclipse.ui.internal.Workbench.createAndRunWorkbench(Workbench.java:598)
	at org.eclipse.ui.PlatformUI.createAndRunWorkbench(PlatformUI.java:150)
	at org.eclipse.ui.internal.ide.application.IDEApplication.start(IDEApplication.java:139)
	at org.eclipse.equinox.internal.app.EclipseAppHandle.run(EclipseAppHandle.java:196)
	at org.eclipse.core.runtime.internal.adaptor.EclipseAppLauncher.runApplication(EclipseAppLauncher.java:134)
	at org.eclipse.core.runtime.internal.adaptor.EclipseAppLauncher.start(EclipseAppLauncher.java:104)
	at org.eclipse.core.runtime.adaptor.EclipseStarter.run(EclipseStarter.java:380)
	at org.eclipse.core.runtime.adaptor.EclipseStarter.run(EclipseStarter.java:235)
	at sun.reflect.NativeMethodAccessorImpl.invoke0(Native Method)
	at sun.reflect.NativeMethodAccessorImpl.invoke(NativeMethodAccessorImpl.java:62)
	at sun.reflect.DelegatingMethodAccessorImpl.invoke(DelegatingMethodAccessorImpl.java:43)
	at java.lang.reflect.Method.invoke(Method.java:497)
	at org.eclipse.equinox.launcher.Main.invokeFramework(Main.java:669)
	at org.eclipse.equinox.launcher.Main.basicRun(Main.java:608)
	at org.eclipse.equinox.launcher.Main.run(Main.java:1515)
Caused by: java.lang.IllegalArgumentException: Path must include project and resource name: /ImodeAndGps_bsp
	at org.eclipse.core.runtime.Assert.isLegal(Assert.java:63)
	at org.eclipse.core.internal.resources.Workspace.newResource(Workspace.java:2069)
	at org.eclipse.core.internal.resources.Container.getFolder(Container.java:196)
	at com.xilinx.sdk.sw.ui.handlers.RegenBspSourcesHandler.internalGenerateBsp(RegenBspSourcesHandler.java:169)
	at com.xilinx.sdk.sw.ui.handlers.RegenBspSourcesHandler.access$2(RegenBspSourcesHandler.java:163)
	at com.xilinx.sdk.sw.ui.handlers.RegenBspSourcesHandler$1$1.run(RegenBspSourcesHandler.java:131)
	at org.eclipse.core.internal.resources.Workspace.run(Workspace.java:2241)
	at com.xilinx.sdk.sw.ui.handlers.RegenBspSourcesHandler$1.run(RegenBspSourcesHandler.java:135)
	at org.eclipse.jface.operation.ModalContext$ModalContextThread.run(ModalContext.java:119)
16:08:00 ERROR : Unexpected error while parsing XMD response ?: com.google.gson.JsonSyntaxException: com.google.gson.stream.MalformedJsonException: invalid number or unquoted string near 
16:09:49 INFO  : Launching XSDB server: xsdb.bat -interactive F:\lynn.zheng\vivado_learing\gpsImode_Proj\gpsImode_Proj.sdk\temp_xsdb_launch_script.tcl
16:09:53 INFO  : XSDB server has started successfully.
16:11:04 INFO  : Refreshed build settings on project ImodeAndGps_proj
16:14:57 INFO  : Connected to target on host '127.0.0.1' and port '3121'.
16:14:57 INFO  : 'targets -set -filter {jtag_cable_name =~ "Digilent Zed 210248686573" && level==0} -index 1' command is executed.
16:14:59 INFO  : FPGA configured successfully with bitstream "F:/lynn.zheng/vivado_learing/gpsImode_Proj/gpsImode_Proj.sdk/gpsImode_hw/gpsImode_wrapper.bit"
16:15:14 WARN  : Unable to obtain port 2350 for use by XMD, java.net.SocketException: Unrecognized Windows Sockets error: 0: JVM_Bind
16:15:20 INFO  : ps7_init is completed.
16:15:20 INFO  : ps7_post_config is completed.
16:15:20 INFO  : Processor reset is completed for ps7_cortexa9_0
16:15:58 INFO  : Processor reset is completed for ps7_cortexa9_0
16:17:03 INFO  : Processor reset is completed for ps7_cortexa9_0
16:18:54 INFO  : Processor reset is completed for ps7_cortexa9_0
17:01:26 INFO  : Processor reset is completed for ps7_cortexa9_0
17:05:41 ERROR : Checking FPGA configuration failed..Connection to Board Failed


    Unknown Error Occured
    Cable is not powered-on

17:05:41 ERROR : Unexpected error while launching program.
com.xilinx.sdk.targetmanager.TMException: Connection to Board Failed


    Unknown Error Occured
    Cable is not powered-on

	at com.xilinx.sdk.targetmanager.internal.TM.isFPGAConfigured(TM.java:374)
	at com.xilinx.sdk.debug.core.XilinxAppLaunchConfigurationDelegate.isFpgaConfigured(XilinxAppLaunchConfigurationDelegate.java:409)
	at com.xilinx.sdk.debug.core.XilinxAppLaunchConfigurationDelegate.launch(XilinxAppLaunchConfigurationDelegate.java:303)
	at com.xilinx.sdk.debug.ui.XilinxAppLaunchDelegateWrapper.launch(XilinxAppLaunchDelegateWrapper.java:31)
	at org.eclipse.debug.internal.core.LaunchConfiguration.launch(LaunchConfiguration.java:885)
	at org.eclipse.debug.internal.core.LaunchConfiguration.launch(LaunchConfiguration.java:739)
	at org.eclipse.debug.internal.ui.DebugUIPlugin.buildAndLaunch(DebugUIPlugin.java:1039)
	at org.eclipse.debug.internal.ui.DebugUIPlugin$8.run(DebugUIPlugin.java:1256)
	at org.eclipse.core.internal.jobs.Worker.run(Worker.java:55)
17:05:48 INFO  : Connected to target on host '127.0.0.1' and port '3121'.
17:05:48 INFO  : 'targets -set -filter {jtag_cable_name =~ "Digilent Zed 210248686573" && level==0} -index 1' command is executed.
17:05:51 INFO  : FPGA configured successfully with bitstream "F:/lynn.zheng/vivado_learing/gpsImode_Proj/gpsImode_Proj.sdk/gpsImode_hw/gpsImode_wrapper.bit"
17:06:02 INFO  : ps7_init is completed.
17:06:02 INFO  : ps7_post_config is completed.
17:06:02 INFO  : Processor reset is completed for ps7_cortexa9_0
17:36:30 INFO  : SDK has detected change in the last modified timestamps for source hardware specification file Source:1480498576440,  Project:1480492909776
17:36:30 INFO  : Project gpsImode_hw's source hardware specification located at F:\lynn.zheng\vivado_learing\gpsImode_Proj\gpsImode_Proj.sdk\gpsImode_wrapper.hdf is now different from the local copy.
		 The local copy will be replaced with the source specification and your workspace will be updated.
17:36:31 INFO  : Copied contents of F:\lynn.zheng\vivado_learing\gpsImode_Proj\gpsImode_Proj.sdk\gpsImode_wrapper.hdf into \gpsImode_hw\system.hdf.
17:36:40 INFO  : Synchronizing projects in the workspace with the hardware platform specification changes.
17:36:45 ERROR : (XSDB Server)ERROR: [Hsi 55-1433] Error boost::filesystem::directory_iterator::construct: ¾Ü¾ø·ÃÎÊ¡£: "C:/Users/lin.zheng/AppData/Local/Temp\msdtadmin"

17:36:48 ERROR : Failed to call sync_sw_with_hw_change
Reason: ERROR: [Common 17-39] 'hsi::open_sw_design' failed due to earlier errors.

17:36:48 ERROR : Error updating BSP project MSS files.
17:36:49 INFO  : Updating hardware inferred compiler options for ImodeAndGps_proj.
17:36:50 INFO  : Updating hardware inferred compiler options for gpsImode_proj.
17:36:50 INFO  : Clearing existing target manager status.
17:36:50 INFO  : Closing and re-opening the MSS file of ther project gpsImode_proj_bsp
17:36:52 INFO  : Closing and re-opening the MSS file of ther project gpsImode_proj_bsp
17:36:52 INFO  : Workspace synchronized with the new hardware specification file. Cleaning dependent projects...
17:36:56 WARN  : Linker script will not be updated automatically. Users need to update it manually.
17:38:08 INFO  : Connected to target on host '127.0.0.1' and port '3121'.
17:38:08 INFO  : 'targets -set -filter {jtag_cable_name =~ "Digilent Zed 210248686573" && level==0} -index 1' command is executed.
17:38:11 INFO  : FPGA configured successfully with bitstream "F:/lynn.zheng/vivado_learing/gpsImode_Proj/gpsImode_Proj.sdk/gpsImode_hw/gpsImode_wrapper.bit"
17:38:21 INFO  : ps7_init is completed.
17:38:21 INFO  : ps7_post_config is completed.
17:38:21 INFO  : Processor reset is completed for ps7_cortexa9_0
17:40:37 ERROR : (XSDB Server)ERROR: [Hsi 55-1558] Software Design system system is not found

17:40:37 ERROR :  [Common 17-39] 'hsi::current_sw_design' failed due to earlier errors.
17:40:37 ERROR : (XSDB Server)ERROR: [Hsi 55-1558] Software Design system system is not found

17:40:37 INFO  : Unable to read in MSS file F:\lynn.zheng\vivado_learing\gpsImode_Proj\gpsImode_Proj.sdk\ImodeAndGps_bsp\system.mss : null
17:40:37 ERROR : (XSDB Server)ERROR: [Hsi 55-1558] Software Design system system is not found

17:40:37 ERROR : (XSDB Server)ERROR: [Hsi 55-1558] Software Design system system is not found

17:40:37 ERROR : Failed to get_connected_periphs
Reason: ERROR: [Common 17-55] 'get_property' expects at least one object.
Resolution: If [get_<value>] was used to populate the object, check to make sure this command returns at least one valid object.

17:40:55 INFO  : Connected to target on host '127.0.0.1' and port '3121'.
17:40:55 INFO  : 'targets -set -filter {jtag_cable_name =~ "Digilent Zed 210248686573" && level==0} -index 1' command is executed.
17:40:57 INFO  : FPGA configured successfully with bitstream "F:/lynn.zheng/vivado_learing/gpsImode_Proj/gpsImode_Proj.sdk/gpsImode_hw/gpsImode_wrapper.bit"
17:40:58 ERROR : (XSDB Server)ERROR: [Hsi 55-1558] Software Design system system is not found

17:40:58 ERROR :  [Common 17-39] 'hsi::current_sw_design' failed due to earlier errors.
17:40:58 ERROR : (XSDB Server)ERROR: [Hsi 55-1558] Software Design system system is not found

17:40:58 INFO  : Unable to read in MSS file F:\lynn.zheng\vivado_learing\gpsImode_Proj\gpsImode_Proj.sdk\ImodeAndGps_bsp\system.mss : null
17:40:58 ERROR : Failed to closesw "F:/lynn.zheng/vivado_learing/gpsImode_Proj/gpsImode_Proj.sdk/ImodeAndGps_bsp/system.mss"
Reason: Cannot close sw design 'F:/lynn.zheng/vivado_learing/gpsImode_Proj/gpsImode_Proj.sdk/ImodeAndGps_bsp/system.mss'.
Design is not opened in the current session.


17:41:03 INFO  : ps7_init is completed.
17:41:03 INFO  : ps7_post_config is completed.
17:41:03 INFO  : Processor reset is completed for ps7_cortexa9_0
17:42:47 ERROR : Unexpected error while parsing XMD response ?: com.google.gson.JsonSyntaxException: com.google.gson.stream.MalformedJsonException: invalid number or unquoted string near 
14:10:39 INFO  : Launching XSDB server: xsdb.bat -interactive C:\Users\Lin\Desktop\gpsImode_Proj\gpsImode_Proj.sdk\temp_xsdb_launch_script.tcl
14:10:41 INFO  : XSDB server has started successfully.
14:12:15 ERROR : (XSDB Server)R6025
- pure virtual function call

14:12:23 INFO  : Launching XSDB server: xsdb.bat -interactive C:\Users\Lin\Desktop\gpsImode_Proj\gpsImode_Proj.sdk\temp_xsdb_launch_script.tcl
14:12:24 INFO  : XSDB server has started successfully.
14:13:06 INFO  : Project 'gpsImode_hw1' created. You can now create BSPs and application projects targeting this hardware platform.
14:13:33 INFO  : Connected to target on host '127.0.0.1' and port '3121'.
14:13:34 INFO  : 'targets -set -filter {jtag_cable_name =~ "Digilent Zed 210248686573" && level==0} -index 1' command is executed.
14:13:36 INFO  : FPGA configured successfully with bitstream "C:/Users/Lin/Desktop/gpsImode_Proj/gpsImode_Proj.sdk/gpsImode_hw1/gpsImode_wrapper.bit"
14:14:07 INFO  : ps7_init is completed.
14:14:07 INFO  : ps7_post_config is completed.
14:14:08 INFO  : Processor reset is completed for ps7_cortexa9_0
14:15:07 ERROR : Unexpected error while parsing XMD response ?: com.google.gson.JsonSyntaxException: com.google.gson.stream.MalformedJsonException: invalid number or unquoted string near 
14:29:47 INFO  : Launching XSDB server: xsdb.bat -interactive C:\Users\Lin\Desktop\gpsImode_Proj\gpsImode_Proj.sdk\temp_xsdb_launch_script.tcl
14:29:48 INFO  : XSDB server has started successfully.
14:30:07 INFO  : Connected to target on host '127.0.0.1' and port '3121'.
14:30:11 INFO  : 'targets -set -filter {jtag_cable_name =~ "Digilent Zed 210248686573" && level==0} -index 1' command is executed.
14:30:13 INFO  : FPGA configured successfully with bitstream "C:/Users/Lin/Desktop/gpsImode_Proj/gpsImode_Proj.sdk/gpsImode_hw/gpsImode_wrapper.bit"
14:30:30 INFO  : Processor reset is completed for ps7_cortexa9_0
14:31:36 ERROR : Unexpected error while parsing XMD response ?: com.google.gson.JsonSyntaxException: com.google.gson.stream.MalformedJsonException: invalid number or unquoted string near 
14:42:58 INFO  : Launching XSDB server: xsdb.bat -interactive E:\Lin\vivado_learing\gpsImode_Proj\gpsImode_Proj.sdk\temp_xsdb_launch_script.tcl
14:42:59 INFO  : XSDB server has started successfully.
14:45:24 INFO  : Project 'gpsImode_hw2' created. You can now create BSPs and application projects targeting this hardware platform.
14:48:46 INFO  : Refreshed build settings on project ImodeGps_Proj
14:50:43 INFO  : Connected to target on host '127.0.0.1' and port '3121'.
14:50:43 INFO  : 'targets -set -filter {jtag_cable_name =~ "Digilent Zed 210248686573" && level==0} -index 1' command is executed.
14:50:46 INFO  : FPGA configured successfully with bitstream "E:/Lin/vivado_learing/gpsImode_Proj/gpsImode_Proj.sdk/gpsImode_hw2/gpsImode_wrapper.bit"
14:51:26 INFO  : ps7_init is completed.
14:51:26 INFO  : ps7_post_config is completed.
14:51:27 INFO  : Processor reset is completed for ps7_cortexa9_0
14:51:37 INFO  : Processor reset is completed for ps7_cortexa9_0
14:54:38 INFO  : Connected to target on host '127.0.0.1' and port '3121'.
14:54:53 INFO  : Connected to target on host '127.0.0.1' and port '3121'.
14:54:56 INFO  : 'targets -set -filter {jtag_cable_name =~ "Digilent Zed 210248686573" && level==0} -index 1' command is executed.
14:54:59 INFO  : FPGA configured successfully with bitstream "E:/Lin/vivado_learing/gpsImode_Proj/gpsImode_Proj.sdk/gpsImode_hw2/gpsImode_wrapper.bit"
14:55:04 INFO  : ps7_init is completed.
14:55:04 INFO  : ps7_post_config is completed.
14:55:05 INFO  : Processor reset is completed for ps7_cortexa9_0
14:57:37 INFO  : Connected to target on host '127.0.0.1' and port '3121'.
14:57:40 INFO  : 'targets -set -filter {jtag_cable_name =~ "Digilent Zed 210248686573" && level==0} -index 1' command is executed.
14:57:43 INFO  : FPGA configured successfully with bitstream "E:/Lin/vivado_learing/gpsImode_Proj/gpsImode_Proj.sdk/gpsImode_hw2/gpsImode_wrapper.bit"
14:57:48 INFO  : ps7_init is completed.
14:57:48 INFO  : ps7_post_config is completed.
14:57:49 INFO  : Processor reset is completed for ps7_cortexa9_0
15:06:09 INFO  : Connected to target on host '127.0.0.1' and port '3121'.
15:06:28 INFO  : Connected to target on host '127.0.0.1' and port '3121'.
15:06:34 INFO  : Connected to target on host '127.0.0.1' and port '3121'.
15:06:34 INFO  : 'targets -set -filter {jtag_cable_name =~ "Digilent Zed 210248686573" && level==0} -index 1' command is executed.
15:06:37 INFO  : FPGA configured successfully with bitstream "E:/Lin/vivado_learing/gpsImode_Proj/gpsImode_Proj.sdk/gpsImode_hw2/gpsImode_wrapper.bit"
15:06:44 INFO  : ps7_init is completed.
15:06:44 INFO  : ps7_post_config is completed.
15:06:44 INFO  : Processor reset is completed for ps7_cortexa9_0
15:09:55 INFO  : Processor reset is completed for ps7_cortexa9_0
15:11:27 INFO  : Time out for XMD transaction is 60000
If you want to increase the timeout value, goto Windows-> Preferences -> Xilinx SDK -> XMD Startup
15:11:27 ERROR : Timeout occured while waiting to get reply for command "xdisconnect 64"
15:11:27 ERROR : Disconnect target failed.
15:16:56 ERROR : Unexpected error while launching program.
java.lang.RuntimeException: Error while running ps7_init method.
No Target with ID 64 in the System


	at com.xilinx.sdk.targetmanager.internal.TM.run_ps7_init(TM.java:1089)
	at com.xilinx.sdk.debug.core.XilinxAppLaunchConfigurationDelegate.runTargetSetup(XilinxAppLaunchConfigurationDelegate.java:514)
	at com.xilinx.sdk.debug.core.XilinxAppLaunchConfigurationDelegate.runApplication(XilinxAppLaunchConfigurationDelegate.java:616)
	at com.xilinx.sdk.debug.core.XilinxAppLaunchConfigurationDelegate.launch(XilinxAppLaunchConfigurationDelegate.java:309)
	at com.xilinx.sdk.debug.ui.XilinxAppLaunchDelegateWrapper.launch(XilinxAppLaunchDelegateWrapper.java:31)
	at org.eclipse.debug.internal.core.LaunchConfiguration.launch(LaunchConfiguration.java:885)
	at org.eclipse.debug.internal.core.LaunchConfiguration.launch(LaunchConfiguration.java:739)
	at org.eclipse.debug.internal.ui.DebugUIPlugin.buildAndLaunch(DebugUIPlugin.java:1039)
	at org.eclipse.debug.internal.ui.DebugUIPlugin$8.run(DebugUIPlugin.java:1256)
	at org.eclipse.core.internal.jobs.Worker.run(Worker.java:55)
15:16:57 ERROR : Disconnect target failed.No Target with ID 64 in the System


15:17:10 ERROR : Unexpected error while launching program.
java.lang.RuntimeException: Error while running ps7_init method.
No Target with ID 64 in the System


	at com.xilinx.sdk.targetmanager.internal.TM.run_ps7_init(TM.java:1089)
	at com.xilinx.sdk.debug.core.XilinxAppLaunchConfigurationDelegate.runTargetSetup(XilinxAppLaunchConfigurationDelegate.java:514)
	at com.xilinx.sdk.debug.core.XilinxAppLaunchConfigurationDelegate.runApplication(XilinxAppLaunchConfigurationDelegate.java:616)
	at com.xilinx.sdk.debug.core.XilinxAppLaunchConfigurationDelegate.launch(XilinxAppLaunchConfigurationDelegate.java:309)
	at com.xilinx.sdk.debug.ui.XilinxAppLaunchDelegateWrapper.launch(XilinxAppLaunchDelegateWrapper.java:31)
	at org.eclipse.debug.internal.core.LaunchConfiguration.launch(LaunchConfiguration.java:885)
	at org.eclipse.debug.internal.core.LaunchConfiguration.launch(LaunchConfiguration.java:739)
	at org.eclipse.debug.internal.ui.DebugUIPlugin.buildAndLaunch(DebugUIPlugin.java:1039)
	at org.eclipse.debug.internal.ui.DebugUIPlugin$8.run(DebugUIPlugin.java:1256)
	at org.eclipse.core.internal.jobs.Worker.run(Worker.java:55)
15:17:10 ERROR : Disconnect target failed.No Target with ID 64 in the System


15:17:17 INFO  : FPGA Cable Disconnected. All active launches will be terminated.
15:17:17 ERROR : Disconnect target failed.No Target with ID 64 in the System


15:17:20 INFO  : Connected to target on host '127.0.0.1' and port '3121'.
15:17:27 INFO  : Connected to target on host '127.0.0.1' and port '3121'.
15:17:30 INFO  : 'targets -set -filter {jtag_cable_name =~ "Digilent Zed 210248686573" && level==0} -index 1' command is executed.
15:17:32 INFO  : FPGA configured successfully with bitstream "E:/Lin/vivado_learing/gpsImode_Proj/gpsImode_Proj.sdk/gpsImode_hw2/gpsImode_wrapper.bit"
15:17:38 ERROR : Checking FPGA configuration failed..Lost communication with jtag cable. Run "xdisconnect -cable"
                           and start over again


15:17:38 ERROR : Unexpected error while launching program.
com.xilinx.sdk.targetmanager.TMException: Lost communication with jtag cable. Run "xdisconnect -cable"
                           and start over again


	at com.xilinx.sdk.targetmanager.internal.TM.isFPGAConfigured(TM.java:374)
	at com.xilinx.sdk.debug.core.XilinxAppLaunchConfigurationDelegate.isFpgaConfigured(XilinxAppLaunchConfigurationDelegate.java:409)
	at com.xilinx.sdk.debug.core.XilinxAppLaunchConfigurationDelegate.launch(XilinxAppLaunchConfigurationDelegate.java:303)
	at com.xilinx.sdk.debug.ui.XilinxAppLaunchDelegateWrapper.launch(XilinxAppLaunchDelegateWrapper.java:31)
	at org.eclipse.debug.internal.core.LaunchConfiguration.launch(LaunchConfiguration.java:885)
	at org.eclipse.debug.internal.core.LaunchConfiguration.launch(LaunchConfiguration.java:739)
	at org.eclipse.debug.internal.ui.DebugUIPlugin.buildAndLaunch(DebugUIPlugin.java:1039)
	at org.eclipse.debug.internal.ui.DebugUIPlugin$8.run(DebugUIPlugin.java:1256)
	at org.eclipse.core.internal.jobs.Worker.run(Worker.java:55)
15:17:38 ERROR : Disconnect target failed.No Target with ID 64 in the System


15:17:46 ERROR : Disconnect target failed.No Target with ID 64 in the System


15:17:46 ERROR : Unable to disconnect from existing targets
java.lang.RuntimeException: No Target with ID 64 in the System


	at com.xilinx.sdk.targetmanager.internal.TM.disconnectTarget(TM.java:329)
	at com.xilinx.sdk.targetmanager.internal.TM.disconnectExistingTargets(TM.java:308)
	at com.xilinx.sdk.targetmanager.internal.TM.terminate(TM.java:212)
	at com.xilinx.sdk.targetmanager.TMPlugin.stop(TMPlugin.java:58)
	at org.eclipse.osgi.internal.framework.BundleContextImpl$4.run(BundleContextImpl.java:827)
	at org.eclipse.osgi.internal.framework.BundleContextImpl$4.run(BundleContextImpl.java:1)
	at java.security.AccessController.doPrivileged(Native Method)
	at org.eclipse.osgi.internal.framework.BundleContextImpl.stop(BundleContextImpl.java:820)
	at org.eclipse.osgi.internal.framework.EquinoxBundle.stopWorker0(EquinoxBundle.java:955)
	at org.eclipse.osgi.internal.framework.EquinoxBundle$EquinoxModule.stopWorker(EquinoxBundle.java:323)
	at org.eclipse.osgi.container.Module.doStop(Module.java:626)
	at org.eclipse.osgi.container.Module.stop(Module.java:488)
	at org.eclipse.osgi.container.ModuleContainer$ContainerStartLevel.decStartLevel(ModuleContainer.java:1623)
	at org.eclipse.osgi.container.ModuleContainer$ContainerStartLevel.doContainerStartLevel(ModuleContainer.java:1542)
	at org.eclipse.osgi.container.SystemModule.stopWorker(SystemModule.java:248)
	at org.eclipse.osgi.internal.framework.EquinoxBundle$SystemBundle$EquinoxSystemModule.stopWorker(EquinoxBundle.java:144)
	at org.eclipse.osgi.container.Module.doStop(Module.java:626)
	at org.eclipse.osgi.container.Module.stop(Module.java:488)
	at org.eclipse.osgi.container.SystemModule.stop(SystemModule.java:186)
	at org.eclipse.osgi.internal.framework.EquinoxBundle$SystemBundle$EquinoxSystemModule$1.run(EquinoxBundle.java:159)
	at java.lang.Thread.run(Thread.java:745)
15:17:46 ERROR : Unexpected error while parsing XMD response ?: com.google.gson.JsonSyntaxException: com.google.gson.stream.MalformedJsonException: invalid number or unquoted string near 
15:17:57 INFO  : Launching XSDB server: xsdb.bat -interactive E:\Lin\vivado_learing\gpsImode_Proj\gpsImode_Proj.sdk\temp_xsdb_launch_script.tcl
15:17:58 INFO  : XSDB server has started successfully.
15:18:12 INFO  : Connected to target on host '127.0.0.1' and port '3121'.
15:18:16 INFO  : 'targets -set -filter {jtag_cable_name =~ "Digilent Zed 210248686573" && level==0} -index 1' command is executed.
15:18:18 INFO  : FPGA configured successfully with bitstream "E:/Lin/vivado_learing/gpsImode_Proj/gpsImode_Proj.sdk/gpsImode_hw2/gpsImode_wrapper.bit"
15:18:44 INFO  : ps7_init is completed.
15:18:44 INFO  : ps7_post_config is completed.
15:18:44 INFO  : Processor reset is completed for ps7_cortexa9_0
15:19:03 INFO  : ps7_cortexa9_0 Processor is in use. Please stop existing Run or Debug sessions before launching.
15:19:05 INFO  : Processor reset is completed for ps7_cortexa9_0
15:26:37 INFO  : Processor reset is completed for ps7_cortexa9_0
15:31:56 INFO  : Processor reset is completed for ps7_cortexa9_0
15:33:07 INFO  : ps7_cortexa9_0 Processor is in use. Please stop existing Run or Debug sessions before launching.
15:33:14 INFO  : Processor reset is completed for ps7_cortexa9_0
15:39:08 INFO  : ps7_cortexa9_0 Processor is in use. Please stop existing Run or Debug sessions before launching.
15:39:10 INFO  : Processor reset is completed for ps7_cortexa9_0
15:46:52 INFO  : Processor reset is completed for ps7_cortexa9_0
15:47:34 INFO  : ps7_cortexa9_0 Processor is in use. Please stop existing Run or Debug sessions before launching.
15:48:38 ERROR : Checking FPGA configuration failed..Connection to Board Failed


    Unknown Error Occured
    Cable is not powered-on

15:48:38 ERROR : Unexpected error while launching program.
com.xilinx.sdk.targetmanager.TMException: Connection to Board Failed


    Unknown Error Occured
    Cable is not powered-on

	at com.xilinx.sdk.targetmanager.internal.TM.isFPGAConfigured(TM.java:374)
	at com.xilinx.sdk.debug.core.XilinxAppLaunchConfigurationDelegate.isFpgaConfigured(XilinxAppLaunchConfigurationDelegate.java:409)
	at com.xilinx.sdk.debug.core.XilinxAppLaunchConfigurationDelegate.launch(XilinxAppLaunchConfigurationDelegate.java:303)
	at com.xilinx.sdk.debug.ui.XilinxAppLaunchDelegateWrapper.launch(XilinxAppLaunchDelegateWrapper.java:31)
	at org.eclipse.debug.internal.core.LaunchConfiguration.launch(LaunchConfiguration.java:885)
	at org.eclipse.debug.internal.core.LaunchConfiguration.launch(LaunchConfiguration.java:739)
	at org.eclipse.debug.internal.ui.DebugUIPlugin.buildAndLaunch(DebugUIPlugin.java:1039)
	at org.eclipse.debug.internal.ui.DebugUIPlugin$8.run(DebugUIPlugin.java:1256)
	at org.eclipse.core.internal.jobs.Worker.run(Worker.java:55)
15:48:49 INFO  : ps7_init is completed.
15:48:49 INFO  : ps7_post_config is completed.
15:48:49 INFO  : Processor reset is completed for ps7_cortexa9_0
15:49:58 INFO  : ps7_cortexa9_0 Processor is in use. Please stop existing Run or Debug sessions before launching.
15:50:02 INFO  : Processor reset is completed for ps7_cortexa9_0
15:50:03 ERROR : Unexpected error while launching program.
java.lang.RuntimeException: Failed to download ELF file


    Could not stop the processor after reset


	at com.xilinx.sdk.targetmanager.internal.TM.downloadELF(TM.java:686)
	at com.xilinx.sdk.debug.core.internal.AppRunner.run(AppRunner.java:129)
	at com.xilinx.sdk.debug.core.XilinxAppLaunchConfigurationDelegate.runApplication(XilinxAppLaunchConfigurationDelegate.java:637)
	at com.xilinx.sdk.debug.core.XilinxAppLaunchConfigurationDelegate.launch(XilinxAppLaunchConfigurationDelegate.java:309)
	at com.xilinx.sdk.debug.ui.XilinxAppLaunchDelegateWrapper.launch(XilinxAppLaunchDelegateWrapper.java:31)
	at org.eclipse.debug.internal.core.LaunchConfiguration.launch(LaunchConfiguration.java:885)
	at org.eclipse.debug.internal.core.LaunchConfiguration.launch(LaunchConfiguration.java:739)
	at org.eclipse.debug.internal.ui.DebugUIPlugin.buildAndLaunch(DebugUIPlugin.java:1039)
	at org.eclipse.debug.internal.ui.DebugUIPlugin$8.run(DebugUIPlugin.java:1256)
	at org.eclipse.core.internal.jobs.Worker.run(Worker.java:55)
15:50:17 ERROR : Unexpected error while parsing XMD response ?: com.google.gson.JsonSyntaxException: com.google.gson.stream.MalformedJsonException: invalid number or unquoted string near 
15:51:00 INFO  : Launching XSDB server: xsdb.bat -interactive E:\Lin\vivado_learing\gpsImode_Proj\gpsImode_Proj.sdk\temp_xsdb_launch_script.tcl
15:51:01 INFO  : XSDB server has started successfully.
15:56:19 INFO  : ps7_init is completed.
15:56:19 INFO  : ps7_post_config is completed.
15:56:19 INFO  : Processor reset is completed for ps7_cortexa9_0
15:56:32 INFO  : ps7_cortexa9_0 Processor is in use. Please stop existing Run or Debug sessions before launching.
15:56:38 ERROR : Unexpected error while launching program.
java.lang.RuntimeException: Error while running ps7_init method.
Cannot perform the Debug Command

	at com.xilinx.sdk.targetmanager.internal.TM.run_ps7_init(TM.java:1089)
	at com.xilinx.sdk.debug.core.XilinxAppLaunchConfigurationDelegate.runTargetSetup(XilinxAppLaunchConfigurationDelegate.java:514)
	at com.xilinx.sdk.debug.core.XilinxAppLaunchConfigurationDelegate.runApplication(XilinxAppLaunchConfigurationDelegate.java:616)
	at com.xilinx.sdk.debug.core.XilinxAppLaunchConfigurationDelegate.launch(XilinxAppLaunchConfigurationDelegate.java:309)
	at com.xilinx.sdk.debug.ui.XilinxAppLaunchDelegateWrapper.launch(XilinxAppLaunchDelegateWrapper.java:31)
	at org.eclipse.debug.internal.core.LaunchConfiguration.launch(LaunchConfiguration.java:885)
	at org.eclipse.debug.internal.core.LaunchConfiguration.launch(LaunchConfiguration.java:739)
	at org.eclipse.debug.internal.ui.DebugUIPlugin.buildAndLaunch(DebugUIPlugin.java:1039)
	at org.eclipse.debug.internal.ui.DebugUIPlugin$8.run(DebugUIPlugin.java:1256)
	at org.eclipse.core.internal.jobs.Worker.run(Worker.java:55)
15:56:45 INFO  : Connected to target on host '127.0.0.1' and port '3121'.
15:56:48 INFO  : 'targets -set -filter {jtag_cable_name =~ "Digilent Zed 210248686573" && level==0} -index 1' command is executed.
15:56:50 INFO  : FPGA configured successfully with bitstream "E:/Lin/vivado_learing/gpsImode_Proj/gpsImode_Proj.sdk/gpsImode_hw2/gpsImode_wrapper.bit"
15:56:53 INFO  : ps7_init is completed.
15:56:54 INFO  : ps7_post_config is completed.
15:56:54 INFO  : Processor reset is completed for ps7_cortexa9_0
15:58:07 INFO  : Processor reset is completed for ps7_cortexa9_0
15:58:56 INFO  : Processor reset is completed for ps7_cortexa9_0
16:03:20 ERROR : Checking FPGA configuration failed..Connection to Board Failed


    Unknown Error Occured
    Cable is not powered-on

16:03:20 ERROR : Unexpected error while launching program.
com.xilinx.sdk.targetmanager.TMException: Connection to Board Failed


    Unknown Error Occured
    Cable is not powered-on

	at com.xilinx.sdk.targetmanager.internal.TM.isFPGAConfigured(TM.java:374)
	at com.xilinx.sdk.debug.core.XilinxAppLaunchConfigurationDelegate.isFpgaConfigured(XilinxAppLaunchConfigurationDelegate.java:409)
	at com.xilinx.sdk.debug.core.XilinxAppLaunchConfigurationDelegate.launch(XilinxAppLaunchConfigurationDelegate.java:303)
	at com.xilinx.sdk.debug.ui.XilinxAppLaunchDelegateWrapper.launch(XilinxAppLaunchDelegateWrapper.java:31)
	at org.eclipse.debug.internal.core.LaunchConfiguration.launch(LaunchConfiguration.java:885)
	at org.eclipse.debug.internal.core.LaunchConfiguration.launch(LaunchConfiguration.java:739)
	at org.eclipse.debug.internal.ui.DebugUIPlugin.buildAndLaunch(DebugUIPlugin.java:1039)
	at org.eclipse.debug.internal.ui.DebugUIPlugin$8.run(DebugUIPlugin.java:1256)
	at org.eclipse.core.internal.jobs.Worker.run(Worker.java:55)
16:03:45 INFO  : Connected to target on host '127.0.0.1' and port '3121'.
16:03:48 INFO  : 'targets -set -filter {jtag_cable_name =~ "Digilent Zed 210248686573" && level==0} -index 1' command is executed.
16:03:51 INFO  : FPGA configured successfully with bitstream "E:/Lin/vivado_learing/gpsImode_Proj/gpsImode_Proj.sdk/gpsImode_hw2/gpsImode_wrapper.bit"
16:03:58 INFO  : ps7_init is completed.
16:03:58 INFO  : ps7_post_config is completed.
16:03:58 INFO  : Processor reset is completed for ps7_cortexa9_0
16:19:06 ERROR : Unexpected error while parsing XMD response ?: com.google.gson.JsonSyntaxException: com.google.gson.stream.MalformedJsonException: invalid number or unquoted string near 
16:40:21 INFO  : Launching XSDB server: xsdb.bat -interactive E:\Lin\vivado_learing\gpsImode_Proj\gpsImode_Proj.sdk\temp_xsdb_launch_script.tcl
16:40:22 INFO  : XSDB server has started successfully.
16:44:56 INFO  : Refreshed build settings on project KaiImodeAndLynnGps
16:45:53 INFO  : Connected to target on host '127.0.0.1' and port '3121'.
16:45:54 INFO  : 'targets -set -filter {jtag_cable_name =~ "Digilent Zed 210248686573" && level==0} -index 1' command is executed.
16:45:57 INFO  : FPGA configured successfully with bitstream "E:/Lin/vivado_learing/gpsImode_Proj/gpsImode_Proj.sdk/gpsImode_hw2/gpsImode_wrapper.bit"
16:46:28 INFO  : Connected to target on host '127.0.0.1' and port '3121'.
16:46:31 INFO  : 'targets -set -filter {jtag_cable_name =~ "Digilent Zed 210248686573" && level==0} -index 1' command is executed.
16:46:34 INFO  : FPGA configured successfully with bitstream "E:/Lin/vivado_learing/gpsImode_Proj/gpsImode_Proj.sdk/gpsImode_hw2/gpsImode_wrapper.bit"
16:46:45 INFO  : ps7_init is completed.
16:46:46 INFO  : ps7_post_config is completed.
16:46:46 INFO  : Processor reset is completed for ps7_cortexa9_0
16:46:55 INFO  : Processor reset is completed for ps7_cortexa9_0
16:57:02 INFO  : Connected to target on host '127.0.0.1' and port '3121'.
16:57:02 INFO  : 'targets -set -filter {jtag_cable_name =~ "Digilent Zed 210248686573" && level==0} -index 1' command is executed.
16:57:04 INFO  : FPGA configured successfully with bitstream "E:/Lin/vivado_learing/gpsImode_Proj/gpsImode_Proj.sdk/gpsImode_hw2/gpsImode_wrapper.bit"
16:57:16 INFO  : ps7_init is completed.
16:57:16 INFO  : ps7_post_config is completed.
16:57:16 INFO  : Processor reset is completed for ps7_cortexa9_0
